2023-08-09 10:28:49,787 [INFO] Activator:176 - 


2023-08-09 10:28:49,790 [INFO] Activator:177 - !SESSION log4j initialized
2023-08-09 10:28:51,785 [INFO] LogOutputStream:77 - [STDOUT_REDIRECT] 
2023-08-09 10:28:52,685 [INFO] ApplicationProperties:184 - Using Application install path: C:\ST\STM32CubeIDE_1.12.1\STM32CubeIDE\plugins\com.st.stm32cube.common.mx_6.9.1.202307191849
2023-08-09 10:28:52,695 [INFO] DbMcusXml:78 - Set database path to: C:\ST\STM32CubeIDE_1.12.1\STM32CubeIDE\plugins\com.st.stm32cube.common.mx_6.9.1.202307191849\\db\/mcu/
2023-08-09 10:28:52,695 [INFO] ApiDb:274 - Set plugin database path to: C:\ST\STM32CubeIDE_1.12.1\STM32CubeIDE\plugins\com.st.stm32cube.common.mx_6.9.1.202307191849\\db\/plugins/boardmanager/
2023-08-09 10:28:52,696 [WARN] ApiDb:259 - Overriding images path with different value:  => C:\ST\STM32CubeIDE_1.12.1\STM32CubeIDE\plugins\com.st.stm32cube.common.mx_6.9.1.202307191849\\db\/plugins/mcufinder/images/
2023-08-09 10:28:52,701 [INFO] ApiDb:250 - Set database path to: C:\Users\angel\.stmcufinder\plugins\mcufinder//mcu/
2023-08-09 10:28:52,702 [INFO] DbMcusAds:125 - Set database path to: C:\Users\angel\.stmcufinder\plugins\mcufinder//mcu/
2023-08-09 10:28:52,703 [INFO] CrossReferenceDbSqlite:203 - Set database path to: C:\Users\angel\.stmcufinder\plugins\mcufinder//mcu/cs/
2023-08-09 10:28:52,774 [INFO] RulesReader:64 - Compatibility file has been processed (293 Rules)
2023-08-09 10:28:52,826 [INFO] DbMcusXml:78 - Set database path to: C:\ST\STM32CubeIDE_1.12.1\STM32CubeIDE\plugins\com.st.stm32cube.common.mx_6.9.1.202307191849\\db\/mcu/
2023-08-09 10:28:52,826 [INFO] ApiDb:274 - Set plugin database path to: C:\ST\STM32CubeIDE_1.12.1\STM32CubeIDE\plugins\com.st.stm32cube.common.mx_6.9.1.202307191849\\db\/plugins/boardmanager/
2023-08-09 10:28:52,826 [INFO] ApiDb:261 - Set plugin images path to: C:\ST\STM32CubeIDE_1.12.1\STM32CubeIDE\plugins\com.st.stm32cube.common.mx_6.9.1.202307191849\\db\/plugins/mcufinder/images/
2023-08-09 10:28:52,826 [WARN] DbFile:41 - Overriding database path with different value: C:\Users\angel\.stmcufinder\plugins\mcufinder/ => C:\Users\angel\.stmcufinder\plugins\mcufinder
2023-08-09 10:28:52,826 [INFO] ApiDb:250 - Set database path to: C:\Users\angel\.stmcufinder\plugins\mcufinder//mcu/
2023-08-09 10:28:52,826 [WARN] DbFile:41 - Overriding database path with different value: C:\Users\angel\.stmcufinder\plugins\mcufinder/ => C:\Users\angel\.stmcufinder\plugins\mcufinder
2023-08-09 10:28:52,826 [INFO] DbMcusAds:125 - Set database path to: C:\Users\angel\.stmcufinder\plugins\mcufinder//mcu/
2023-08-09 10:28:52,826 [WARN] DbFile:41 - Overriding database path with different value: C:\Users\angel\.stmcufinder\plugins\mcufinder/ => C:\Users\angel\.stmcufinder\plugins\mcufinder
2023-08-09 10:28:52,826 [WARN] DbFile:41 - Overriding database path with different value: C:\Users\angel\.stmcufinder\plugins\mcufinder/ => C:\Users\angel\.stmcufinder\plugins\mcufinder
2023-08-09 10:28:52,826 [INFO] CrossReferenceDbSqlite:203 - Set database path to: C:\Users\angel\.stmcufinder\plugins\mcufinder//mcu/cs/
2023-08-09 10:28:52,870 [INFO] MainPanel:262 - HeapMemory: 268435456
2023-08-09 10:28:52,922 [INFO] DbMcusXml:78 - Set database path to: C:\ST\STM32CubeIDE_1.12.1\STM32CubeIDE\plugins\com.st.stm32cube.common.mx_6.9.1.202307191849\\db\/mcu/
2023-08-09 10:28:52,922 [INFO] ApiDb:274 - Set plugin database path to: C:\ST\STM32CubeIDE_1.12.1\STM32CubeIDE\plugins\com.st.stm32cube.common.mx_6.9.1.202307191849\\db\/plugins/boardmanager/
2023-08-09 10:28:52,922 [INFO] ApiDb:261 - Set plugin images path to: C:\ST\STM32CubeIDE_1.12.1\STM32CubeIDE\plugins\com.st.stm32cube.common.mx_6.9.1.202307191849\\db\/plugins/mcufinder/images/
2023-08-09 10:28:52,922 [WARN] DbFile:41 - Overriding database path with different value: C:\Users\angel\.stmcufinder\plugins\mcufinder/ => C:\Users\angel\.stmcufinder\plugins\mcufinder
2023-08-09 10:28:52,922 [INFO] ApiDb:250 - Set database path to: C:\Users\angel\.stmcufinder\plugins\mcufinder//mcu/
2023-08-09 10:28:52,922 [WARN] DbFile:41 - Overriding database path with different value: C:\Users\angel\.stmcufinder\plugins\mcufinder/ => C:\Users\angel\.stmcufinder\plugins\mcufinder
2023-08-09 10:28:52,923 [INFO] DbMcusAds:125 - Set database path to: C:\Users\angel\.stmcufinder\plugins\mcufinder//mcu/
2023-08-09 10:28:52,923 [WARN] DbFile:41 - Overriding database path with different value: C:\Users\angel\.stmcufinder\plugins\mcufinder/ => C:\Users\angel\.stmcufinder\plugins\mcufinder
2023-08-09 10:28:52,923 [WARN] DbFile:41 - Overriding database path with different value: C:\Users\angel\.stmcufinder\plugins\mcufinder/ => C:\Users\angel\.stmcufinder\plugins\mcufinder
2023-08-09 10:28:52,923 [INFO] CrossReferenceDbSqlite:203 - Set database path to: C:\Users\angel\.stmcufinder\plugins\mcufinder//mcu/cs/
2023-08-09 10:28:52,934 [INFO] ApplicationProperties:184 - Using Application install path: C:\ST\STM32CubeIDE_1.12.1\STM32CubeIDE\plugins\com.st.stm32cube.common.mx_6.9.1.202307191849
2023-08-09 10:28:52,934 [INFO] PluginManage:196 - Search for loadable plugins [exclusion list=, ]
2023-08-09 10:28:52,935 [INFO] PluginManage:310 - Check plugin analytics
2023-08-09 10:28:53,039 [INFO] AnalyticsPlugin:253 - Accepted Software Licenses: STM32CubeMX.6.9.0
2023-08-09 10:28:53,040 [INFO] AnalyticsPlugin:255 - Accepted CMSIS Pack Licenses: STMicroelectronics.X-CUBE-MEMS1.9.6.0,STMicroelectronics.X-CUBE-MEMS1.9.5.0,STMicroelectronics.X-CUBE-BLE2.3.3.0,STMicroelectronics.X-CUBE-AI.8.0.1
2023-08-09 10:28:53,040 [INFO] AnalyticsPlugin:257 - Accepted Firmware Licenses: FW.G4.1.5.0,FW.L5.1.5.0,FW.F4.1.27.0
2023-08-09 10:28:53,041 [INFO] PluginManage:359 - Loaded plugin analytics (category:tool,tabindex:-1)
2023-08-09 10:28:53,041 [INFO] PluginManage:310 - Check plugin cadmodel
2023-08-09 10:28:53,044 [INFO] CADModel:105 - Init CAD model plugin
2023-08-09 10:28:53,044 [INFO] PluginManage:359 - Loaded plugin cadmodel (category:power,tabindex:5)
2023-08-09 10:28:53,044 [INFO] PluginManage:310 - Check plugin clock
2023-08-09 10:28:53,049 [INFO] PluginManage:359 - Loaded plugin clock (category:base,tabindex:2)
2023-08-09 10:28:53,049 [INFO] PluginManage:310 - Check plugin ddr
2023-08-09 10:28:53,050 [INFO] PluginManage:359 - Loaded plugin ddr (category:tool,tabindex:6)
2023-08-09 10:28:53,050 [INFO] PluginManage:310 - Check plugin filemanager
2023-08-09 10:28:53,114 [INFO] PluginManage:359 - Loaded plugin filemanager (category:base,tabindex:10)
2023-08-09 10:28:53,114 [INFO] PluginManage:310 - Check plugin ipmanager
2023-08-09 10:28:53,118 [INFO] PluginManage:359 - Loaded plugin ipmanager (category:base,tabindex:5)
2023-08-09 10:28:53,118 [INFO] PluginManage:310 - Check plugin lpbam
2023-08-09 10:28:53,123 [INFO] PluginManage:359 - Loaded plugin lpbam (category:base,tabindex:0)
2023-08-09 10:28:53,123 [INFO] PluginManage:310 - Check plugin memorymap
2023-08-09 10:28:53,128 [INFO] PluginManage:359 - Loaded plugin memorymap (category:base,tabindex:4)
2023-08-09 10:28:53,128 [INFO] PluginManage:310 - Check plugin pinoutandconfiguration
2023-08-09 10:28:53,131 [INFO] PluginManage:359 - Loaded plugin pinoutandconfiguration (category:base,tabindex:1)
2023-08-09 10:28:53,131 [INFO] PluginManage:310 - Check plugin pinoutconfig
2023-08-09 10:28:53,174 [WARN] SupportedApi:132 - Cannot load RTOS API schema: s4s-elt-must-match.1: The content of 'definitions' must match (annotation?, (simpleType | complexType)?, (unique | key | keyref)*)). A problem was found starting at: attribute.
2023-08-09 10:28:53,238 [INFO] PluginManage:359 - Loaded plugin pinoutconfig (category:base,tabindex:0)
2023-08-09 10:28:53,238 [INFO] PluginManage:310 - Check plugin power
2023-08-09 10:28:53,243 [INFO] PluginManage:359 - Loaded plugin power (category:power,tabindex:4)
2023-08-09 10:28:53,243 [INFO] PluginManage:310 - Check plugin projectmanager
2023-08-09 10:28:53,251 [INFO] PluginManage:359 - Loaded plugin projectmanager (category:projectmanager,tabindex:3)
2023-08-09 10:28:53,251 [INFO] PluginManage:310 - Check plugin thirdparty
2023-08-09 10:28:53,315 [INFO] PluginManage:359 - Loaded plugin thirdparty (category:base,tabindex:-1)
2023-08-09 10:28:53,315 [INFO] PluginManage:310 - Check plugin tools
2023-08-09 10:28:53,315 [WARN] IntegrityCheckThread:84 - waiting for thirdparty lock release [integrity check]
2023-08-09 10:28:53,315 [INFO] IntegrityCheckThread:86 - entering critical section [integrity check]
2023-08-09 10:28:53,316 [INFO] ThirdPartyUpdaterWithRetryManager:70 - Updater plugin not ready yet. [1/15]
2023-08-09 10:28:53,317 [INFO] PluginManage:359 - Loaded plugin tools (category:base,tabindex:7)
2023-08-09 10:28:53,317 [INFO] PluginManage:310 - Check plugin tutovideos
2023-08-09 10:28:53,403 [INFO] PluginManage:359 - Loaded plugin tutovideos (category:base,tabindex:-1)
2023-08-09 10:28:53,403 [INFO] PluginManage:310 - Check plugin updater
2023-08-09 10:28:53,409 [INFO] PluginManage:359 - Loaded plugin updater (category:base,tabindex:12)
2023-08-09 10:28:53,409 [INFO] PluginManage:310 - Check plugin userauth
2023-08-09 10:28:53,412 [INFO] UserAuth:113 - Init User Auth plugin
2023-08-09 10:28:53,412 [INFO] PluginManage:359 - Loaded plugin userauth (category:base,tabindex:14)
2023-08-09 10:28:53,412 [INFO] PluginManage:283 - PluginManage : Loaded plugins [17]
2023-08-09 10:28:53,554 [INFO] PinOutPanel:1499 - setPackage(No Configuration,No Configuration)
2023-08-09 10:28:53,620 [INFO] CADModel:165 - CPN selected for project level
2023-08-09 10:28:53,620 [INFO] CADModel:114 - Register for checkConnection events
2023-08-09 10:28:53,628 [INFO] IPUIPlugin:80 - create IPUIPlugin
2023-08-09 10:28:53,628 [INFO] PluginManager:220 - loadIPPluginJar : add adc
2023-08-09 10:28:53,629 [INFO] IPUIPlugin:80 - create IPUIPlugin
2023-08-09 10:28:53,629 [INFO] PluginManager:220 - loadIPPluginJar : add aes
2023-08-09 10:28:53,630 [INFO] IPUIPlugin:80 - create IPUIPlugin
2023-08-09 10:28:53,630 [INFO] PluginManager:220 - loadIPPluginJar : add can
2023-08-09 10:28:53,631 [INFO] IPUIPlugin:80 - create IPUIPlugin
2023-08-09 10:28:53,631 [INFO] PluginManager:220 - loadIPPluginJar : add comp
2023-08-09 10:28:53,632 [INFO] IPUIPlugin:80 - create IPUIPlugin
2023-08-09 10:28:53,632 [INFO] PluginManager:220 - loadIPPluginJar : add cryp
2023-08-09 10:28:53,633 [INFO] IPUIPlugin:80 - create IPUIPlugin
2023-08-09 10:28:53,633 [INFO] PluginManager:220 - loadIPPluginJar : add dfsdm
2023-08-09 10:28:53,637 [INFO] IPUIPlugin:80 - create IPUIPlugin
2023-08-09 10:28:53,637 [INFO] PluginManager:220 - loadIPPluginJar : add dma
2023-08-09 10:28:53,638 [INFO] IPUIPlugin:80 - create IPUIPlugin
2023-08-09 10:28:53,638 [INFO] PluginManager:220 - loadIPPluginJar : add dma3
2023-08-09 10:28:53,639 [INFO] IPUIPlugin:80 - create IPUIPlugin
2023-08-09 10:28:53,639 [INFO] PluginManager:220 - loadIPPluginJar : add fatfs
2023-08-09 10:28:53,641 [INFO] IPUIPlugin:80 - create IPUIPlugin
2023-08-09 10:28:53,641 [INFO] PluginManager:220 - loadIPPluginJar : add fmc
2023-08-09 10:28:53,643 [INFO] IPUIPlugin:80 - create IPUIPlugin
2023-08-09 10:28:53,643 [INFO] PluginManager:220 - loadIPPluginJar : add freertos
2023-08-09 10:28:53,645 [INFO] IPUIPlugin:80 - create IPUIPlugin
2023-08-09 10:28:53,645 [INFO] PluginManager:220 - loadIPPluginJar : add genericplugin
2023-08-09 10:28:53,645 [INFO] IPUIPlugin:80 - create IPUIPlugin
2023-08-09 10:28:53,645 [INFO] PluginManager:220 - loadIPPluginJar : add gfxmmu
2023-08-09 10:28:53,647 [INFO] IPUIPlugin:80 - create IPUIPlugin
2023-08-09 10:28:53,647 [INFO] PluginManager:220 - loadIPPluginJar : add gic
2023-08-09 10:28:53,649 [INFO] IPUIPlugin:80 - create IPUIPlugin
2023-08-09 10:28:53,649 [INFO] PluginManager:220 - loadIPPluginJar : add gpio
2023-08-09 10:28:53,650 [INFO] IPUIPlugin:80 - create IPUIPlugin
2023-08-09 10:28:53,651 [INFO] PluginManager:220 - loadIPPluginJar : add gtzc
2023-08-09 10:28:53,652 [INFO] IPUIPlugin:80 - create IPUIPlugin
2023-08-09 10:28:53,652 [INFO] PluginManager:220 - loadIPPluginJar : add hash
2023-08-09 10:28:53,653 [INFO] IPUIPlugin:80 - create IPUIPlugin
2023-08-09 10:28:53,653 [INFO] PluginManager:220 - loadIPPluginJar : add i2c
2023-08-09 10:28:53,654 [INFO] IPUIPlugin:80 - create IPUIPlugin
2023-08-09 10:28:53,654 [INFO] PluginManager:220 - loadIPPluginJar : add i2s
2023-08-09 10:28:53,655 [INFO] IPUIPlugin:80 - create IPUIPlugin
2023-08-09 10:28:53,655 [INFO] PluginManager:220 - loadIPPluginJar : add i3c
2023-08-09 10:28:53,657 [INFO] IPUIPlugin:80 - create IPUIPlugin
2023-08-09 10:28:53,657 [INFO] PluginManager:220 - loadIPPluginJar : add ipddr
2023-08-09 10:28:53,660 [INFO] IPUIPlugin:80 - create IPUIPlugin
2023-08-09 10:28:53,661 [INFO] PluginManager:220 - loadIPPluginJar : add linkedlist
2023-08-09 10:28:53,662 [INFO] IPUIPlugin:80 - create IPUIPlugin
2023-08-09 10:28:53,662 [INFO] PluginManager:220 - loadIPPluginJar : add lorawan
2023-08-09 10:28:53,662 [INFO] IPUIPlugin:80 - create IPUIPlugin
2023-08-09 10:28:53,662 [INFO] PluginManager:220 - loadIPPluginJar : add ltdc
2023-08-09 10:28:53,665 [INFO] IPUIPlugin:80 - create IPUIPlugin
2023-08-09 10:28:53,665 [INFO] PluginManager:220 - loadIPPluginJar : add mdma
2023-08-09 10:28:53,667 [INFO] IPUIPlugin:80 - create IPUIPlugin
2023-08-09 10:28:53,667 [INFO] PluginManager:220 - loadIPPluginJar : add nvic
2023-08-09 10:28:53,668 [INFO] IPUIPlugin:80 - create IPUIPlugin
2023-08-09 10:28:53,668 [INFO] PluginManager:220 - loadIPPluginJar : add opamp
2023-08-09 10:28:53,670 [INFO] IPUIPlugin:80 - create IPUIPlugin
2023-08-09 10:28:53,670 [INFO] PluginManager:220 - loadIPPluginJar : add openamp
2023-08-09 10:28:53,671 [INFO] IPUIPlugin:80 - create IPUIPlugin
2023-08-09 10:28:53,671 [INFO] PluginManager:220 - loadIPPluginJar : add pdm2pcm
2023-08-09 10:28:53,674 [INFO] IPUIPlugin:80 - create IPUIPlugin
2023-08-09 10:28:53,675 [INFO] PluginManager:220 - loadIPPluginJar : add plateformsettings
2023-08-09 10:28:53,676 [INFO] IPUIPlugin:80 - create IPUIPlugin
2023-08-09 10:28:53,676 [INFO] PluginManager:220 - loadIPPluginJar : add quadspi
2023-08-09 10:28:53,677 [INFO] IPUIPlugin:80 - create IPUIPlugin
2023-08-09 10:28:53,678 [INFO] PluginManager:220 - loadIPPluginJar : add resmgrutility
2023-08-09 10:28:53,679 [INFO] IPUIPlugin:80 - create IPUIPlugin
2023-08-09 10:28:53,679 [INFO] PluginManager:220 - loadIPPluginJar : add sai
2023-08-09 10:28:53,681 [INFO] IPUIPlugin:80 - create IPUIPlugin
2023-08-09 10:28:53,681 [INFO] PluginManager:220 - loadIPPluginJar : add spi
2023-08-09 10:28:53,683 [INFO] IPUIPlugin:80 - create IPUIPlugin
2023-08-09 10:28:53,683 [INFO] PluginManager:220 - loadIPPluginJar : add stm32_wpan
2023-08-09 10:28:53,684 [INFO] IPUIPlugin:80 - create IPUIPlugin
2023-08-09 10:28:53,684 [INFO] PluginManager:220 - loadIPPluginJar : add tim
2023-08-09 10:28:53,685 [INFO] IPUIPlugin:80 - create IPUIPlugin
2023-08-09 10:28:53,685 [INFO] PluginManager:220 - loadIPPluginJar : add touchsensing
2023-08-09 10:28:53,687 [INFO] IPUIPlugin:80 - create IPUIPlugin
2023-08-09 10:28:53,687 [INFO] PluginManager:220 - loadIPPluginJar : add tracer_emb
2023-08-09 10:28:53,688 [INFO] IPUIPlugin:80 - create IPUIPlugin
2023-08-09 10:28:53,688 [INFO] PluginManager:220 - loadIPPluginJar : add ts
2023-08-09 10:28:53,688 [INFO] IPUIPlugin:80 - create IPUIPlugin
2023-08-09 10:28:53,688 [INFO] PluginManager:220 - loadIPPluginJar : add tsc
2023-08-09 10:28:53,689 [INFO] IPUIPlugin:80 - create IPUIPlugin
2023-08-09 10:28:53,689 [INFO] PluginManager:220 - loadIPPluginJar : add ucpd
2023-08-09 10:28:53,690 [INFO] IPUIPlugin:80 - create IPUIPlugin
2023-08-09 10:28:53,690 [INFO] PluginManager:220 - loadIPPluginJar : add usart
2023-08-09 10:28:53,692 [INFO] IPUIPlugin:80 - create IPUIPlugin
2023-08-09 10:28:53,692 [INFO] PluginManager:220 - loadIPPluginJar : add usbx
2023-08-09 10:28:53,796 [INFO] CADModel:165 - CPN selected for project level
2023-08-09 10:28:53,796 [INFO] CADModel:114 - Register for checkConnection events
2023-08-09 10:28:53,796 [FATAL] Updater:308 - Updater called before beeing initialized
2023-08-09 10:28:53,796 [ERROR] CADModel:125 - Updater not yet initialized, retry later 
2023-08-09 10:28:53,906 [INFO] CADModel:165 - CPN selected for project level
2023-08-09 10:28:53,906 [INFO] CADModel:114 - Register for checkConnection events
2023-08-09 10:28:53,906 [FATAL] Updater:308 - Updater called before beeing initialized
2023-08-09 10:28:53,906 [ERROR] CADModel:125 - Updater not yet initialized, retry later 
2023-08-09 10:28:53,908 [FATAL] Updater:308 - Updater called before beeing initialized
2023-08-09 10:28:53,986 [FATAL] Updater:308 - Updater called before beeing initialized
2023-08-09 10:28:53,995 [INFO] DbMcusAds:53 - JSON generation date=Tue Mar 07 02:50:55 CST 2023 (1678179055114)
2023-08-09 10:28:53,995 [FATAL] Updater:308 - Updater called before beeing initialized
2023-08-09 10:28:54,023 [WARN] DetailPanel:346 - Failed to get advertising image, set to default
2023-08-09 10:28:54,123 [FATAL] Updater:308 - Updater called before beeing initialized
2023-08-09 10:28:54,124 [FATAL] Updater:308 - Updater called before beeing initialized
2023-08-09 10:28:54,124 [FATAL] Updater:308 - Updater called before beeing initialized
2023-08-09 10:28:54,124 [WARN] DetailPanel:346 - Failed to get advertising image, set to default
2023-08-09 10:28:54,125 [FATAL] Updater:308 - Updater called before beeing initialized
2023-08-09 10:28:54,157 [ERROR] Updater:1120 - MainUpdater not yet initialized. External WinMGr cannot be set.
2023-08-09 10:28:54,159 [INFO] Updater:1056 - Updater Version found : 6.9.1
2023-08-09 10:28:54,173 [INFO] ApplicationProperties:184 - Using Application install path: C:\ST\STM32CubeIDE_1.12.1\STM32CubeIDE\plugins\com.st.stm32cube.common.mx_6.9.1.202307191849
2023-08-09 10:28:54,742 [INFO] MainUpdater:2868 - connection check result : 10
2023-08-09 10:28:54,743 [INFO] MainUpdater:285 - Updater Check For Update Now.
2023-08-09 10:28:54,743 [INFO] MicroXplorer:498 - Change Database Version : DB.6.0.91
2023-08-09 10:28:54,746 [INFO] McuFinderGlobals:63 - Set McuFinder mode to 2 (CubeIDE integrated)
2023-08-09 10:28:54,746 [INFO] UserAuth:179 - activating auth plugin
2023-08-09 10:28:54,748 [INFO] UserAuth:393 - Internet connection configuration mode: 1
2023-08-09 10:28:54,760 [INFO] JxBrowserEngine:151 - Initiate JxBrowser Engine with user profile folder
2023-08-09 10:28:54,881 [INFO] CheckServerUpdateThread:120 - End of CheckServer Thread
2023-08-09 10:28:55,190 [INFO] WebApp:157 - Instantiating new browser for Auth
2023-08-09 10:28:55,495 [INFO] WebApp:753 - Register for checkConnection events
2023-08-09 10:28:55,495 [INFO] WebApp:390 - Apply proxy settings
2023-08-09 10:28:55,495 [INFO] WebApp:475 - Chromium requires no authentication
2023-08-09 10:28:55,500 [INFO] WebApp:418 - Direct internet connection detected
2023-08-09 10:28:55,599 [INFO] WebApp:188 - Starting web application
2023-08-09 10:28:55,599 [INFO] WebApp:520 - Web application path used C:\ST\STM32CubeIDE_1.12.1\STM32CubeIDE\plugins\com.st.stm32cube.common.mx_6.9.1.202307191849\db\plugins\mcufinder\reactClient1\index.html
2023-08-09 10:28:56,413 [WARN] PackLoader:240 - Cannot read IP mode file for STMicroelectronics.X-CUBE-SMBUS.2.1.0
2023-08-09 10:28:56,435 [WARN] PackLoader:240 - Cannot read IP mode file for STMicroelectronics.X-CUBE-AZRTOS-F7.1.1.0
2023-08-09 10:28:56,444 [WARN] PackLoader:240 - Cannot read IP mode file for STMicroelectronics.FP-SNS-MOTENV1.4.3.2
2023-08-09 10:28:56,449 [ERROR] RealEvaluatedCondition:428 - Found unsupported composite condition: CLASS='Data Exchange' GROUP='STM32_MetaDataManager'
2023-08-09 10:28:56,449 [ERROR] RealEvaluatedCondition:428 - Found unsupported composite condition: GROUP='STM32_MetaDataManager' CLASS='Data Exchange'
2023-08-09 10:28:56,450 [WARN] PackLoader:240 - Cannot read IP mode file for STMicroelectronics.FP-SNS-MOTENV1.4.3.1
2023-08-09 10:28:56,455 [WARN] PackLoader:240 - Cannot read IP mode file for STMicroelectronics.FP-SNS-FLIGHT1.5.0.1
2023-08-09 10:28:56,464 [WARN] PackLoader:240 - Cannot read IP mode file for STMicroelectronics.X-CUBE-BLE1.6.2.4
2023-08-09 10:28:56,469 [WARN] PackLoader:240 - Cannot read IP mode file for STMicroelectronics.FP-SNS-FLIGHT1.5.0.2
2023-08-09 10:28:56,479 [WARN] PackLoader:240 - Cannot read IP mode file for STMicroelectronics.X-CUBE-DISPLAY.3.0.0
2023-08-09 10:28:56,489 [WARN] PackLoader:240 - Cannot read IP mode file for emotas.I-CUBE-CANOPEN.1.3.0
2023-08-09 10:28:56,495 [WARN] PackLoader:240 - Cannot read IP mode file for STMicroelectronics.X-CUBE-TOUCHGFX.4.22.0
2023-08-09 10:28:56,506 [INFO] LogOutputStream:77 - [STDOUT_REDIRECT] 1 : Invalid condition id : UX_CORESTACK_Condition cause : null
2023-08-09 10:28:56,506 [INFO] LogOutputStream:77 - [STDOUT_REDIRECT] 1 : Invalid condition id : UX_CORESTACK_Condition cause : null
2023-08-09 10:28:56,507 [INFO] LogOutputStream:77 - [STDOUT_REDIRECT] 1 : Invalid condition id : UX_CORESTACK_Condition cause : null
2023-08-09 10:28:56,508 [INFO] LogOutputStream:77 - [STDOUT_REDIRECT] 1 : Invalid condition id : UX_CORESTACK_Condition cause : null
2023-08-09 10:28:56,509 [INFO] LogOutputStream:77 - [STDOUT_REDIRECT] 1 : Invalid condition id : UX_CORESTACK_Condition cause : null
2023-08-09 10:28:56,512 [WARN] PackLoader:240 - Cannot read IP mode file for STMicroelectronics.X-CUBE-AZRTOS-WL.2.0.0
2023-08-09 10:28:56,522 [WARN] PackLoader:240 - Cannot read IP mode file for WES.I-CUBE-Cesium.1.3.0
2023-08-09 10:28:56,528 [WARN] PackLoader:240 - Cannot read IP mode file for STMicroelectronics.X-CUBE-BLE2.3.3.0
2023-08-09 10:28:56,575 [WARN] PackLoader:240 - Cannot read IP mode file for STMicroelectronics.X-CUBE-TOUCHGFX.4.21.4
2023-08-09 10:28:56,579 [WARN] PackLoader:240 - Cannot read IP mode file for STMicroelectronics.X-CUBE-ALGOBUILD.1.3.0
2023-08-09 10:28:56,587 [WARN] PackLoader:240 - Cannot read IP mode file for STMicroelectronics.X-CUBE-AZRTOS-G0.1.1.0
2023-08-09 10:28:56,593 [WARN] PackLoader:240 - Cannot read IP mode file for STMicroelectronics.X-CUBE-NFC4.3.0.0
2023-08-09 10:28:56,598 [WARN] PackLoader:240 - Cannot read IP mode file for STMicroelectronics.FP-ATR-SIGFOX1.3.2.0
2023-08-09 10:28:56,616 [WARN] PackLoader:240 - Cannot read IP mode file for STMicroelectronics.X-CUBE-MEMS1.9.5.0
2023-08-09 10:28:56,723 [WARN] PackLoader:240 - Cannot read IP mode file for SEGGER.I-CUBE-embOS.1.3.1
2023-08-09 10:28:56,751 [WARN] PackLoader:240 - Cannot read IP mode file for STMicroelectronics.X-CUBE-GNSS1.6.0.0
2023-08-09 10:28:56,758 [WARN] PackLoader:240 - Cannot read IP mode file for STMicroelectronics.X-CUBE-AZRTOS-F4.1.1.0
2023-08-09 10:28:56,763 [WARN] PackLoader:240 - Cannot read IP mode file for wolfSSL.I-CUBE-wolfSSL.5.6.3
2023-08-09 10:28:56,765 [WARN] PackLoader:240 - Cannot read IP mode file for wolfSSL.I-CUBE-wolfSSL.5.6.0
2023-08-09 10:28:56,785 [WARN] PackLoader:240 - Cannot read IP mode file for STMicroelectronics.X-CUBE-MEMS1.9.6.0
2023-08-09 10:28:56,918 [WARN] PackLoader:240 - Cannot read IP mode file for emotas.I-CUBE-CANOPEN.1.1.3
2023-08-09 10:28:56,923 [WARN] PackLoader:240 - Cannot read IP mode file for STMicroelectronics.X-CUBE-BLEMGR.2.0.0
2023-08-09 10:28:56,931 [WARN] ConditionMgr:438 - getConditionDescription Invalid condition id : UX DEVICE CLASS RTOS Condition cause : null
2023-08-09 10:28:56,931 [WARN] ConditionMgr:438 - getConditionDescription Invalid condition id : UX DEVICE CLASS RTOS Condition cause : null
2023-08-09 10:28:56,933 [WARN] PackLoader:240 - Cannot read IP mode file for STMicroelectronics.X-CUBE-AZRTOS-H7.3.1.0
2023-08-09 10:28:56,934 [WARN] ConditionMgr:1039 - genDependencies : Invalid condition id : UX DEVICE CLASS RTOS Condition cause : null
2023-08-09 10:28:56,934 [WARN] ConditionMgr:1039 - genDependencies : Invalid condition id : UX DEVICE CLASS RTOS Condition cause : null
2023-08-09 10:28:56,934 [WARN] ConditionMgr:1039 - genDependencies : Invalid condition id : UX DEVICE CLASS RTOS Condition cause : null
2023-08-09 10:28:56,934 [WARN] ConditionMgr:1039 - genDependencies : Invalid condition id : UX DEVICE CLASS RTOS Condition cause : null
2023-08-09 10:28:56,934 [WARN] ConditionMgr:1039 - genDependencies : Invalid condition id : UX DEVICE CLASS RTOS Condition cause : null
2023-08-09 10:28:56,938 [WARN] PackLoader:240 - Cannot read IP mode file for STMicroelectronics.X-CUBE-NFC7.1.0.1
2023-08-09 10:28:56,942 [WARN] PackLoader:240 - Cannot read IP mode file for STMicroelectronics.X-CUBE-NFC7.1.0.0
2023-08-09 10:28:56,946 [WARN] PackLoader:240 - Cannot read IP mode file for STMicroelectronics.X-CUBE-EEPRMA1.4.1.0
2023-08-09 10:28:56,949 [WARN] PackLoader:240 - Cannot read IP mode file for STMicroelectronics.X-CUBE-AI.8.1.0
2023-08-09 10:28:56,957 [WARN] ConditionMgr:438 - getConditionDescription Invalid condition id : LAN8742 Phy interface Condition cause : null
2023-08-09 10:28:56,958 [WARN] PackLoader:240 - Cannot read IP mode file for STMicroelectronics.X-CUBE-AZRTOS-L4.2.0.0
2023-08-09 10:28:56,958 [WARN] ConditionMgr:1039 - genDependencies : Invalid condition id : LAN8742 Phy interface Condition cause : null
2023-08-09 10:28:56,958 [WARN] ConditionMgr:1039 - genDependencies : Invalid condition id : LAN8742 Phy interface Condition cause : null
2023-08-09 10:28:56,959 [WARN] ConditionMgr:1039 - genDependencies : Invalid condition id : LAN8742 Phy interface Condition cause : null
2023-08-09 10:28:56,964 [WARN] PackLoader:240 - Cannot read IP mode file for STMicroelectronics.X-CUBE-SFXS2LP1.4.0.0
2023-08-09 10:28:56,968 [WARN] PackLoader:240 - Cannot read IP mode file for STMicroelectronics.X-CUBE-ISPU.1.1.0
2023-08-09 10:28:56,971 [WARN] PackLoader:240 - Cannot read IP mode file for STMicroelectronics.X-CUBE-FREERTOS.1.0.1
2023-08-09 10:28:56,977 [WARN] PackLoader:240 - Cannot read IP mode file for STMicroelectronics.X-CUBE-AZRTOS-L5.1.1.0
2023-08-09 10:28:56,980 [WARN] PackLoader:240 - Cannot read IP mode file for STMicroelectronics.X-CUBE-AI.8.0.1
2023-08-09 10:28:56,998 [WARN] PackLoader:240 - Cannot read IP mode file for STMicroelectronics.X-CUBE-SUBG2.5.0.0
2023-08-09 10:28:57,004 [WARN] PackLoader:240 - Cannot read IP mode file for STMicroelectronics.X-CUBE-TOF1.3.3.1
2023-08-09 10:28:57,015 [WARN] PackLoader:240 - Cannot read IP mode file for STMicroelectronics.X-CUBE-AZRTOS-G4.2.0.0
2023-08-09 10:28:57,020 [WARN] PackLoader:240 - Cannot read IP mode file for STMicroelectronics.X-CUBE-TOF1.3.3.0
2023-08-09 10:28:57,028 [WARN] PackLoader:240 - Cannot read IP mode file for STMicroelectronics.X-CUBE-AZRTOS-WL.1.0.0
2023-08-09 10:28:57,032 [WARN] PackLoader:240 - Cannot read IP mode file for portGmbH.I-Cube-SoM-uGOAL.1.1.0
2023-08-09 10:28:57,034 [WARN] PackLoader:240 - Cannot read IP mode file for STMicroelectronics.X-CUBE-ALS.1.0.1
2023-08-09 10:28:57,039 [WARN] PackLoader:240 - Cannot read IP mode file for STMicroelectronics.X-CUBE-AZRTOS-WB.1.1.0
2023-08-09 10:28:57,042 [WARN] PackLoader:240 - Cannot read IP mode file for STMicroelectronics.FP-ATR-ASTRA1.2.0.0
2023-08-09 10:28:57,042 [INFO] ThirdParty:978 - Integrity check success = true
2023-08-09 10:28:57,043 [INFO] IntegrityCheckThread:100 - exiting critical section [integrity check]
2023-08-09 10:28:57,043 [INFO] IntegrityCheckThread:103 - End integrity checks thread
2023-08-09 10:29:16,108 [ERROR] LogOutputStream:75 - [STDERR_REDIRECT] SLF4J: Failed to load class "org.slf4j.impl.StaticLoggerBinder".
2023-08-09 10:29:16,108 [ERROR] LogOutputStream:75 - [STDERR_REDIRECT] SLF4J: Defaulting to no-operation (NOP) logger implementation
2023-08-09 10:29:16,109 [ERROR] LogOutputStream:75 - [STDERR_REDIRECT] SLF4J: See http://www.slf4j.org/codes.html#StaticLoggerBinder for further details.
2023-08-09 11:46:56,372 [ERROR] LogOutputStream:75 - [STDERR_REDIRECT] 
2023-08-09 12:02:30,518 [INFO] Activator:176 - 


2023-08-09 12:02:30,518 [INFO] Activator:177 - !SESSION log4j initialized
2023-08-09 12:02:34,334 [INFO] LogOutputStream:77 - [STDOUT_REDIRECT] 
2023-08-09 12:02:35,652 [INFO] ApplicationProperties:184 - Using Application install path: C:\ST\STM32CubeIDE_1.12.1\STM32CubeIDE\plugins\com.st.stm32cube.common.mx_6.9.1.202307191849
2023-08-09 12:02:35,665 [INFO] DbMcusXml:78 - Set database path to: C:\ST\STM32CubeIDE_1.12.1\STM32CubeIDE\plugins\com.st.stm32cube.common.mx_6.9.1.202307191849\\db\/mcu/
2023-08-09 12:02:35,666 [INFO] ApiDb:274 - Set plugin database path to: C:\ST\STM32CubeIDE_1.12.1\STM32CubeIDE\plugins\com.st.stm32cube.common.mx_6.9.1.202307191849\\db\/plugins/boardmanager/
2023-08-09 12:02:35,666 [WARN] ApiDb:259 - Overriding images path with different value:  => C:\ST\STM32CubeIDE_1.12.1\STM32CubeIDE\plugins\com.st.stm32cube.common.mx_6.9.1.202307191849\\db\/plugins/mcufinder/images/
2023-08-09 12:02:35,673 [INFO] ApiDb:250 - Set database path to: C:\Users\angel\.stmcufinder\plugins\mcufinder//mcu/
2023-08-09 12:02:35,673 [INFO] DbMcusAds:125 - Set database path to: C:\Users\angel\.stmcufinder\plugins\mcufinder//mcu/
2023-08-09 12:02:35,674 [INFO] CrossReferenceDbSqlite:203 - Set database path to: C:\Users\angel\.stmcufinder\plugins\mcufinder//mcu/cs/
2023-08-09 12:02:35,741 [INFO] RulesReader:64 - Compatibility file has been processed (293 Rules)
2023-08-09 12:02:35,807 [INFO] DbMcusXml:78 - Set database path to: C:\ST\STM32CubeIDE_1.12.1\STM32CubeIDE\plugins\com.st.stm32cube.common.mx_6.9.1.202307191849\\db\/mcu/
2023-08-09 12:02:35,807 [INFO] ApiDb:274 - Set plugin database path to: C:\ST\STM32CubeIDE_1.12.1\STM32CubeIDE\plugins\com.st.stm32cube.common.mx_6.9.1.202307191849\\db\/plugins/boardmanager/
2023-08-09 12:02:35,807 [INFO] ApiDb:261 - Set plugin images path to: C:\ST\STM32CubeIDE_1.12.1\STM32CubeIDE\plugins\com.st.stm32cube.common.mx_6.9.1.202307191849\\db\/plugins/mcufinder/images/
2023-08-09 12:02:35,807 [WARN] DbFile:41 - Overriding database path with different value: C:\Users\angel\.stmcufinder\plugins\mcufinder/ => C:\Users\angel\.stmcufinder\plugins\mcufinder
2023-08-09 12:02:35,807 [INFO] ApiDb:250 - Set database path to: C:\Users\angel\.stmcufinder\plugins\mcufinder//mcu/
2023-08-09 12:02:35,807 [WARN] DbFile:41 - Overriding database path with different value: C:\Users\angel\.stmcufinder\plugins\mcufinder/ => C:\Users\angel\.stmcufinder\plugins\mcufinder
2023-08-09 12:02:35,807 [INFO] DbMcusAds:125 - Set database path to: C:\Users\angel\.stmcufinder\plugins\mcufinder//mcu/
2023-08-09 12:02:35,807 [WARN] DbFile:41 - Overriding database path with different value: C:\Users\angel\.stmcufinder\plugins\mcufinder/ => C:\Users\angel\.stmcufinder\plugins\mcufinder
2023-08-09 12:02:35,807 [WARN] DbFile:41 - Overriding database path with different value: C:\Users\angel\.stmcufinder\plugins\mcufinder/ => C:\Users\angel\.stmcufinder\plugins\mcufinder
2023-08-09 12:02:35,807 [INFO] CrossReferenceDbSqlite:203 - Set database path to: C:\Users\angel\.stmcufinder\plugins\mcufinder//mcu/cs/
2023-08-09 12:02:35,863 [INFO] MainPanel:262 - HeapMemory: 268435456
2023-08-09 12:02:35,924 [INFO] DbMcusXml:78 - Set database path to: C:\ST\STM32CubeIDE_1.12.1\STM32CubeIDE\plugins\com.st.stm32cube.common.mx_6.9.1.202307191849\\db\/mcu/
2023-08-09 12:02:35,924 [INFO] ApiDb:274 - Set plugin database path to: C:\ST\STM32CubeIDE_1.12.1\STM32CubeIDE\plugins\com.st.stm32cube.common.mx_6.9.1.202307191849\\db\/plugins/boardmanager/
2023-08-09 12:02:35,924 [INFO] ApiDb:261 - Set plugin images path to: C:\ST\STM32CubeIDE_1.12.1\STM32CubeIDE\plugins\com.st.stm32cube.common.mx_6.9.1.202307191849\\db\/plugins/mcufinder/images/
2023-08-09 12:02:35,925 [WARN] DbFile:41 - Overriding database path with different value: C:\Users\angel\.stmcufinder\plugins\mcufinder/ => C:\Users\angel\.stmcufinder\plugins\mcufinder
2023-08-09 12:02:35,925 [INFO] ApiDb:250 - Set database path to: C:\Users\angel\.stmcufinder\plugins\mcufinder//mcu/
2023-08-09 12:02:35,925 [WARN] DbFile:41 - Overriding database path with different value: C:\Users\angel\.stmcufinder\plugins\mcufinder/ => C:\Users\angel\.stmcufinder\plugins\mcufinder
2023-08-09 12:02:35,925 [INFO] DbMcusAds:125 - Set database path to: C:\Users\angel\.stmcufinder\plugins\mcufinder//mcu/
2023-08-09 12:02:35,925 [WARN] DbFile:41 - Overriding database path with different value: C:\Users\angel\.stmcufinder\plugins\mcufinder/ => C:\Users\angel\.stmcufinder\plugins\mcufinder
2023-08-09 12:02:35,925 [WARN] DbFile:41 - Overriding database path with different value: C:\Users\angel\.stmcufinder\plugins\mcufinder/ => C:\Users\angel\.stmcufinder\plugins\mcufinder
2023-08-09 12:02:35,925 [INFO] CrossReferenceDbSqlite:203 - Set database path to: C:\Users\angel\.stmcufinder\plugins\mcufinder//mcu/cs/
2023-08-09 12:02:35,939 [INFO] ApplicationProperties:184 - Using Application install path: C:\ST\STM32CubeIDE_1.12.1\STM32CubeIDE\plugins\com.st.stm32cube.common.mx_6.9.1.202307191849
2023-08-09 12:02:35,940 [INFO] PluginManage:196 - Search for loadable plugins [exclusion list=, ]
2023-08-09 12:02:35,941 [INFO] PluginManage:310 - Check plugin analytics
2023-08-09 12:02:36,035 [INFO] AnalyticsPlugin:253 - Accepted Software Licenses: STM32CubeMX.6.9.0
2023-08-09 12:02:36,036 [INFO] AnalyticsPlugin:255 - Accepted CMSIS Pack Licenses: STMicroelectronics.X-CUBE-MEMS1.9.6.0,STMicroelectronics.X-CUBE-MEMS1.9.5.0,STMicroelectronics.X-CUBE-BLE2.3.3.0,STMicroelectronics.X-CUBE-AI.8.0.1
2023-08-09 12:02:36,036 [INFO] AnalyticsPlugin:257 - Accepted Firmware Licenses: FW.G4.1.5.0,FW.L5.1.5.0,FW.F4.1.27.0
2023-08-09 12:02:36,038 [INFO] PluginManage:359 - Loaded plugin analytics (category:tool,tabindex:-1)
2023-08-09 12:02:36,038 [INFO] PluginManage:310 - Check plugin cadmodel
2023-08-09 12:02:36,041 [INFO] CADModel:105 - Init CAD model plugin
2023-08-09 12:02:36,041 [INFO] PluginManage:359 - Loaded plugin cadmodel (category:power,tabindex:5)
2023-08-09 12:02:36,041 [INFO] PluginManage:310 - Check plugin clock
2023-08-09 12:02:36,047 [INFO] PluginManage:359 - Loaded plugin clock (category:base,tabindex:2)
2023-08-09 12:02:36,047 [INFO] PluginManage:310 - Check plugin ddr
2023-08-09 12:02:36,048 [INFO] PluginManage:359 - Loaded plugin ddr (category:tool,tabindex:6)
2023-08-09 12:02:36,048 [INFO] PluginManage:310 - Check plugin filemanager
2023-08-09 12:02:36,127 [INFO] PluginManage:359 - Loaded plugin filemanager (category:base,tabindex:10)
2023-08-09 12:02:36,127 [INFO] PluginManage:310 - Check plugin ipmanager
2023-08-09 12:02:36,134 [INFO] PluginManage:359 - Loaded plugin ipmanager (category:base,tabindex:5)
2023-08-09 12:02:36,134 [INFO] PluginManage:310 - Check plugin lpbam
2023-08-09 12:02:36,138 [INFO] PluginManage:359 - Loaded plugin lpbam (category:base,tabindex:0)
2023-08-09 12:02:36,138 [INFO] PluginManage:310 - Check plugin memorymap
2023-08-09 12:02:36,148 [INFO] PluginManage:359 - Loaded plugin memorymap (category:base,tabindex:4)
2023-08-09 12:02:36,148 [INFO] PluginManage:310 - Check plugin pinoutandconfiguration
2023-08-09 12:02:36,153 [INFO] PluginManage:359 - Loaded plugin pinoutandconfiguration (category:base,tabindex:1)
2023-08-09 12:02:36,153 [INFO] PluginManage:310 - Check plugin pinoutconfig
2023-08-09 12:02:36,204 [WARN] SupportedApi:132 - Cannot load RTOS API schema: s4s-elt-must-match.1: The content of 'definitions' must match (annotation?, (simpleType | complexType)?, (unique | key | keyref)*)). A problem was found starting at: attribute.
2023-08-09 12:02:36,287 [INFO] PluginManage:359 - Loaded plugin pinoutconfig (category:base,tabindex:0)
2023-08-09 12:02:36,287 [INFO] PluginManage:310 - Check plugin power
2023-08-09 12:02:36,292 [INFO] PluginManage:359 - Loaded plugin power (category:power,tabindex:4)
2023-08-09 12:02:36,292 [INFO] PluginManage:310 - Check plugin projectmanager
2023-08-09 12:02:36,301 [INFO] PluginManage:359 - Loaded plugin projectmanager (category:projectmanager,tabindex:3)
2023-08-09 12:02:36,301 [INFO] PluginManage:310 - Check plugin thirdparty
2023-08-09 12:02:36,382 [INFO] PluginManage:359 - Loaded plugin thirdparty (category:base,tabindex:-1)
2023-08-09 12:02:36,382 [INFO] PluginManage:310 - Check plugin tools
2023-08-09 12:02:36,382 [WARN] IntegrityCheckThread:84 - waiting for thirdparty lock release [integrity check]
2023-08-09 12:02:36,383 [INFO] IntegrityCheckThread:86 - entering critical section [integrity check]
2023-08-09 12:02:36,383 [INFO] ThirdPartyUpdaterWithRetryManager:70 - Updater plugin not ready yet. [1/15]
2023-08-09 12:02:36,385 [INFO] PluginManage:359 - Loaded plugin tools (category:base,tabindex:7)
2023-08-09 12:02:36,385 [INFO] PluginManage:310 - Check plugin tutovideos
2023-08-09 12:02:36,498 [INFO] PluginManage:359 - Loaded plugin tutovideos (category:base,tabindex:-1)
2023-08-09 12:02:36,498 [INFO] PluginManage:310 - Check plugin updater
2023-08-09 12:02:36,504 [INFO] PluginManage:359 - Loaded plugin updater (category:base,tabindex:12)
2023-08-09 12:02:36,504 [INFO] PluginManage:310 - Check plugin userauth
2023-08-09 12:02:36,507 [INFO] UserAuth:113 - Init User Auth plugin
2023-08-09 12:02:36,507 [INFO] PluginManage:359 - Loaded plugin userauth (category:base,tabindex:14)
2023-08-09 12:02:36,508 [INFO] PluginManage:283 - PluginManage : Loaded plugins [17]
2023-08-09 12:02:36,650 [INFO] PinOutPanel:1499 - setPackage(No Configuration,No Configuration)
2023-08-09 12:02:36,728 [INFO] CADModel:165 - CPN selected for project level
2023-08-09 12:02:36,728 [INFO] CADModel:114 - Register for checkConnection events
2023-08-09 12:02:36,738 [INFO] IPUIPlugin:80 - create IPUIPlugin
2023-08-09 12:02:36,739 [INFO] PluginManager:220 - loadIPPluginJar : add adc
2023-08-09 12:02:36,740 [INFO] IPUIPlugin:80 - create IPUIPlugin
2023-08-09 12:02:36,740 [INFO] PluginManager:220 - loadIPPluginJar : add aes
2023-08-09 12:02:36,741 [INFO] IPUIPlugin:80 - create IPUIPlugin
2023-08-09 12:02:36,741 [INFO] PluginManager:220 - loadIPPluginJar : add can
2023-08-09 12:02:36,742 [INFO] IPUIPlugin:80 - create IPUIPlugin
2023-08-09 12:02:36,742 [INFO] PluginManager:220 - loadIPPluginJar : add comp
2023-08-09 12:02:36,745 [INFO] IPUIPlugin:80 - create IPUIPlugin
2023-08-09 12:02:36,745 [INFO] PluginManager:220 - loadIPPluginJar : add cryp
2023-08-09 12:02:36,746 [INFO] IPUIPlugin:80 - create IPUIPlugin
2023-08-09 12:02:36,746 [INFO] PluginManager:220 - loadIPPluginJar : add dfsdm
2023-08-09 12:02:36,749 [INFO] IPUIPlugin:80 - create IPUIPlugin
2023-08-09 12:02:36,749 [INFO] PluginManager:220 - loadIPPluginJar : add dma
2023-08-09 12:02:36,750 [INFO] IPUIPlugin:80 - create IPUIPlugin
2023-08-09 12:02:36,750 [INFO] PluginManager:220 - loadIPPluginJar : add dma3
2023-08-09 12:02:36,751 [INFO] IPUIPlugin:80 - create IPUIPlugin
2023-08-09 12:02:36,751 [INFO] PluginManager:220 - loadIPPluginJar : add fatfs
2023-08-09 12:02:36,753 [INFO] IPUIPlugin:80 - create IPUIPlugin
2023-08-09 12:02:36,754 [INFO] PluginManager:220 - loadIPPluginJar : add fmc
2023-08-09 12:02:36,757 [INFO] IPUIPlugin:80 - create IPUIPlugin
2023-08-09 12:02:36,757 [INFO] PluginManager:220 - loadIPPluginJar : add freertos
2023-08-09 12:02:36,757 [INFO] IPUIPlugin:80 - create IPUIPlugin
2023-08-09 12:02:36,757 [INFO] PluginManager:220 - loadIPPluginJar : add genericplugin
2023-08-09 12:02:36,758 [INFO] IPUIPlugin:80 - create IPUIPlugin
2023-08-09 12:02:36,758 [INFO] PluginManager:220 - loadIPPluginJar : add gfxmmu
2023-08-09 12:02:36,761 [INFO] IPUIPlugin:80 - create IPUIPlugin
2023-08-09 12:02:36,761 [INFO] PluginManager:220 - loadIPPluginJar : add gic
2023-08-09 12:02:36,763 [INFO] IPUIPlugin:80 - create IPUIPlugin
2023-08-09 12:02:36,763 [INFO] PluginManager:220 - loadIPPluginJar : add gpio
2023-08-09 12:02:36,764 [INFO] IPUIPlugin:80 - create IPUIPlugin
2023-08-09 12:02:36,764 [INFO] PluginManager:220 - loadIPPluginJar : add gtzc
2023-08-09 12:02:36,766 [INFO] IPUIPlugin:80 - create IPUIPlugin
2023-08-09 12:02:36,766 [INFO] PluginManager:220 - loadIPPluginJar : add hash
2023-08-09 12:02:36,767 [INFO] IPUIPlugin:80 - create IPUIPlugin
2023-08-09 12:02:36,767 [INFO] PluginManager:220 - loadIPPluginJar : add i2c
2023-08-09 12:02:36,768 [INFO] IPUIPlugin:80 - create IPUIPlugin
2023-08-09 12:02:36,768 [INFO] PluginManager:220 - loadIPPluginJar : add i2s
2023-08-09 12:02:36,771 [INFO] IPUIPlugin:80 - create IPUIPlugin
2023-08-09 12:02:36,771 [INFO] PluginManager:220 - loadIPPluginJar : add i3c
2023-08-09 12:02:36,773 [INFO] IPUIPlugin:80 - create IPUIPlugin
2023-08-09 12:02:36,773 [INFO] PluginManager:220 - loadIPPluginJar : add ipddr
2023-08-09 12:02:36,777 [INFO] IPUIPlugin:80 - create IPUIPlugin
2023-08-09 12:02:36,777 [INFO] PluginManager:220 - loadIPPluginJar : add linkedlist
2023-08-09 12:02:36,779 [INFO] IPUIPlugin:80 - create IPUIPlugin
2023-08-09 12:02:36,779 [INFO] PluginManager:220 - loadIPPluginJar : add lorawan
2023-08-09 12:02:36,780 [INFO] IPUIPlugin:80 - create IPUIPlugin
2023-08-09 12:02:36,780 [INFO] PluginManager:220 - loadIPPluginJar : add ltdc
2023-08-09 12:02:36,783 [INFO] IPUIPlugin:80 - create IPUIPlugin
2023-08-09 12:02:36,783 [INFO] PluginManager:220 - loadIPPluginJar : add mdma
2023-08-09 12:02:36,785 [INFO] IPUIPlugin:80 - create IPUIPlugin
2023-08-09 12:02:36,786 [INFO] PluginManager:220 - loadIPPluginJar : add nvic
2023-08-09 12:02:36,787 [INFO] IPUIPlugin:80 - create IPUIPlugin
2023-08-09 12:02:36,787 [INFO] PluginManager:220 - loadIPPluginJar : add opamp
2023-08-09 12:02:36,788 [INFO] IPUIPlugin:80 - create IPUIPlugin
2023-08-09 12:02:36,788 [INFO] PluginManager:220 - loadIPPluginJar : add openamp
2023-08-09 12:02:36,790 [INFO] IPUIPlugin:80 - create IPUIPlugin
2023-08-09 12:02:36,790 [INFO] PluginManager:220 - loadIPPluginJar : add pdm2pcm
2023-08-09 12:02:36,795 [INFO] IPUIPlugin:80 - create IPUIPlugin
2023-08-09 12:02:36,797 [INFO] PluginManager:220 - loadIPPluginJar : add plateformsettings
2023-08-09 12:02:36,798 [INFO] IPUIPlugin:80 - create IPUIPlugin
2023-08-09 12:02:36,798 [INFO] PluginManager:220 - loadIPPluginJar : add quadspi
2023-08-09 12:02:36,800 [INFO] IPUIPlugin:80 - create IPUIPlugin
2023-08-09 12:02:36,800 [INFO] PluginManager:220 - loadIPPluginJar : add resmgrutility
2023-08-09 12:02:36,801 [INFO] IPUIPlugin:80 - create IPUIPlugin
2023-08-09 12:02:36,801 [INFO] PluginManager:220 - loadIPPluginJar : add sai
2023-08-09 12:02:36,802 [INFO] IPUIPlugin:80 - create IPUIPlugin
2023-08-09 12:02:36,802 [INFO] PluginManager:220 - loadIPPluginJar : add spi
2023-08-09 12:02:36,805 [INFO] IPUIPlugin:80 - create IPUIPlugin
2023-08-09 12:02:36,805 [INFO] PluginManager:220 - loadIPPluginJar : add stm32_wpan
2023-08-09 12:02:36,805 [INFO] IPUIPlugin:80 - create IPUIPlugin
2023-08-09 12:02:36,806 [INFO] PluginManager:220 - loadIPPluginJar : add tim
2023-08-09 12:02:36,812 [INFO] IPUIPlugin:80 - create IPUIPlugin
2023-08-09 12:02:36,812 [INFO] PluginManager:220 - loadIPPluginJar : add touchsensing
2023-08-09 12:02:36,813 [INFO] IPUIPlugin:80 - create IPUIPlugin
2023-08-09 12:02:36,813 [INFO] PluginManager:220 - loadIPPluginJar : add tracer_emb
2023-08-09 12:02:36,814 [INFO] IPUIPlugin:80 - create IPUIPlugin
2023-08-09 12:02:36,814 [INFO] PluginManager:220 - loadIPPluginJar : add ts
2023-08-09 12:02:36,814 [INFO] IPUIPlugin:80 - create IPUIPlugin
2023-08-09 12:02:36,814 [INFO] PluginManager:220 - loadIPPluginJar : add tsc
2023-08-09 12:02:36,816 [INFO] IPUIPlugin:80 - create IPUIPlugin
2023-08-09 12:02:36,816 [INFO] PluginManager:220 - loadIPPluginJar : add ucpd
2023-08-09 12:02:36,818 [INFO] IPUIPlugin:80 - create IPUIPlugin
2023-08-09 12:02:36,818 [INFO] PluginManager:220 - loadIPPluginJar : add usart
2023-08-09 12:02:36,819 [INFO] IPUIPlugin:80 - create IPUIPlugin
2023-08-09 12:02:36,820 [INFO] PluginManager:220 - loadIPPluginJar : add usbx
2023-08-09 12:02:36,941 [INFO] CADModel:165 - CPN selected for project level
2023-08-09 12:02:36,942 [INFO] CADModel:114 - Register for checkConnection events
2023-08-09 12:02:36,942 [FATAL] Updater:308 - Updater called before beeing initialized
2023-08-09 12:02:36,942 [ERROR] CADModel:125 - Updater not yet initialized, retry later 
2023-08-09 12:02:37,040 [INFO] CADModel:165 - CPN selected for project level
2023-08-09 12:02:37,041 [INFO] CADModel:114 - Register for checkConnection events
2023-08-09 12:02:37,041 [FATAL] Updater:308 - Updater called before beeing initialized
2023-08-09 12:02:37,041 [ERROR] CADModel:125 - Updater not yet initialized, retry later 
2023-08-09 12:02:37,043 [FATAL] Updater:308 - Updater called before beeing initialized
2023-08-09 12:02:37,103 [FATAL] Updater:308 - Updater called before beeing initialized
2023-08-09 12:02:37,105 [INFO] DbMcusAds:53 - JSON generation date=Tue Mar 07 02:50:55 CST 2023 (1678179055114)
2023-08-09 12:02:37,105 [FATAL] Updater:308 - Updater called before beeing initialized
2023-08-09 12:02:37,129 [WARN] DetailPanel:346 - Failed to get advertising image, set to default
2023-08-09 12:02:37,230 [FATAL] Updater:308 - Updater called before beeing initialized
2023-08-09 12:02:37,231 [FATAL] Updater:308 - Updater called before beeing initialized
2023-08-09 12:02:37,231 [FATAL] Updater:308 - Updater called before beeing initialized
2023-08-09 12:02:37,232 [WARN] DetailPanel:346 - Failed to get advertising image, set to default
2023-08-09 12:02:37,232 [FATAL] Updater:308 - Updater called before beeing initialized
2023-08-09 12:02:37,259 [ERROR] Updater:1120 - MainUpdater not yet initialized. External WinMGr cannot be set.
2023-08-09 12:02:37,260 [INFO] Updater:1056 - Updater Version found : 6.9.1
2023-08-09 12:02:37,270 [INFO] ApplicationProperties:184 - Using Application install path: C:\ST\STM32CubeIDE_1.12.1\STM32CubeIDE\plugins\com.st.stm32cube.common.mx_6.9.1.202307191849
2023-08-09 12:02:37,787 [INFO] MainUpdater:2868 - connection check result : 10
2023-08-09 12:02:37,787 [INFO] MainUpdater:285 - Updater Check For Update Now.
2023-08-09 12:02:37,787 [INFO] MicroXplorer:498 - Change Database Version : DB.6.0.91
2023-08-09 12:02:37,802 [INFO] McuFinderGlobals:63 - Set McuFinder mode to 2 (CubeIDE integrated)
2023-08-09 12:02:37,802 [INFO] UserAuth:179 - activating auth plugin
2023-08-09 12:02:37,811 [INFO] UserAuth:393 - Internet connection configuration mode: 1
2023-08-09 12:02:37,853 [INFO] JxBrowserEngine:151 - Initiate JxBrowser Engine with user profile folder
2023-08-09 12:02:37,993 [INFO] CheckServerUpdateThread:120 - End of CheckServer Thread
2023-08-09 12:02:39,019 [INFO] WebApp:157 - Instantiating new browser for Auth
2023-08-09 12:02:39,413 [INFO] WebApp:753 - Register for checkConnection events
2023-08-09 12:02:39,413 [INFO] WebApp:390 - Apply proxy settings
2023-08-09 12:02:39,413 [INFO] WebApp:475 - Chromium requires no authentication
2023-08-09 12:02:39,421 [INFO] WebApp:418 - Direct internet connection detected
2023-08-09 12:02:39,496 [WARN] PackLoader:240 - Cannot read IP mode file for STMicroelectronics.X-CUBE-SMBUS.2.1.0
2023-08-09 12:02:39,527 [WARN] PackLoader:240 - Cannot read IP mode file for STMicroelectronics.X-CUBE-AZRTOS-F7.1.1.0
2023-08-09 12:02:39,544 [WARN] PackLoader:240 - Cannot read IP mode file for STMicroelectronics.FP-SNS-MOTENV1.4.3.2
2023-08-09 12:02:39,549 [ERROR] RealEvaluatedCondition:428 - Found unsupported composite condition: CLASS='Data Exchange' GROUP='STM32_MetaDataManager'
2023-08-09 12:02:39,550 [ERROR] RealEvaluatedCondition:428 - Found unsupported composite condition: CLASS='Data Exchange' GROUP='STM32_MetaDataManager'
2023-08-09 12:02:39,550 [WARN] PackLoader:240 - Cannot read IP mode file for STMicroelectronics.FP-SNS-MOTENV1.4.3.1
2023-08-09 12:02:39,556 [WARN] PackLoader:240 - Cannot read IP mode file for STMicroelectronics.FP-SNS-FLIGHT1.5.0.1
2023-08-09 12:02:39,564 [WARN] PackLoader:240 - Cannot read IP mode file for STMicroelectronics.X-CUBE-BLE1.6.2.4
2023-08-09 12:02:39,566 [WARN] PackLoader:240 - Cannot read IP mode file for STMicroelectronics.FP-SNS-FLIGHT1.5.0.2
2023-08-09 12:02:39,572 [WARN] PackLoader:240 - Cannot read IP mode file for STMicroelectronics.X-CUBE-DISPLAY.3.0.0
2023-08-09 12:02:39,578 [WARN] PackLoader:240 - Cannot read IP mode file for emotas.I-CUBE-CANOPEN.1.3.0
2023-08-09 12:02:39,583 [WARN] PackLoader:240 - Cannot read IP mode file for STMicroelectronics.X-CUBE-TOUCHGFX.4.22.0
2023-08-09 12:02:39,591 [INFO] LogOutputStream:77 - [STDOUT_REDIRECT] 1 : Invalid condition id : UX_CORESTACK_Condition cause : null
2023-08-09 12:02:39,592 [INFO] LogOutputStream:77 - [STDOUT_REDIRECT] 1 : Invalid condition id : UX_CORESTACK_Condition cause : null
2023-08-09 12:02:39,593 [INFO] LogOutputStream:77 - [STDOUT_REDIRECT] 1 : Invalid condition id : UX_CORESTACK_Condition cause : null
2023-08-09 12:02:39,594 [INFO] LogOutputStream:77 - [STDOUT_REDIRECT] 1 : Invalid condition id : UX_CORESTACK_Condition cause : null
2023-08-09 12:02:39,595 [INFO] LogOutputStream:77 - [STDOUT_REDIRECT] 1 : Invalid condition id : UX_CORESTACK_Condition cause : null
2023-08-09 12:02:39,597 [WARN] PackLoader:240 - Cannot read IP mode file for STMicroelectronics.X-CUBE-AZRTOS-WL.2.0.0
2023-08-09 12:02:39,606 [WARN] PackLoader:240 - Cannot read IP mode file for WES.I-CUBE-Cesium.1.3.0
2023-08-09 12:02:39,611 [WARN] PackLoader:240 - Cannot read IP mode file for STMicroelectronics.X-CUBE-BLE2.3.3.0
2023-08-09 12:02:39,675 [WARN] PackLoader:240 - Cannot read IP mode file for STMicroelectronics.X-CUBE-TOUCHGFX.4.21.4
2023-08-09 12:02:39,679 [WARN] PackLoader:240 - Cannot read IP mode file for STMicroelectronics.X-CUBE-ALGOBUILD.1.3.0
2023-08-09 12:02:39,688 [WARN] PackLoader:240 - Cannot read IP mode file for STMicroelectronics.X-CUBE-AZRTOS-G0.1.1.0
2023-08-09 12:02:39,693 [WARN] PackLoader:240 - Cannot read IP mode file for STMicroelectronics.X-CUBE-NFC4.3.0.0
2023-08-09 12:02:39,698 [WARN] PackLoader:240 - Cannot read IP mode file for STMicroelectronics.FP-ATR-SIGFOX1.3.2.0
2023-08-09 12:02:39,723 [WARN] PackLoader:240 - Cannot read IP mode file for STMicroelectronics.X-CUBE-MEMS1.9.5.0
2023-08-09 12:02:39,740 [INFO] WebApp:188 - Starting web application
2023-08-09 12:02:39,740 [INFO] WebApp:520 - Web application path used C:\ST\STM32CubeIDE_1.12.1\STM32CubeIDE\plugins\com.st.stm32cube.common.mx_6.9.1.202307191849\db\plugins\mcufinder\reactClient1\index.html
2023-08-09 12:02:39,871 [WARN] PackLoader:240 - Cannot read IP mode file for SEGGER.I-CUBE-embOS.1.3.1
2023-08-09 12:02:39,914 [WARN] PackLoader:240 - Cannot read IP mode file for STMicroelectronics.X-CUBE-GNSS1.6.0.0
2023-08-09 12:02:39,925 [WARN] PackLoader:240 - Cannot read IP mode file for STMicroelectronics.X-CUBE-AZRTOS-F4.1.1.0
2023-08-09 12:02:39,933 [WARN] PackLoader:240 - Cannot read IP mode file for wolfSSL.I-CUBE-wolfSSL.5.6.3
2023-08-09 12:02:39,937 [WARN] PackLoader:240 - Cannot read IP mode file for wolfSSL.I-CUBE-wolfSSL.5.6.0
2023-08-09 12:02:39,971 [WARN] PackLoader:240 - Cannot read IP mode file for STMicroelectronics.X-CUBE-MEMS1.9.6.0
2023-08-09 12:02:40,125 [WARN] PackLoader:240 - Cannot read IP mode file for emotas.I-CUBE-CANOPEN.1.1.3
2023-08-09 12:02:40,132 [WARN] PackLoader:240 - Cannot read IP mode file for STMicroelectronics.X-CUBE-BLEMGR.2.0.0
2023-08-09 12:02:40,144 [WARN] ConditionMgr:438 - getConditionDescription Invalid condition id : UX DEVICE CLASS RTOS Condition cause : null
2023-08-09 12:02:40,144 [WARN] ConditionMgr:438 - getConditionDescription Invalid condition id : UX DEVICE CLASS RTOS Condition cause : null
2023-08-09 12:02:40,146 [WARN] PackLoader:240 - Cannot read IP mode file for STMicroelectronics.X-CUBE-AZRTOS-H7.3.1.0
2023-08-09 12:02:40,147 [WARN] ConditionMgr:1039 - genDependencies : Invalid condition id : UX DEVICE CLASS RTOS Condition cause : null
2023-08-09 12:02:40,147 [WARN] ConditionMgr:1039 - genDependencies : Invalid condition id : UX DEVICE CLASS RTOS Condition cause : null
2023-08-09 12:02:40,147 [WARN] ConditionMgr:1039 - genDependencies : Invalid condition id : UX DEVICE CLASS RTOS Condition cause : null
2023-08-09 12:02:40,148 [WARN] ConditionMgr:1039 - genDependencies : Invalid condition id : UX DEVICE CLASS RTOS Condition cause : null
2023-08-09 12:02:40,148 [WARN] ConditionMgr:1039 - genDependencies : Invalid condition id : UX DEVICE CLASS RTOS Condition cause : null
2023-08-09 12:02:40,153 [WARN] PackLoader:240 - Cannot read IP mode file for STMicroelectronics.X-CUBE-NFC7.1.0.1
2023-08-09 12:02:40,156 [WARN] PackLoader:240 - Cannot read IP mode file for STMicroelectronics.X-CUBE-NFC7.1.0.0
2023-08-09 12:02:40,160 [WARN] PackLoader:240 - Cannot read IP mode file for STMicroelectronics.X-CUBE-EEPRMA1.4.1.0
2023-08-09 12:02:40,165 [WARN] PackLoader:240 - Cannot read IP mode file for STMicroelectronics.X-CUBE-AI.8.1.0
2023-08-09 12:02:40,177 [WARN] ConditionMgr:438 - getConditionDescription Invalid condition id : LAN8742 Phy interface Condition cause : null
2023-08-09 12:02:40,177 [WARN] PackLoader:240 - Cannot read IP mode file for STMicroelectronics.X-CUBE-AZRTOS-L4.2.0.0
2023-08-09 12:02:40,178 [WARN] ConditionMgr:1039 - genDependencies : Invalid condition id : LAN8742 Phy interface Condition cause : null
2023-08-09 12:02:40,178 [WARN] ConditionMgr:1039 - genDependencies : Invalid condition id : LAN8742 Phy interface Condition cause : null
2023-08-09 12:02:40,179 [WARN] ConditionMgr:1039 - genDependencies : Invalid condition id : LAN8742 Phy interface Condition cause : null
2023-08-09 12:02:40,186 [WARN] PackLoader:240 - Cannot read IP mode file for STMicroelectronics.X-CUBE-SFXS2LP1.4.0.0
2023-08-09 12:02:40,190 [WARN] PackLoader:240 - Cannot read IP mode file for STMicroelectronics.X-CUBE-ISPU.1.1.0
2023-08-09 12:02:40,195 [WARN] PackLoader:240 - Cannot read IP mode file for STMicroelectronics.X-CUBE-FREERTOS.1.0.1
2023-08-09 12:02:40,207 [WARN] PackLoader:240 - Cannot read IP mode file for STMicroelectronics.X-CUBE-AZRTOS-L5.1.1.0
2023-08-09 12:02:40,213 [WARN] PackLoader:240 - Cannot read IP mode file for STMicroelectronics.X-CUBE-AI.8.0.1
2023-08-09 12:02:40,237 [WARN] PackLoader:240 - Cannot read IP mode file for STMicroelectronics.X-CUBE-SUBG2.5.0.0
2023-08-09 12:02:40,247 [WARN] PackLoader:240 - Cannot read IP mode file for STMicroelectronics.X-CUBE-TOF1.3.3.1
2023-08-09 12:02:40,261 [WARN] PackLoader:240 - Cannot read IP mode file for STMicroelectronics.X-CUBE-AZRTOS-G4.2.0.0
2023-08-09 12:02:40,268 [WARN] PackLoader:240 - Cannot read IP mode file for STMicroelectronics.X-CUBE-TOF1.3.3.0
2023-08-09 12:02:40,279 [WARN] PackLoader:240 - Cannot read IP mode file for STMicroelectronics.X-CUBE-AZRTOS-WL.1.0.0
2023-08-09 12:02:40,285 [WARN] PackLoader:240 - Cannot read IP mode file for portGmbH.I-Cube-SoM-uGOAL.1.1.0
2023-08-09 12:02:40,289 [WARN] PackLoader:240 - Cannot read IP mode file for STMicroelectronics.X-CUBE-ALS.1.0.1
2023-08-09 12:02:40,301 [WARN] PackLoader:240 - Cannot read IP mode file for STMicroelectronics.X-CUBE-AZRTOS-WB.1.1.0
2023-08-09 12:02:40,306 [WARN] PackLoader:240 - Cannot read IP mode file for STMicroelectronics.FP-ATR-ASTRA1.2.0.0
2023-08-09 12:02:40,307 [INFO] ThirdParty:978 - Integrity check success = true
2023-08-09 12:02:40,307 [INFO] IntegrityCheckThread:100 - exiting critical section [integrity check]
2023-08-09 12:02:40,307 [INFO] IntegrityCheckThread:103 - End integrity checks thread
2023-08-09 12:03:00,377 [ERROR] LogOutputStream:75 - [STDERR_REDIRECT] SLF4J: Failed to load class "org.slf4j.impl.StaticLoggerBinder".
2023-08-09 12:03:00,377 [ERROR] LogOutputStream:75 - [STDERR_REDIRECT] SLF4J: Defaulting to no-operation (NOP) logger implementation
2023-08-09 12:03:00,378 [ERROR] LogOutputStream:75 - [STDERR_REDIRECT] SLF4J: See http://www.slf4j.org/codes.html#StaticLoggerBinder for further details.
2023-08-09 13:02:07,593 [ERROR] LogOutputStream:75 - [STDERR_REDIRECT] 
