2023-08-10 07:19:11,971 [INFO] Activator:176 - 


2023-08-10 07:19:11,975 [INFO] Activator:177 - !SESSION log4j initialized
2023-08-10 07:19:16,609 [INFO] LogOutputStream:77 - [STDOUT_REDIRECT] 
2023-08-10 07:19:19,731 [INFO] ApplicationProperties:184 - Using Application install path: C:\ST\STM32CubeIDE_1.12.1\STM32CubeIDE\plugins\com.st.stm32cube.common.mx_6.9.1.202307191849
2023-08-10 07:19:19,745 [INFO] DbMcusXml:78 - Set database path to: C:\ST\STM32CubeIDE_1.12.1\STM32CubeIDE\plugins\com.st.stm32cube.common.mx_6.9.1.202307191849\\db\/mcu/
2023-08-10 07:19:19,745 [INFO] ApiDb:274 - Set plugin database path to: C:\ST\STM32CubeIDE_1.12.1\STM32CubeIDE\plugins\com.st.stm32cube.common.mx_6.9.1.202307191849\\db\/plugins/boardmanager/
2023-08-10 07:19:19,746 [WARN] ApiDb:259 - Overriding images path with different value:  => C:\ST\STM32CubeIDE_1.12.1\STM32CubeIDE\plugins\com.st.stm32cube.common.mx_6.9.1.202307191849\\db\/plugins/mcufinder/images/
2023-08-10 07:19:19,760 [INFO] ApiDb:250 - Set database path to: C:\Users\angel\.stmcufinder\plugins\mcufinder//mcu/
2023-08-10 07:19:19,761 [INFO] DbMcusAds:125 - Set database path to: C:\Users\angel\.stmcufinder\plugins\mcufinder//mcu/
2023-08-10 07:19:19,762 [INFO] CrossReferenceDbSqlite:203 - Set database path to: C:\Users\angel\.stmcufinder\plugins\mcufinder//mcu/cs/
2023-08-10 07:19:19,861 [INFO] RulesReader:64 - Compatibility file has been processed (293 Rules)
2023-08-10 07:19:19,934 [INFO] DbMcusXml:78 - Set database path to: C:\ST\STM32CubeIDE_1.12.1\STM32CubeIDE\plugins\com.st.stm32cube.common.mx_6.9.1.202307191849\\db\/mcu/
2023-08-10 07:19:19,934 [INFO] ApiDb:274 - Set plugin database path to: C:\ST\STM32CubeIDE_1.12.1\STM32CubeIDE\plugins\com.st.stm32cube.common.mx_6.9.1.202307191849\\db\/plugins/boardmanager/
2023-08-10 07:19:19,934 [INFO] ApiDb:261 - Set plugin images path to: C:\ST\STM32CubeIDE_1.12.1\STM32CubeIDE\plugins\com.st.stm32cube.common.mx_6.9.1.202307191849\\db\/plugins/mcufinder/images/
2023-08-10 07:19:19,934 [WARN] DbFile:41 - Overriding database path with different value: C:\Users\angel\.stmcufinder\plugins\mcufinder/ => C:\Users\angel\.stmcufinder\plugins\mcufinder
2023-08-10 07:19:19,934 [INFO] ApiDb:250 - Set database path to: C:\Users\angel\.stmcufinder\plugins\mcufinder//mcu/
2023-08-10 07:19:19,934 [WARN] DbFile:41 - Overriding database path with different value: C:\Users\angel\.stmcufinder\plugins\mcufinder/ => C:\Users\angel\.stmcufinder\plugins\mcufinder
2023-08-10 07:19:19,934 [INFO] DbMcusAds:125 - Set database path to: C:\Users\angel\.stmcufinder\plugins\mcufinder//mcu/
2023-08-10 07:19:19,934 [WARN] DbFile:41 - Overriding database path with different value: C:\Users\angel\.stmcufinder\plugins\mcufinder/ => C:\Users\angel\.stmcufinder\plugins\mcufinder
2023-08-10 07:19:19,935 [WARN] DbFile:41 - Overriding database path with different value: C:\Users\angel\.stmcufinder\plugins\mcufinder/ => C:\Users\angel\.stmcufinder\plugins\mcufinder
2023-08-10 07:19:19,935 [INFO] CrossReferenceDbSqlite:203 - Set database path to: C:\Users\angel\.stmcufinder\plugins\mcufinder//mcu/cs/
2023-08-10 07:19:20,000 [INFO] MainPanel:262 - HeapMemory: 268435456
2023-08-10 07:19:20,067 [INFO] DbMcusXml:78 - Set database path to: C:\ST\STM32CubeIDE_1.12.1\STM32CubeIDE\plugins\com.st.stm32cube.common.mx_6.9.1.202307191849\\db\/mcu/
2023-08-10 07:19:20,067 [INFO] ApiDb:274 - Set plugin database path to: C:\ST\STM32CubeIDE_1.12.1\STM32CubeIDE\plugins\com.st.stm32cube.common.mx_6.9.1.202307191849\\db\/plugins/boardmanager/
2023-08-10 07:19:20,067 [INFO] ApiDb:261 - Set plugin images path to: C:\ST\STM32CubeIDE_1.12.1\STM32CubeIDE\plugins\com.st.stm32cube.common.mx_6.9.1.202307191849\\db\/plugins/mcufinder/images/
2023-08-10 07:19:20,067 [WARN] DbFile:41 - Overriding database path with different value: C:\Users\angel\.stmcufinder\plugins\mcufinder/ => C:\Users\angel\.stmcufinder\plugins\mcufinder
2023-08-10 07:19:20,067 [INFO] ApiDb:250 - Set database path to: C:\Users\angel\.stmcufinder\plugins\mcufinder//mcu/
2023-08-10 07:19:20,067 [WARN] DbFile:41 - Overriding database path with different value: C:\Users\angel\.stmcufinder\plugins\mcufinder/ => C:\Users\angel\.stmcufinder\plugins\mcufinder
2023-08-10 07:19:20,067 [INFO] DbMcusAds:125 - Set database path to: C:\Users\angel\.stmcufinder\plugins\mcufinder//mcu/
2023-08-10 07:19:20,067 [WARN] DbFile:41 - Overriding database path with different value: C:\Users\angel\.stmcufinder\plugins\mcufinder/ => C:\Users\angel\.stmcufinder\plugins\mcufinder
2023-08-10 07:19:20,067 [WARN] DbFile:41 - Overriding database path with different value: C:\Users\angel\.stmcufinder\plugins\mcufinder/ => C:\Users\angel\.stmcufinder\plugins\mcufinder
2023-08-10 07:19:20,067 [INFO] CrossReferenceDbSqlite:203 - Set database path to: C:\Users\angel\.stmcufinder\plugins\mcufinder//mcu/cs/
2023-08-10 07:19:20,081 [INFO] ApplicationProperties:184 - Using Application install path: C:\ST\STM32CubeIDE_1.12.1\STM32CubeIDE\plugins\com.st.stm32cube.common.mx_6.9.1.202307191849
2023-08-10 07:19:20,082 [INFO] PluginManage:196 - Search for loadable plugins [exclusion list=, ]
2023-08-10 07:19:20,084 [INFO] PluginManage:310 - Check plugin analytics
2023-08-10 07:19:20,221 [INFO] AnalyticsPlugin:253 - Accepted Software Licenses: STM32CubeMX.6.9.0
2023-08-10 07:19:20,221 [INFO] AnalyticsPlugin:255 - Accepted CMSIS Pack Licenses: STMicroelectronics.X-CUBE-MEMS1.9.6.0,STMicroelectronics.X-CUBE-MEMS1.9.5.0,STMicroelectronics.X-CUBE-BLE2.3.3.0,STMicroelectronics.X-CUBE-AI.8.0.1
2023-08-10 07:19:20,221 [INFO] AnalyticsPlugin:257 - Accepted Firmware Licenses: FW.G4.1.5.0,FW.L5.1.5.0,FW.F4.1.27.0
2023-08-10 07:19:20,228 [INFO] PluginManage:359 - Loaded plugin analytics (category:tool,tabindex:-1)
2023-08-10 07:19:20,229 [INFO] PluginManage:310 - Check plugin cadmodel
2023-08-10 07:19:20,240 [INFO] CADModel:105 - Init CAD model plugin
2023-08-10 07:19:20,240 [INFO] PluginManage:359 - Loaded plugin cadmodel (category:power,tabindex:5)
2023-08-10 07:19:20,241 [INFO] PluginManage:310 - Check plugin clock
2023-08-10 07:19:20,254 [INFO] PluginManage:359 - Loaded plugin clock (category:base,tabindex:2)
2023-08-10 07:19:20,255 [INFO] PluginManage:310 - Check plugin ddr
2023-08-10 07:19:20,256 [INFO] PluginManage:359 - Loaded plugin ddr (category:tool,tabindex:6)
2023-08-10 07:19:20,256 [INFO] PluginManage:310 - Check plugin filemanager
2023-08-10 07:19:20,366 [INFO] PluginManage:359 - Loaded plugin filemanager (category:base,tabindex:10)
2023-08-10 07:19:20,366 [INFO] PluginManage:310 - Check plugin ipmanager
2023-08-10 07:19:20,374 [INFO] PluginManage:359 - Loaded plugin ipmanager (category:base,tabindex:5)
2023-08-10 07:19:20,374 [INFO] PluginManage:310 - Check plugin lpbam
2023-08-10 07:19:20,389 [INFO] PluginManage:359 - Loaded plugin lpbam (category:base,tabindex:0)
2023-08-10 07:19:20,389 [INFO] PluginManage:310 - Check plugin memorymap
2023-08-10 07:19:20,409 [INFO] PluginManage:359 - Loaded plugin memorymap (category:base,tabindex:4)
2023-08-10 07:19:20,409 [INFO] PluginManage:310 - Check plugin pinoutandconfiguration
2023-08-10 07:19:20,422 [INFO] PluginManage:359 - Loaded plugin pinoutandconfiguration (category:base,tabindex:1)
2023-08-10 07:19:20,422 [INFO] PluginManage:310 - Check plugin pinoutconfig
2023-08-10 07:19:20,500 [WARN] SupportedApi:132 - Cannot load RTOS API schema: s4s-elt-must-match.1: The content of 'definitions' must match (annotation?, (simpleType | complexType)?, (unique | key | keyref)*)). A problem was found starting at: attribute.
2023-08-10 07:19:20,592 [INFO] PluginManage:359 - Loaded plugin pinoutconfig (category:base,tabindex:0)
2023-08-10 07:19:20,592 [INFO] PluginManage:310 - Check plugin power
2023-08-10 07:19:20,608 [INFO] PluginManage:359 - Loaded plugin power (category:power,tabindex:4)
2023-08-10 07:19:20,608 [INFO] PluginManage:310 - Check plugin projectmanager
2023-08-10 07:19:20,617 [INFO] PluginManage:359 - Loaded plugin projectmanager (category:projectmanager,tabindex:3)
2023-08-10 07:19:20,617 [INFO] PluginManage:310 - Check plugin thirdparty
2023-08-10 07:19:20,788 [INFO] PluginManage:359 - Loaded plugin thirdparty (category:base,tabindex:-1)
2023-08-10 07:19:20,789 [INFO] PluginManage:310 - Check plugin tools
2023-08-10 07:19:20,788 [WARN] IntegrityCheckThread:84 - waiting for thirdparty lock release [integrity check]
2023-08-10 07:19:20,789 [INFO] IntegrityCheckThread:86 - entering critical section [integrity check]
2023-08-10 07:19:20,789 [INFO] ThirdPartyUpdaterWithRetryManager:70 - Updater plugin not ready yet. [1/15]
2023-08-10 07:19:20,808 [INFO] PluginManage:359 - Loaded plugin tools (category:base,tabindex:7)
2023-08-10 07:19:20,808 [INFO] PluginManage:310 - Check plugin tutovideos
2023-08-10 07:19:20,949 [INFO] PluginManage:359 - Loaded plugin tutovideos (category:base,tabindex:-1)
2023-08-10 07:19:20,949 [INFO] PluginManage:310 - Check plugin updater
2023-08-10 07:19:20,959 [INFO] PluginManage:359 - Loaded plugin updater (category:base,tabindex:12)
2023-08-10 07:19:20,959 [INFO] PluginManage:310 - Check plugin userauth
2023-08-10 07:19:20,962 [INFO] UserAuth:113 - Init User Auth plugin
2023-08-10 07:19:20,962 [INFO] PluginManage:359 - Loaded plugin userauth (category:base,tabindex:14)
2023-08-10 07:19:20,963 [INFO] PluginManage:283 - PluginManage : Loaded plugins [17]
2023-08-10 07:19:21,133 [INFO] PinOutPanel:1499 - setPackage(No Configuration,No Configuration)
2023-08-10 07:19:21,215 [INFO] CADModel:165 - CPN selected for project level
2023-08-10 07:19:21,215 [INFO] CADModel:114 - Register for checkConnection events
2023-08-10 07:19:21,235 [INFO] IPUIPlugin:80 - create IPUIPlugin
2023-08-10 07:19:21,235 [INFO] PluginManager:220 - loadIPPluginJar : add adc
2023-08-10 07:19:21,256 [INFO] IPUIPlugin:80 - create IPUIPlugin
2023-08-10 07:19:21,256 [INFO] PluginManager:220 - loadIPPluginJar : add aes
2023-08-10 07:19:21,287 [INFO] IPUIPlugin:80 - create IPUIPlugin
2023-08-10 07:19:21,287 [INFO] PluginManager:220 - loadIPPluginJar : add can
2023-08-10 07:19:21,300 [INFO] IPUIPlugin:80 - create IPUIPlugin
2023-08-10 07:19:21,301 [INFO] PluginManager:220 - loadIPPluginJar : add comp
2023-08-10 07:19:21,319 [INFO] IPUIPlugin:80 - create IPUIPlugin
2023-08-10 07:19:21,319 [INFO] PluginManager:220 - loadIPPluginJar : add cryp
2023-08-10 07:19:21,336 [INFO] IPUIPlugin:80 - create IPUIPlugin
2023-08-10 07:19:21,336 [INFO] PluginManager:220 - loadIPPluginJar : add dfsdm
2023-08-10 07:19:21,346 [INFO] IPUIPlugin:80 - create IPUIPlugin
2023-08-10 07:19:21,346 [INFO] PluginManager:220 - loadIPPluginJar : add dma
2023-08-10 07:19:21,371 [INFO] IPUIPlugin:80 - create IPUIPlugin
2023-08-10 07:19:21,371 [INFO] PluginManager:220 - loadIPPluginJar : add dma3
2023-08-10 07:19:21,382 [INFO] IPUIPlugin:80 - create IPUIPlugin
2023-08-10 07:19:21,382 [INFO] PluginManager:220 - loadIPPluginJar : add fatfs
2023-08-10 07:19:21,409 [INFO] IPUIPlugin:80 - create IPUIPlugin
2023-08-10 07:19:21,409 [INFO] PluginManager:220 - loadIPPluginJar : add fmc
2023-08-10 07:19:21,421 [INFO] IPUIPlugin:80 - create IPUIPlugin
2023-08-10 07:19:21,421 [INFO] PluginManager:220 - loadIPPluginJar : add freertos
2023-08-10 07:19:21,432 [INFO] IPUIPlugin:80 - create IPUIPlugin
2023-08-10 07:19:21,432 [INFO] PluginManager:220 - loadIPPluginJar : add genericplugin
2023-08-10 07:19:21,485 [INFO] IPUIPlugin:80 - create IPUIPlugin
2023-08-10 07:19:21,485 [INFO] PluginManager:220 - loadIPPluginJar : add gfxmmu
2023-08-10 07:19:21,563 [INFO] IPUIPlugin:80 - create IPUIPlugin
2023-08-10 07:19:21,563 [INFO] PluginManager:220 - loadIPPluginJar : add gic
2023-08-10 07:19:21,573 [INFO] IPUIPlugin:80 - create IPUIPlugin
2023-08-10 07:19:21,573 [INFO] PluginManager:220 - loadIPPluginJar : add gpio
2023-08-10 07:19:21,628 [INFO] IPUIPlugin:80 - create IPUIPlugin
2023-08-10 07:19:21,628 [INFO] PluginManager:220 - loadIPPluginJar : add gtzc
2023-08-10 07:19:21,646 [INFO] IPUIPlugin:80 - create IPUIPlugin
2023-08-10 07:19:21,646 [INFO] PluginManager:220 - loadIPPluginJar : add hash
2023-08-10 07:19:21,677 [INFO] IPUIPlugin:80 - create IPUIPlugin
2023-08-10 07:19:21,677 [INFO] PluginManager:220 - loadIPPluginJar : add i2c
2023-08-10 07:19:21,700 [INFO] IPUIPlugin:80 - create IPUIPlugin
2023-08-10 07:19:21,700 [INFO] PluginManager:220 - loadIPPluginJar : add i2s
2023-08-10 07:19:21,724 [INFO] IPUIPlugin:80 - create IPUIPlugin
2023-08-10 07:19:21,724 [INFO] PluginManager:220 - loadIPPluginJar : add i3c
2023-08-10 07:19:21,796 [INFO] IPUIPlugin:80 - create IPUIPlugin
2023-08-10 07:19:21,796 [INFO] PluginManager:220 - loadIPPluginJar : add ipddr
2023-08-10 07:19:21,847 [INFO] IPUIPlugin:80 - create IPUIPlugin
2023-08-10 07:19:21,848 [INFO] PluginManager:220 - loadIPPluginJar : add linkedlist
2023-08-10 07:19:21,867 [INFO] IPUIPlugin:80 - create IPUIPlugin
2023-08-10 07:19:21,867 [INFO] PluginManager:220 - loadIPPluginJar : add lorawan
2023-08-10 07:19:21,887 [INFO] IPUIPlugin:80 - create IPUIPlugin
2023-08-10 07:19:21,887 [INFO] PluginManager:220 - loadIPPluginJar : add ltdc
2023-08-10 07:19:21,897 [INFO] IPUIPlugin:80 - create IPUIPlugin
2023-08-10 07:19:21,897 [INFO] PluginManager:220 - loadIPPluginJar : add mdma
2023-08-10 07:19:21,906 [INFO] IPUIPlugin:80 - create IPUIPlugin
2023-08-10 07:19:21,906 [INFO] PluginManager:220 - loadIPPluginJar : add nvic
2023-08-10 07:19:21,924 [INFO] IPUIPlugin:80 - create IPUIPlugin
2023-08-10 07:19:21,925 [INFO] PluginManager:220 - loadIPPluginJar : add opamp
2023-08-10 07:19:21,956 [INFO] IPUIPlugin:80 - create IPUIPlugin
2023-08-10 07:19:21,956 [INFO] PluginManager:220 - loadIPPluginJar : add openamp
2023-08-10 07:19:21,978 [INFO] IPUIPlugin:80 - create IPUIPlugin
2023-08-10 07:19:21,980 [INFO] PluginManager:220 - loadIPPluginJar : add pdm2pcm
2023-08-10 07:19:21,989 [INFO] IPUIPlugin:80 - create IPUIPlugin
2023-08-10 07:19:21,991 [INFO] PluginManager:220 - loadIPPluginJar : add plateformsettings
2023-08-10 07:19:22,002 [INFO] IPUIPlugin:80 - create IPUIPlugin
2023-08-10 07:19:22,003 [INFO] PluginManager:220 - loadIPPluginJar : add quadspi
2023-08-10 07:19:22,011 [INFO] IPUIPlugin:80 - create IPUIPlugin
2023-08-10 07:19:22,011 [INFO] PluginManager:220 - loadIPPluginJar : add resmgrutility
2023-08-10 07:19:22,041 [INFO] IPUIPlugin:80 - create IPUIPlugin
2023-08-10 07:19:22,041 [INFO] PluginManager:220 - loadIPPluginJar : add sai
2023-08-10 07:19:22,060 [INFO] IPUIPlugin:80 - create IPUIPlugin
2023-08-10 07:19:22,060 [INFO] PluginManager:220 - loadIPPluginJar : add spi
2023-08-10 07:19:22,091 [INFO] IPUIPlugin:80 - create IPUIPlugin
2023-08-10 07:19:22,092 [INFO] PluginManager:220 - loadIPPluginJar : add stm32_wpan
2023-08-10 07:19:22,104 [INFO] IPUIPlugin:80 - create IPUIPlugin
2023-08-10 07:19:22,104 [INFO] PluginManager:220 - loadIPPluginJar : add tim
2023-08-10 07:19:22,133 [INFO] IPUIPlugin:80 - create IPUIPlugin
2023-08-10 07:19:22,133 [INFO] PluginManager:220 - loadIPPluginJar : add touchsensing
2023-08-10 07:19:22,146 [INFO] IPUIPlugin:80 - create IPUIPlugin
2023-08-10 07:19:22,146 [INFO] PluginManager:220 - loadIPPluginJar : add tracer_emb
2023-08-10 07:19:22,157 [INFO] IPUIPlugin:80 - create IPUIPlugin
2023-08-10 07:19:22,157 [INFO] PluginManager:220 - loadIPPluginJar : add ts
2023-08-10 07:19:22,168 [INFO] IPUIPlugin:80 - create IPUIPlugin
2023-08-10 07:19:22,168 [INFO] PluginManager:220 - loadIPPluginJar : add tsc
2023-08-10 07:19:22,180 [INFO] IPUIPlugin:80 - create IPUIPlugin
2023-08-10 07:19:22,180 [INFO] PluginManager:220 - loadIPPluginJar : add ucpd
2023-08-10 07:19:22,203 [INFO] IPUIPlugin:80 - create IPUIPlugin
2023-08-10 07:19:22,203 [INFO] PluginManager:220 - loadIPPluginJar : add usart
2023-08-10 07:19:22,227 [INFO] IPUIPlugin:80 - create IPUIPlugin
2023-08-10 07:19:22,228 [INFO] PluginManager:220 - loadIPPluginJar : add usbx
2023-08-10 07:19:22,339 [INFO] CADModel:165 - CPN selected for project level
2023-08-10 07:19:22,339 [INFO] CADModel:114 - Register for checkConnection events
2023-08-10 07:19:22,339 [FATAL] Updater:308 - Updater called before beeing initialized
2023-08-10 07:19:22,339 [ERROR] CADModel:125 - Updater not yet initialized, retry later 
2023-08-10 07:19:22,459 [INFO] CADModel:165 - CPN selected for project level
2023-08-10 07:19:22,459 [INFO] CADModel:114 - Register for checkConnection events
2023-08-10 07:19:22,459 [FATAL] Updater:308 - Updater called before beeing initialized
2023-08-10 07:19:22,459 [ERROR] CADModel:125 - Updater not yet initialized, retry later 
2023-08-10 07:19:22,462 [FATAL] Updater:308 - Updater called before beeing initialized
2023-08-10 07:19:22,536 [FATAL] Updater:308 - Updater called before beeing initialized
2023-08-10 07:19:22,544 [INFO] DbMcusAds:53 - JSON generation date=Tue Mar 07 02:50:55 CST 2023 (1678179055114)
2023-08-10 07:19:22,544 [FATAL] Updater:308 - Updater called before beeing initialized
2023-08-10 07:19:22,597 [WARN] DetailPanel:346 - Failed to get advertising image, set to default
2023-08-10 07:19:22,705 [FATAL] Updater:308 - Updater called before beeing initialized
2023-08-10 07:19:22,706 [FATAL] Updater:308 - Updater called before beeing initialized
2023-08-10 07:19:22,706 [FATAL] Updater:308 - Updater called before beeing initialized
2023-08-10 07:19:22,706 [WARN] DetailPanel:346 - Failed to get advertising image, set to default
2023-08-10 07:19:22,707 [FATAL] Updater:308 - Updater called before beeing initialized
2023-08-10 07:19:22,744 [ERROR] Updater:1120 - MainUpdater not yet initialized. External WinMGr cannot be set.
2023-08-10 07:19:22,750 [INFO] Updater:1056 - Updater Version found : 6.9.1
2023-08-10 07:19:22,761 [INFO] ApplicationProperties:184 - Using Application install path: C:\ST\STM32CubeIDE_1.12.1\STM32CubeIDE\plugins\com.st.stm32cube.common.mx_6.9.1.202307191849
2023-08-10 07:19:23,213 [INFO] MainUpdater:2868 - connection check result : 10
2023-08-10 07:19:23,213 [INFO] MainUpdater:285 - Updater Check For Update Now.
2023-08-10 07:19:23,214 [INFO] MicroXplorer:498 - Change Database Version : DB.6.0.91
2023-08-10 07:19:23,224 [INFO] McuFinderGlobals:63 - Set McuFinder mode to 2 (CubeIDE integrated)
2023-08-10 07:19:23,224 [INFO] UserAuth:179 - activating auth plugin
2023-08-10 07:19:23,227 [INFO] UserAuth:393 - Internet connection configuration mode: 1
2023-08-10 07:19:23,259 [INFO] JxBrowserEngine:151 - Initiate JxBrowser Engine with user profile folder
2023-08-10 07:19:23,416 [INFO] CheckServerUpdateThread:120 - End of CheckServer Thread
2023-08-10 07:19:23,932 [WARN] PackLoader:240 - Cannot read IP mode file for STMicroelectronics.X-CUBE-SMBUS.2.1.0
2023-08-10 07:19:23,972 [WARN] PackLoader:240 - Cannot read IP mode file for STMicroelectronics.X-CUBE-AZRTOS-F7.1.1.0
2023-08-10 07:19:23,990 [WARN] PackLoader:240 - Cannot read IP mode file for STMicroelectronics.FP-SNS-MOTENV1.4.3.2
2023-08-10 07:19:24,003 [ERROR] RealEvaluatedCondition:428 - Found unsupported composite condition: GROUP='STM32_MetaDataManager' CLASS='Data Exchange'
2023-08-10 07:19:24,003 [ERROR] RealEvaluatedCondition:428 - Found unsupported composite condition: CLASS='Data Exchange' GROUP='STM32_MetaDataManager'
2023-08-10 07:19:24,006 [WARN] PackLoader:240 - Cannot read IP mode file for STMicroelectronics.FP-SNS-MOTENV1.4.3.1
2023-08-10 07:19:24,020 [WARN] PackLoader:240 - Cannot read IP mode file for STMicroelectronics.FP-SNS-FLIGHT1.5.0.1
2023-08-10 07:19:24,036 [WARN] PackLoader:240 - Cannot read IP mode file for STMicroelectronics.X-CUBE-BLE1.6.2.4
2023-08-10 07:19:24,048 [WARN] PackLoader:240 - Cannot read IP mode file for STMicroelectronics.FP-SNS-FLIGHT1.5.0.2
2023-08-10 07:19:24,061 [WARN] PackLoader:240 - Cannot read IP mode file for STMicroelectronics.X-CUBE-DISPLAY.3.0.0
2023-08-10 07:19:24,074 [WARN] PackLoader:240 - Cannot read IP mode file for emotas.I-CUBE-CANOPEN.1.3.0
2023-08-10 07:19:24,084 [WARN] PackLoader:240 - Cannot read IP mode file for STMicroelectronics.X-CUBE-TOUCHGFX.4.22.0
2023-08-10 07:19:24,097 [INFO] LogOutputStream:77 - [STDOUT_REDIRECT] 1 : Invalid condition id : UX_CORESTACK_Condition cause : null
2023-08-10 07:19:24,097 [INFO] LogOutputStream:77 - [STDOUT_REDIRECT] 1 : Invalid condition id : UX_CORESTACK_Condition cause : null
2023-08-10 07:19:24,098 [INFO] LogOutputStream:77 - [STDOUT_REDIRECT] 1 : Invalid condition id : UX_CORESTACK_Condition cause : null
2023-08-10 07:19:24,099 [INFO] LogOutputStream:77 - [STDOUT_REDIRECT] 1 : Invalid condition id : UX_CORESTACK_Condition cause : null
2023-08-10 07:19:24,099 [INFO] LogOutputStream:77 - [STDOUT_REDIRECT] 1 : Invalid condition id : UX_CORESTACK_Condition cause : null
2023-08-10 07:19:24,101 [WARN] PackLoader:240 - Cannot read IP mode file for STMicroelectronics.X-CUBE-AZRTOS-WL.2.0.0
2023-08-10 07:19:24,114 [WARN] PackLoader:240 - Cannot read IP mode file for WES.I-CUBE-Cesium.1.3.0
2023-08-10 07:19:24,126 [WARN] PackLoader:240 - Cannot read IP mode file for STMicroelectronics.X-CUBE-BLE2.3.3.0
2023-08-10 07:19:24,192 [WARN] PackLoader:240 - Cannot read IP mode file for STMicroelectronics.X-CUBE-TOUCHGFX.4.21.4
2023-08-10 07:19:24,199 [WARN] PackLoader:240 - Cannot read IP mode file for STMicroelectronics.X-CUBE-ALGOBUILD.1.3.0
2023-08-10 07:19:24,219 [WARN] PackLoader:240 - Cannot read IP mode file for STMicroelectronics.X-CUBE-AZRTOS-G0.1.1.0
2023-08-10 07:19:24,235 [WARN] PackLoader:240 - Cannot read IP mode file for STMicroelectronics.X-CUBE-NFC4.3.0.0
2023-08-10 07:19:24,245 [WARN] PackLoader:240 - Cannot read IP mode file for STMicroelectronics.FP-ATR-SIGFOX1.3.2.0
2023-08-10 07:19:24,279 [WARN] PackLoader:240 - Cannot read IP mode file for STMicroelectronics.X-CUBE-MEMS1.9.5.0
2023-08-10 07:19:24,415 [WARN] PackLoader:240 - Cannot read IP mode file for SEGGER.I-CUBE-embOS.1.3.1
2023-08-10 07:19:24,480 [WARN] PackLoader:240 - Cannot read IP mode file for STMicroelectronics.X-CUBE-GNSS1.6.0.0
2023-08-10 07:19:24,506 [WARN] PackLoader:240 - Cannot read IP mode file for STMicroelectronics.X-CUBE-AZRTOS-F4.1.1.0
2023-08-10 07:19:24,520 [WARN] PackLoader:240 - Cannot read IP mode file for wolfSSL.I-CUBE-wolfSSL.5.6.3
2023-08-10 07:19:24,530 [WARN] PackLoader:240 - Cannot read IP mode file for wolfSSL.I-CUBE-wolfSSL.5.6.0
2023-08-10 07:19:24,577 [WARN] PackLoader:240 - Cannot read IP mode file for STMicroelectronics.X-CUBE-MEMS1.9.6.0
2023-08-10 07:19:24,791 [WARN] PackLoader:240 - Cannot read IP mode file for emotas.I-CUBE-CANOPEN.1.1.3
2023-08-10 07:19:24,806 [WARN] PackLoader:240 - Cannot read IP mode file for STMicroelectronics.X-CUBE-BLEMGR.2.0.0
2023-08-10 07:19:24,829 [WARN] ConditionMgr:438 - getConditionDescription Invalid condition id : UX DEVICE CLASS RTOS Condition cause : null
2023-08-10 07:19:24,829 [WARN] ConditionMgr:438 - getConditionDescription Invalid condition id : UX DEVICE CLASS RTOS Condition cause : null
2023-08-10 07:19:24,830 [WARN] PackLoader:240 - Cannot read IP mode file for STMicroelectronics.X-CUBE-AZRTOS-H7.3.1.0
2023-08-10 07:19:24,830 [WARN] ConditionMgr:1039 - genDependencies : Invalid condition id : UX DEVICE CLASS RTOS Condition cause : null
2023-08-10 07:19:24,831 [WARN] ConditionMgr:1039 - genDependencies : Invalid condition id : UX DEVICE CLASS RTOS Condition cause : null
2023-08-10 07:19:24,831 [WARN] ConditionMgr:1039 - genDependencies : Invalid condition id : UX DEVICE CLASS RTOS Condition cause : null
2023-08-10 07:19:24,831 [WARN] ConditionMgr:1039 - genDependencies : Invalid condition id : UX DEVICE CLASS RTOS Condition cause : null
2023-08-10 07:19:24,831 [WARN] ConditionMgr:1039 - genDependencies : Invalid condition id : UX DEVICE CLASS RTOS Condition cause : null
2023-08-10 07:19:24,842 [WARN] PackLoader:240 - Cannot read IP mode file for STMicroelectronics.X-CUBE-NFC7.1.0.1
2023-08-10 07:19:24,850 [WARN] PackLoader:240 - Cannot read IP mode file for STMicroelectronics.X-CUBE-NFC7.1.0.0
2023-08-10 07:19:24,862 [WARN] PackLoader:240 - Cannot read IP mode file for STMicroelectronics.X-CUBE-EEPRMA1.4.1.0
2023-08-10 07:19:24,874 [WARN] PackLoader:240 - Cannot read IP mode file for STMicroelectronics.X-CUBE-AI.8.1.0
2023-08-10 07:19:24,902 [WARN] ConditionMgr:438 - getConditionDescription Invalid condition id : LAN8742 Phy interface Condition cause : null
2023-08-10 07:19:24,902 [WARN] PackLoader:240 - Cannot read IP mode file for STMicroelectronics.X-CUBE-AZRTOS-L4.2.0.0
2023-08-10 07:19:24,903 [WARN] ConditionMgr:1039 - genDependencies : Invalid condition id : LAN8742 Phy interface Condition cause : null
2023-08-10 07:19:24,904 [WARN] ConditionMgr:1039 - genDependencies : Invalid condition id : LAN8742 Phy interface Condition cause : null
2023-08-10 07:19:24,904 [WARN] ConditionMgr:1039 - genDependencies : Invalid condition id : LAN8742 Phy interface Condition cause : null
2023-08-10 07:19:24,921 [WARN] PackLoader:240 - Cannot read IP mode file for STMicroelectronics.X-CUBE-SFXS2LP1.4.0.0
2023-08-10 07:19:24,941 [WARN] PackLoader:240 - Cannot read IP mode file for STMicroelectronics.X-CUBE-ISPU.1.1.0
2023-08-10 07:19:24,962 [WARN] PackLoader:240 - Cannot read IP mode file for STMicroelectronics.X-CUBE-FREERTOS.1.0.1
2023-08-10 07:19:24,987 [WARN] PackLoader:240 - Cannot read IP mode file for STMicroelectronics.X-CUBE-AZRTOS-L5.1.1.0
2023-08-10 07:19:25,003 [WARN] PackLoader:240 - Cannot read IP mode file for STMicroelectronics.X-CUBE-AI.8.0.1
2023-08-10 07:19:25,058 [WARN] PackLoader:240 - Cannot read IP mode file for STMicroelectronics.X-CUBE-SUBG2.5.0.0
2023-08-10 07:19:25,080 [WARN] PackLoader:240 - Cannot read IP mode file for STMicroelectronics.X-CUBE-TOF1.3.3.1
2023-08-10 07:19:25,133 [WARN] PackLoader:240 - Cannot read IP mode file for STMicroelectronics.X-CUBE-AZRTOS-G4.2.0.0
2023-08-10 07:19:25,159 [WARN] PackLoader:240 - Cannot read IP mode file for STMicroelectronics.X-CUBE-TOF1.3.3.0
2023-08-10 07:19:25,193 [WARN] PackLoader:240 - Cannot read IP mode file for STMicroelectronics.X-CUBE-AZRTOS-WL.1.0.0
2023-08-10 07:19:25,208 [WARN] PackLoader:240 - Cannot read IP mode file for portGmbH.I-Cube-SoM-uGOAL.1.1.0
2023-08-10 07:19:25,220 [WARN] PackLoader:240 - Cannot read IP mode file for STMicroelectronics.X-CUBE-ALS.1.0.1
2023-08-10 07:19:25,237 [WARN] PackLoader:240 - Cannot read IP mode file for STMicroelectronics.X-CUBE-AZRTOS-WB.1.1.0
2023-08-10 07:19:25,248 [WARN] PackLoader:240 - Cannot read IP mode file for STMicroelectronics.FP-ATR-ASTRA1.2.0.0
2023-08-10 07:19:25,249 [INFO] ThirdParty:978 - Integrity check success = true
2023-08-10 07:19:25,249 [INFO] IntegrityCheckThread:100 - exiting critical section [integrity check]
2023-08-10 07:19:25,249 [INFO] IntegrityCheckThread:103 - End integrity checks thread
2023-08-10 07:19:25,523 [INFO] WebApp:157 - Instantiating new browser for Auth
2023-08-10 07:19:25,973 [INFO] WebApp:753 - Register for checkConnection events
2023-08-10 07:19:25,973 [INFO] WebApp:390 - Apply proxy settings
2023-08-10 07:19:25,973 [INFO] WebApp:475 - Chromium requires no authentication
2023-08-10 07:19:25,979 [INFO] WebApp:418 - Direct internet connection detected
2023-08-10 07:19:26,104 [INFO] WebApp:188 - Starting web application
2023-08-10 07:19:26,104 [INFO] WebApp:520 - Web application path used C:\ST\STM32CubeIDE_1.12.1\STM32CubeIDE\plugins\com.st.stm32cube.common.mx_6.9.1.202307191849\db\plugins\mcufinder\reactClient1\index.html
2023-08-10 07:19:46,836 [ERROR] LogOutputStream:75 - [STDERR_REDIRECT] SLF4J: Failed to load class "org.slf4j.impl.StaticLoggerBinder".
2023-08-10 07:19:46,836 [ERROR] LogOutputStream:75 - [STDERR_REDIRECT] SLF4J: Defaulting to no-operation (NOP) logger implementation
2023-08-10 07:19:46,837 [ERROR] LogOutputStream:75 - [STDERR_REDIRECT] SLF4J: See http://www.slf4j.org/codes.html#StaticLoggerBinder for further details.
