2023-08-03 07:13:41,990 [INFO] Activator:176 - 


2023-08-03 07:13:41,993 [INFO] Activator:177 - !SESSION log4j initialized
2023-08-03 07:13:46,343 [INFO] LogOutputStream:77 - [STDOUT_REDIRECT] 
2023-08-03 07:14:08,099 [ERROR] LogOutputStream:75 - [STDERR_REDIRECT] SLF4J: Failed to load class "org.slf4j.impl.StaticLoggerBinder".
2023-08-03 07:14:08,100 [ERROR] LogOutputStream:75 - [STDERR_REDIRECT] SLF4J: Defaulting to no-operation (NOP) logger implementation
2023-08-03 07:14:08,100 [ERROR] LogOutputStream:75 - [STDERR_REDIRECT] SLF4J: See http://www.slf4j.org/codes.html#StaticLoggerBinder for further details.
2023-08-03 08:20:46,643 [INFO] Activator:176 - 


2023-08-03 08:20:46,644 [INFO] Activator:177 - !SESSION log4j initialized
2023-08-03 08:20:49,700 [INFO] LogOutputStream:77 - [STDOUT_REDIRECT] 
2023-08-03 08:21:10,536 [ERROR] LogOutputStream:75 - [STDERR_REDIRECT] SLF4J: Failed to load class "org.slf4j.impl.StaticLoggerBinder".
2023-08-03 08:21:10,538 [ERROR] LogOutputStream:75 - [STDERR_REDIRECT] SLF4J: Defaulting to no-operation (NOP) logger implementation
2023-08-03 08:21:10,538 [ERROR] LogOutputStream:75 - [STDERR_REDIRECT] SLF4J: See http://www.slf4j.org/codes.html#StaticLoggerBinder for further details.
2023-08-03 08:30:47,800 [INFO] Activator:176 - 


2023-08-03 08:30:47,801 [INFO] Activator:177 - !SESSION log4j initialized
2023-08-03 08:30:51,488 [INFO] LogOutputStream:77 - [STDOUT_REDIRECT] 
2023-08-03 08:30:52,271 [INFO] ApplicationProperties:184 - Using Application install path: C:\ST\STM32CubeIDE_1.12.1\STM32CubeIDE\plugins\com.st.stm32cube.common.mx_6.9.1.202307191849
2023-08-03 08:30:52,281 [INFO] DbMcusXml:78 - Set database path to: C:\ST\STM32CubeIDE_1.12.1\STM32CubeIDE\plugins\com.st.stm32cube.common.mx_6.9.1.202307191849\\db\/mcu/
2023-08-03 08:30:52,281 [INFO] ApiDb:274 - Set plugin database path to: C:\ST\STM32CubeIDE_1.12.1\STM32CubeIDE\plugins\com.st.stm32cube.common.mx_6.9.1.202307191849\\db\/plugins/boardmanager/
2023-08-03 08:30:52,281 [WARN] ApiDb:259 - Overriding images path with different value:  => C:\ST\STM32CubeIDE_1.12.1\STM32CubeIDE\plugins\com.st.stm32cube.common.mx_6.9.1.202307191849\\db\/plugins/mcufinder/images/
2023-08-03 08:30:52,290 [INFO] ApiDb:250 - Set database path to: C:\Users\angel\.stmcufinder\plugins\mcufinder//mcu/
2023-08-03 08:30:52,292 [INFO] DbMcusAds:125 - Set database path to: C:\Users\angel\.stmcufinder\plugins\mcufinder//mcu/
2023-08-03 08:30:52,293 [INFO] CrossReferenceDbSqlite:203 - Set database path to: C:\Users\angel\.stmcufinder\plugins\mcufinder//mcu/cs/
2023-08-03 08:30:52,381 [INFO] RulesReader:64 - Compatibility file has been processed (293 Rules)
2023-08-03 08:30:52,498 [INFO] DbMcusXml:78 - Set database path to: C:\ST\STM32CubeIDE_1.12.1\STM32CubeIDE\plugins\com.st.stm32cube.common.mx_6.9.1.202307191849\\db\/mcu/
2023-08-03 08:30:52,498 [INFO] ApiDb:274 - Set plugin database path to: C:\ST\STM32CubeIDE_1.12.1\STM32CubeIDE\plugins\com.st.stm32cube.common.mx_6.9.1.202307191849\\db\/plugins/boardmanager/
2023-08-03 08:30:52,498 [INFO] ApiDb:261 - Set plugin images path to: C:\ST\STM32CubeIDE_1.12.1\STM32CubeIDE\plugins\com.st.stm32cube.common.mx_6.9.1.202307191849\\db\/plugins/mcufinder/images/
2023-08-03 08:30:52,498 [WARN] DbFile:41 - Overriding database path with different value: C:\Users\angel\.stmcufinder\plugins\mcufinder/ => C:\Users\angel\.stmcufinder\plugins\mcufinder
2023-08-03 08:30:52,498 [INFO] ApiDb:250 - Set database path to: C:\Users\angel\.stmcufinder\plugins\mcufinder//mcu/
2023-08-03 08:30:52,500 [WARN] DbFile:41 - Overriding database path with different value: C:\Users\angel\.stmcufinder\plugins\mcufinder/ => C:\Users\angel\.stmcufinder\plugins\mcufinder
2023-08-03 08:30:52,500 [INFO] DbMcusAds:125 - Set database path to: C:\Users\angel\.stmcufinder\plugins\mcufinder//mcu/
2023-08-03 08:30:52,500 [WARN] DbFile:41 - Overriding database path with different value: C:\Users\angel\.stmcufinder\plugins\mcufinder/ => C:\Users\angel\.stmcufinder\plugins\mcufinder
2023-08-03 08:30:52,500 [WARN] DbFile:41 - Overriding database path with different value: C:\Users\angel\.stmcufinder\plugins\mcufinder/ => C:\Users\angel\.stmcufinder\plugins\mcufinder
2023-08-03 08:30:52,501 [INFO] CrossReferenceDbSqlite:203 - Set database path to: C:\Users\angel\.stmcufinder\plugins\mcufinder//mcu/cs/
2023-08-03 08:30:52,597 [INFO] MainPanel:262 - HeapMemory: 268435456
2023-08-03 08:30:52,645 [INFO] DbMcusXml:78 - Set database path to: C:\ST\STM32CubeIDE_1.12.1\STM32CubeIDE\plugins\com.st.stm32cube.common.mx_6.9.1.202307191849\\db\/mcu/
2023-08-03 08:30:52,645 [INFO] ApiDb:274 - Set plugin database path to: C:\ST\STM32CubeIDE_1.12.1\STM32CubeIDE\plugins\com.st.stm32cube.common.mx_6.9.1.202307191849\\db\/plugins/boardmanager/
2023-08-03 08:30:52,646 [INFO] ApiDb:261 - Set plugin images path to: C:\ST\STM32CubeIDE_1.12.1\STM32CubeIDE\plugins\com.st.stm32cube.common.mx_6.9.1.202307191849\\db\/plugins/mcufinder/images/
2023-08-03 08:30:52,646 [WARN] DbFile:41 - Overriding database path with different value: C:\Users\angel\.stmcufinder\plugins\mcufinder/ => C:\Users\angel\.stmcufinder\plugins\mcufinder
2023-08-03 08:30:52,646 [INFO] ApiDb:250 - Set database path to: C:\Users\angel\.stmcufinder\plugins\mcufinder//mcu/
2023-08-03 08:30:52,646 [WARN] DbFile:41 - Overriding database path with different value: C:\Users\angel\.stmcufinder\plugins\mcufinder/ => C:\Users\angel\.stmcufinder\plugins\mcufinder
2023-08-03 08:30:52,646 [INFO] DbMcusAds:125 - Set database path to: C:\Users\angel\.stmcufinder\plugins\mcufinder//mcu/
2023-08-03 08:30:52,646 [WARN] DbFile:41 - Overriding database path with different value: C:\Users\angel\.stmcufinder\plugins\mcufinder/ => C:\Users\angel\.stmcufinder\plugins\mcufinder
2023-08-03 08:30:52,646 [WARN] DbFile:41 - Overriding database path with different value: C:\Users\angel\.stmcufinder\plugins\mcufinder/ => C:\Users\angel\.stmcufinder\plugins\mcufinder
2023-08-03 08:30:52,646 [INFO] CrossReferenceDbSqlite:203 - Set database path to: C:\Users\angel\.stmcufinder\plugins\mcufinder//mcu/cs/
2023-08-03 08:30:52,660 [INFO] ApplicationProperties:184 - Using Application install path: C:\ST\STM32CubeIDE_1.12.1\STM32CubeIDE\plugins\com.st.stm32cube.common.mx_6.9.1.202307191849
2023-08-03 08:30:52,661 [INFO] PluginManage:196 - Search for loadable plugins [exclusion list=, ]
2023-08-03 08:30:52,662 [INFO] PluginManage:310 - Check plugin analytics
2023-08-03 08:30:52,765 [INFO] AnalyticsPlugin:253 - Accepted Software Licenses: STM32CubeMX.6.9.0
2023-08-03 08:30:52,765 [INFO] AnalyticsPlugin:255 - Accepted CMSIS Pack Licenses: STMicroelectronics.X-CUBE-MEMS1.9.6.0,STMicroelectronics.X-CUBE-MEMS1.9.5.0,STMicroelectronics.X-CUBE-BLE2.3.3.0,STMicroelectronics.X-CUBE-AI.8.0.1
2023-08-03 08:30:52,765 [INFO] AnalyticsPlugin:257 - Accepted Firmware Licenses: FW.G4.1.5.0,FW.L5.1.5.0,FW.F4.1.27.0
2023-08-03 08:30:52,769 [INFO] PluginManage:359 - Loaded plugin analytics (category:tool,tabindex:-1)
2023-08-03 08:30:52,769 [INFO] PluginManage:310 - Check plugin cadmodel
2023-08-03 08:30:52,771 [INFO] CADModel:105 - Init CAD model plugin
2023-08-03 08:30:52,771 [INFO] PluginManage:359 - Loaded plugin cadmodel (category:power,tabindex:5)
2023-08-03 08:30:52,771 [INFO] PluginManage:310 - Check plugin clock
2023-08-03 08:30:52,777 [INFO] PluginManage:359 - Loaded plugin clock (category:base,tabindex:2)
2023-08-03 08:30:52,777 [INFO] PluginManage:310 - Check plugin ddr
2023-08-03 08:30:52,778 [INFO] PluginManage:359 - Loaded plugin ddr (category:tool,tabindex:6)
2023-08-03 08:30:52,778 [INFO] PluginManage:310 - Check plugin filemanager
2023-08-03 08:30:52,850 [INFO] PluginManage:359 - Loaded plugin filemanager (category:base,tabindex:10)
2023-08-03 08:30:52,850 [INFO] PluginManage:310 - Check plugin ipmanager
2023-08-03 08:30:52,855 [INFO] PluginManage:359 - Loaded plugin ipmanager (category:base,tabindex:5)
2023-08-03 08:30:52,855 [INFO] PluginManage:310 - Check plugin lpbam
2023-08-03 08:30:52,859 [INFO] PluginManage:359 - Loaded plugin lpbam (category:base,tabindex:0)
2023-08-03 08:30:52,859 [INFO] PluginManage:310 - Check plugin memorymap
2023-08-03 08:30:52,865 [INFO] PluginManage:359 - Loaded plugin memorymap (category:base,tabindex:4)
2023-08-03 08:30:52,865 [INFO] PluginManage:310 - Check plugin pinoutandconfiguration
2023-08-03 08:30:52,869 [INFO] PluginManage:359 - Loaded plugin pinoutandconfiguration (category:base,tabindex:1)
2023-08-03 08:30:52,869 [INFO] PluginManage:310 - Check plugin pinoutconfig
2023-08-03 08:30:52,914 [WARN] SupportedApi:132 - Cannot load RTOS API schema: s4s-elt-must-match.1: The content of 'definitions' must match (annotation?, (simpleType | complexType)?, (unique | key | keyref)*)). A problem was found starting at: attribute.
2023-08-03 08:30:52,988 [INFO] PluginManage:359 - Loaded plugin pinoutconfig (category:base,tabindex:0)
2023-08-03 08:30:52,988 [INFO] PluginManage:310 - Check plugin power
2023-08-03 08:30:52,992 [INFO] PluginManage:359 - Loaded plugin power (category:power,tabindex:4)
2023-08-03 08:30:52,992 [INFO] PluginManage:310 - Check plugin projectmanager
2023-08-03 08:30:53,000 [INFO] PluginManage:359 - Loaded plugin projectmanager (category:projectmanager,tabindex:3)
2023-08-03 08:30:53,000 [INFO] PluginManage:310 - Check plugin thirdparty
2023-08-03 08:30:53,072 [WARN] IntegrityCheckThread:84 - waiting for thirdparty lock release [integrity check]
2023-08-03 08:30:53,072 [INFO] PluginManage:359 - Loaded plugin thirdparty (category:base,tabindex:-1)
2023-08-03 08:30:53,072 [INFO] IntegrityCheckThread:86 - entering critical section [integrity check]
2023-08-03 08:30:53,072 [INFO] PluginManage:310 - Check plugin tools
2023-08-03 08:30:53,073 [INFO] ThirdPartyUpdaterWithRetryManager:70 - Updater plugin not ready yet. [1/15]
2023-08-03 08:30:53,074 [INFO] PluginManage:359 - Loaded plugin tools (category:base,tabindex:7)
2023-08-03 08:30:53,074 [INFO] PluginManage:310 - Check plugin tutovideos
2023-08-03 08:30:53,176 [INFO] PluginManage:359 - Loaded plugin tutovideos (category:base,tabindex:-1)
2023-08-03 08:30:53,176 [INFO] PluginManage:310 - Check plugin updater
2023-08-03 08:30:53,182 [INFO] PluginManage:359 - Loaded plugin updater (category:base,tabindex:12)
2023-08-03 08:30:53,182 [INFO] PluginManage:310 - Check plugin userauth
2023-08-03 08:30:53,184 [INFO] UserAuth:113 - Init User Auth plugin
2023-08-03 08:30:53,184 [INFO] PluginManage:359 - Loaded plugin userauth (category:base,tabindex:14)
2023-08-03 08:30:53,184 [INFO] PluginManage:283 - PluginManage : Loaded plugins [17]
2023-08-03 08:30:53,297 [INFO] PinOutPanel:1499 - setPackage(No Configuration,No Configuration)
2023-08-03 08:30:53,359 [INFO] CADModel:165 - CPN selected for project level
2023-08-03 08:30:53,359 [INFO] CADModel:114 - Register for checkConnection events
2023-08-03 08:30:53,369 [INFO] IPUIPlugin:80 - create IPUIPlugin
2023-08-03 08:30:53,369 [INFO] PluginManager:220 - loadIPPluginJar : add adc
2023-08-03 08:30:53,370 [INFO] IPUIPlugin:80 - create IPUIPlugin
2023-08-03 08:30:53,370 [INFO] PluginManager:220 - loadIPPluginJar : add aes
2023-08-03 08:30:53,371 [INFO] IPUIPlugin:80 - create IPUIPlugin
2023-08-03 08:30:53,371 [INFO] PluginManager:220 - loadIPPluginJar : add can
2023-08-03 08:30:53,372 [INFO] IPUIPlugin:80 - create IPUIPlugin
2023-08-03 08:30:53,372 [INFO] PluginManager:220 - loadIPPluginJar : add comp
2023-08-03 08:30:53,373 [INFO] IPUIPlugin:80 - create IPUIPlugin
2023-08-03 08:30:53,373 [INFO] PluginManager:220 - loadIPPluginJar : add cryp
2023-08-03 08:30:53,374 [INFO] IPUIPlugin:80 - create IPUIPlugin
2023-08-03 08:30:53,374 [INFO] PluginManager:220 - loadIPPluginJar : add dfsdm
2023-08-03 08:30:53,377 [INFO] IPUIPlugin:80 - create IPUIPlugin
2023-08-03 08:30:53,377 [INFO] PluginManager:220 - loadIPPluginJar : add dma
2023-08-03 08:30:53,378 [INFO] IPUIPlugin:80 - create IPUIPlugin
2023-08-03 08:30:53,379 [INFO] PluginManager:220 - loadIPPluginJar : add dma3
2023-08-03 08:30:53,379 [INFO] IPUIPlugin:80 - create IPUIPlugin
2023-08-03 08:30:53,379 [INFO] PluginManager:220 - loadIPPluginJar : add fatfs
2023-08-03 08:30:53,381 [INFO] IPUIPlugin:80 - create IPUIPlugin
2023-08-03 08:30:53,381 [INFO] PluginManager:220 - loadIPPluginJar : add fmc
2023-08-03 08:30:53,384 [INFO] IPUIPlugin:80 - create IPUIPlugin
2023-08-03 08:30:53,384 [INFO] PluginManager:220 - loadIPPluginJar : add freertos
2023-08-03 08:30:53,385 [INFO] IPUIPlugin:80 - create IPUIPlugin
2023-08-03 08:30:53,385 [INFO] PluginManager:220 - loadIPPluginJar : add genericplugin
2023-08-03 08:30:53,386 [INFO] IPUIPlugin:80 - create IPUIPlugin
2023-08-03 08:30:53,386 [INFO] PluginManager:220 - loadIPPluginJar : add gfxmmu
2023-08-03 08:30:53,389 [INFO] IPUIPlugin:80 - create IPUIPlugin
2023-08-03 08:30:53,389 [INFO] PluginManager:220 - loadIPPluginJar : add gic
2023-08-03 08:30:53,391 [INFO] IPUIPlugin:80 - create IPUIPlugin
2023-08-03 08:30:53,391 [INFO] PluginManager:220 - loadIPPluginJar : add gpio
2023-08-03 08:30:53,393 [INFO] IPUIPlugin:80 - create IPUIPlugin
2023-08-03 08:30:53,393 [INFO] PluginManager:220 - loadIPPluginJar : add gtzc
2023-08-03 08:30:53,394 [INFO] IPUIPlugin:80 - create IPUIPlugin
2023-08-03 08:30:53,394 [INFO] PluginManager:220 - loadIPPluginJar : add hash
2023-08-03 08:30:53,395 [INFO] IPUIPlugin:80 - create IPUIPlugin
2023-08-03 08:30:53,395 [INFO] PluginManager:220 - loadIPPluginJar : add i2c
2023-08-03 08:30:53,397 [INFO] IPUIPlugin:80 - create IPUIPlugin
2023-08-03 08:30:53,397 [INFO] PluginManager:220 - loadIPPluginJar : add i2s
2023-08-03 08:30:53,399 [INFO] IPUIPlugin:80 - create IPUIPlugin
2023-08-03 08:30:53,399 [INFO] PluginManager:220 - loadIPPluginJar : add i3c
2023-08-03 08:30:53,401 [INFO] IPUIPlugin:80 - create IPUIPlugin
2023-08-03 08:30:53,402 [INFO] PluginManager:220 - loadIPPluginJar : add ipddr
2023-08-03 08:30:53,406 [INFO] IPUIPlugin:80 - create IPUIPlugin
2023-08-03 08:30:53,406 [INFO] PluginManager:220 - loadIPPluginJar : add linkedlist
2023-08-03 08:30:53,407 [INFO] IPUIPlugin:80 - create IPUIPlugin
2023-08-03 08:30:53,407 [INFO] PluginManager:220 - loadIPPluginJar : add lorawan
2023-08-03 08:30:53,407 [INFO] IPUIPlugin:80 - create IPUIPlugin
2023-08-03 08:30:53,407 [INFO] PluginManager:220 - loadIPPluginJar : add ltdc
2023-08-03 08:30:53,411 [INFO] IPUIPlugin:80 - create IPUIPlugin
2023-08-03 08:30:53,411 [INFO] PluginManager:220 - loadIPPluginJar : add mdma
2023-08-03 08:30:53,414 [INFO] IPUIPlugin:80 - create IPUIPlugin
2023-08-03 08:30:53,414 [INFO] PluginManager:220 - loadIPPluginJar : add nvic
2023-08-03 08:30:53,415 [INFO] IPUIPlugin:80 - create IPUIPlugin
2023-08-03 08:30:53,415 [INFO] PluginManager:220 - loadIPPluginJar : add opamp
2023-08-03 08:30:53,416 [INFO] IPUIPlugin:80 - create IPUIPlugin
2023-08-03 08:30:53,416 [INFO] PluginManager:220 - loadIPPluginJar : add openamp
2023-08-03 08:30:53,417 [INFO] IPUIPlugin:80 - create IPUIPlugin
2023-08-03 08:30:53,417 [INFO] PluginManager:220 - loadIPPluginJar : add pdm2pcm
2023-08-03 08:30:53,420 [INFO] IPUIPlugin:80 - create IPUIPlugin
2023-08-03 08:30:53,422 [INFO] PluginManager:220 - loadIPPluginJar : add plateformsettings
2023-08-03 08:30:53,423 [INFO] IPUIPlugin:80 - create IPUIPlugin
2023-08-03 08:30:53,423 [INFO] PluginManager:220 - loadIPPluginJar : add quadspi
2023-08-03 08:30:53,424 [INFO] IPUIPlugin:80 - create IPUIPlugin
2023-08-03 08:30:53,424 [INFO] PluginManager:220 - loadIPPluginJar : add resmgrutility
2023-08-03 08:30:53,425 [INFO] IPUIPlugin:80 - create IPUIPlugin
2023-08-03 08:30:53,425 [INFO] PluginManager:220 - loadIPPluginJar : add sai
2023-08-03 08:30:53,427 [INFO] IPUIPlugin:80 - create IPUIPlugin
2023-08-03 08:30:53,427 [INFO] PluginManager:220 - loadIPPluginJar : add spi
2023-08-03 08:30:53,430 [INFO] IPUIPlugin:80 - create IPUIPlugin
2023-08-03 08:30:53,430 [INFO] PluginManager:220 - loadIPPluginJar : add stm32_wpan
2023-08-03 08:30:53,430 [INFO] IPUIPlugin:80 - create IPUIPlugin
2023-08-03 08:30:53,430 [INFO] PluginManager:220 - loadIPPluginJar : add tim
2023-08-03 08:30:53,432 [INFO] IPUIPlugin:80 - create IPUIPlugin
2023-08-03 08:30:53,432 [INFO] PluginManager:220 - loadIPPluginJar : add touchsensing
2023-08-03 08:30:53,432 [INFO] IPUIPlugin:80 - create IPUIPlugin
2023-08-03 08:30:53,433 [INFO] PluginManager:220 - loadIPPluginJar : add tracer_emb
2023-08-03 08:30:53,440 [INFO] IPUIPlugin:80 - create IPUIPlugin
2023-08-03 08:30:53,440 [INFO] PluginManager:220 - loadIPPluginJar : add ts
2023-08-03 08:30:53,441 [INFO] IPUIPlugin:80 - create IPUIPlugin
2023-08-03 08:30:53,441 [INFO] PluginManager:220 - loadIPPluginJar : add tsc
2023-08-03 08:30:53,442 [INFO] IPUIPlugin:80 - create IPUIPlugin
2023-08-03 08:30:53,442 [INFO] PluginManager:220 - loadIPPluginJar : add ucpd
2023-08-03 08:30:53,443 [INFO] IPUIPlugin:80 - create IPUIPlugin
2023-08-03 08:30:53,443 [INFO] PluginManager:220 - loadIPPluginJar : add usart
2023-08-03 08:30:53,445 [INFO] IPUIPlugin:80 - create IPUIPlugin
2023-08-03 08:30:53,445 [INFO] PluginManager:220 - loadIPPluginJar : add usbx
2023-08-03 08:30:53,546 [INFO] CADModel:165 - CPN selected for project level
2023-08-03 08:30:53,546 [INFO] CADModel:114 - Register for checkConnection events
2023-08-03 08:30:53,547 [FATAL] Updater:308 - Updater called before beeing initialized
2023-08-03 08:30:53,547 [ERROR] CADModel:125 - Updater not yet initialized, retry later 
2023-08-03 08:30:53,630 [INFO] CADModel:165 - CPN selected for project level
2023-08-03 08:30:53,630 [INFO] CADModel:114 - Register for checkConnection events
2023-08-03 08:30:53,630 [FATAL] Updater:308 - Updater called before beeing initialized
2023-08-03 08:30:53,630 [ERROR] CADModel:125 - Updater not yet initialized, retry later 
2023-08-03 08:30:53,632 [FATAL] Updater:308 - Updater called before beeing initialized
2023-08-03 08:30:53,689 [FATAL] Updater:308 - Updater called before beeing initialized
2023-08-03 08:30:53,693 [INFO] DbMcusAds:53 - JSON generation date=Tue Mar 07 02:50:55 CST 2023 (1678179055114)
2023-08-03 08:30:53,693 [FATAL] Updater:308 - Updater called before beeing initialized
2023-08-03 08:30:53,715 [WARN] DetailPanel:346 - Failed to get advertising image, set to default
2023-08-03 08:30:53,785 [FATAL] Updater:308 - Updater called before beeing initialized
2023-08-03 08:30:53,786 [FATAL] Updater:308 - Updater called before beeing initialized
2023-08-03 08:30:53,786 [FATAL] Updater:308 - Updater called before beeing initialized
2023-08-03 08:30:53,786 [WARN] DetailPanel:346 - Failed to get advertising image, set to default
2023-08-03 08:30:53,786 [FATAL] Updater:308 - Updater called before beeing initialized
2023-08-03 08:30:53,811 [ERROR] Updater:1120 - MainUpdater not yet initialized. External WinMGr cannot be set.
2023-08-03 08:30:53,812 [INFO] Updater:1056 - Updater Version found : 6.9.1
2023-08-03 08:30:53,822 [INFO] ApplicationProperties:184 - Using Application install path: C:\ST\STM32CubeIDE_1.12.1\STM32CubeIDE\plugins\com.st.stm32cube.common.mx_6.9.1.202307191849
2023-08-03 08:30:53,886 [INFO] MainUpdater:521 - Copy updater definitions from MX database
2023-08-03 08:30:53,932 [INFO] MainUpdater:2868 - connection check result : 10
2023-08-03 08:30:53,932 [INFO] MainUpdater:3562 - Updater definition file requires update
2023-08-03 08:30:53,933 [INFO] MainUpdater:285 - Updater Check For Update Now.
2023-08-03 08:30:53,933 [INFO] MicroXplorer:498 - Change Database Version : DB.6.0.91
2023-08-03 08:30:53,939 [INFO] McuFinderGlobals:63 - Set McuFinder mode to 2 (CubeIDE integrated)
2023-08-03 08:30:53,939 [INFO] UserAuth:179 - activating auth plugin
2023-08-03 08:30:53,940 [INFO] UserAuth:393 - Internet connection configuration mode: 1
2023-08-03 08:30:53,950 [INFO] JxBrowserEngine:151 - Initiate JxBrowser Engine with user profile folder
2023-08-03 08:30:53,973 [INFO] ServerAccessManage:473 - Download File updaters.zip
2023-08-03 08:30:54,028 [INFO] FileExtend:240 - Unzip File : updaters.zip
2023-08-03 08:30:54,028 [INFO] FileExtend:255 - Standard Zip Deflate
2023-08-03 08:30:54,313 [INFO] ServerAccessManage:473 - Download File PacksControlFlags.xml
2023-08-03 08:30:54,368 [INFO] ServerAccessManage:473 - Download File cubemx.pidx
2023-08-03 08:30:54,414 [INFO] LoadServerUpdatesThread:373 - End of LoadServerUpdate Thread
2023-08-03 08:30:54,552 [INFO] CheckServerUpdateThread:120 - End of CheckServer Thread
2023-08-03 08:30:56,200 [WARN] PackLoader:240 - Cannot read IP mode file for STMicroelectronics.X-CUBE-SMBUS.2.1.0
2023-08-03 08:30:56,232 [WARN] PackLoader:240 - Cannot read IP mode file for STMicroelectronics.X-CUBE-AZRTOS-F7.1.1.0
2023-08-03 08:30:56,247 [WARN] PackLoader:240 - Cannot read IP mode file for STMicroelectronics.FP-SNS-MOTENV1.4.3.2
2023-08-03 08:30:56,259 [ERROR] RealEvaluatedCondition:428 - Found unsupported composite condition: GROUP='STM32_MetaDataManager' CLASS='Data Exchange'
2023-08-03 08:30:56,259 [ERROR] RealEvaluatedCondition:428 - Found unsupported composite condition: GROUP='STM32_MetaDataManager' CLASS='Data Exchange'
2023-08-03 08:30:56,260 [WARN] PackLoader:240 - Cannot read IP mode file for STMicroelectronics.FP-SNS-MOTENV1.4.3.1
2023-08-03 08:30:56,272 [WARN] PackLoader:240 - Cannot read IP mode file for STMicroelectronics.FP-SNS-FLIGHT1.5.0.1
2023-08-03 08:30:56,284 [WARN] PackLoader:240 - Cannot read IP mode file for STMicroelectronics.X-CUBE-BLE1.6.2.4
2023-08-03 08:30:56,297 [WARN] PackLoader:240 - Cannot read IP mode file for STMicroelectronics.X-CUBE-DISPLAY.3.0.0
2023-08-03 08:30:56,310 [WARN] PackLoader:240 - Cannot read IP mode file for emotas.I-CUBE-CANOPEN.1.3.0
2023-08-03 08:30:56,323 [WARN] PackLoader:240 - Cannot read IP mode file for STMicroelectronics.X-CUBE-TOUCHGFX.4.22.0
2023-08-03 08:30:56,339 [INFO] LogOutputStream:77 - [STDOUT_REDIRECT] 1 : Invalid condition id : UX_CORESTACK_Condition cause : null
2023-08-03 08:30:56,339 [INFO] LogOutputStream:77 - [STDOUT_REDIRECT] 1 : Invalid condition id : UX_CORESTACK_Condition cause : null
2023-08-03 08:30:56,340 [INFO] LogOutputStream:77 - [STDOUT_REDIRECT] 1 : Invalid condition id : UX_CORESTACK_Condition cause : null
2023-08-03 08:30:56,341 [INFO] LogOutputStream:77 - [STDOUT_REDIRECT] 1 : Invalid condition id : UX_CORESTACK_Condition cause : null
2023-08-03 08:30:56,341 [INFO] LogOutputStream:77 - [STDOUT_REDIRECT] 1 : Invalid condition id : UX_CORESTACK_Condition cause : null
2023-08-03 08:30:56,345 [WARN] PackLoader:240 - Cannot read IP mode file for STMicroelectronics.X-CUBE-AZRTOS-WL.2.0.0
2023-08-03 08:30:56,363 [WARN] PackLoader:240 - Cannot read IP mode file for WES.I-CUBE-Cesium.1.3.0
2023-08-03 08:30:56,376 [WARN] PackLoader:240 - Cannot read IP mode file for STMicroelectronics.X-CUBE-BLE2.3.3.0
2023-08-03 08:30:56,447 [WARN] PackLoader:240 - Cannot read IP mode file for STMicroelectronics.X-CUBE-TOUCHGFX.4.21.4
2023-08-03 08:30:56,453 [INFO] WebApp:157 - Instantiating new browser for Auth
2023-08-03 08:30:56,457 [WARN] PackLoader:240 - Cannot read IP mode file for STMicroelectronics.X-CUBE-ALGOBUILD.1.3.0
2023-08-03 08:30:56,479 [WARN] PackLoader:240 - Cannot read IP mode file for STMicroelectronics.X-CUBE-AZRTOS-G0.1.1.0
2023-08-03 08:30:56,501 [WARN] PackLoader:240 - Cannot read IP mode file for STMicroelectronics.X-CUBE-NFC4.3.0.0
2023-08-03 08:30:56,513 [WARN] PackLoader:240 - Cannot read IP mode file for STMicroelectronics.FP-ATR-SIGFOX1.3.2.0
2023-08-03 08:30:56,559 [WARN] PackLoader:240 - Cannot read IP mode file for STMicroelectronics.X-CUBE-MEMS1.9.5.0
2023-08-03 08:30:56,705 [WARN] PackLoader:240 - Cannot read IP mode file for SEGGER.I-CUBE-embOS.1.3.1
2023-08-03 08:30:56,744 [WARN] PackLoader:240 - Cannot read IP mode file for STMicroelectronics.X-CUBE-GNSS1.6.0.0
2023-08-03 08:30:56,764 [WARN] PackLoader:240 - Cannot read IP mode file for STMicroelectronics.X-CUBE-AZRTOS-F4.1.1.0
2023-08-03 08:30:56,774 [WARN] PackLoader:240 - Cannot read IP mode file for wolfSSL.I-CUBE-wolfSSL.5.6.3
2023-08-03 08:30:56,783 [WARN] PackLoader:240 - Cannot read IP mode file for wolfSSL.I-CUBE-wolfSSL.5.6.0
2023-08-03 08:30:56,817 [WARN] PackLoader:240 - Cannot read IP mode file for STMicroelectronics.X-CUBE-MEMS1.9.6.0
2023-08-03 08:30:56,987 [WARN] PackLoader:240 - Cannot read IP mode file for emotas.I-CUBE-CANOPEN.1.1.3
2023-08-03 08:30:56,998 [WARN] PackLoader:240 - Cannot read IP mode file for STMicroelectronics.X-CUBE-BLEMGR.2.0.0
2023-08-03 08:30:57,016 [WARN] ConditionMgr:438 - getConditionDescription Invalid condition id : UX DEVICE CLASS RTOS Condition cause : null
2023-08-03 08:30:57,017 [WARN] ConditionMgr:438 - getConditionDescription Invalid condition id : UX DEVICE CLASS RTOS Condition cause : null
2023-08-03 08:30:57,018 [WARN] PackLoader:240 - Cannot read IP mode file for STMicroelectronics.X-CUBE-AZRTOS-H7.3.1.0
2023-08-03 08:30:57,018 [WARN] ConditionMgr:1039 - genDependencies : Invalid condition id : UX DEVICE CLASS RTOS Condition cause : null
2023-08-03 08:30:57,018 [WARN] ConditionMgr:1039 - genDependencies : Invalid condition id : UX DEVICE CLASS RTOS Condition cause : null
2023-08-03 08:30:57,019 [WARN] ConditionMgr:1039 - genDependencies : Invalid condition id : UX DEVICE CLASS RTOS Condition cause : null
2023-08-03 08:30:57,019 [WARN] ConditionMgr:1039 - genDependencies : Invalid condition id : UX DEVICE CLASS RTOS Condition cause : null
2023-08-03 08:30:57,019 [WARN] ConditionMgr:1039 - genDependencies : Invalid condition id : UX DEVICE CLASS RTOS Condition cause : null
2023-08-03 08:30:57,027 [WARN] PackLoader:240 - Cannot read IP mode file for STMicroelectronics.X-CUBE-NFC7.1.0.1
2023-08-03 08:30:57,036 [WARN] PackLoader:240 - Cannot read IP mode file for STMicroelectronics.X-CUBE-NFC7.1.0.0
2023-08-03 08:30:57,045 [WARN] PackLoader:240 - Cannot read IP mode file for STMicroelectronics.X-CUBE-EEPRMA1.4.1.0
2023-08-03 08:30:57,063 [WARN] ConditionMgr:438 - getConditionDescription Invalid condition id : LAN8742 Phy interface Condition cause : null
2023-08-03 08:30:57,063 [WARN] PackLoader:240 - Cannot read IP mode file for STMicroelectronics.X-CUBE-AZRTOS-L4.2.0.0
2023-08-03 08:30:57,064 [WARN] ConditionMgr:1039 - genDependencies : Invalid condition id : LAN8742 Phy interface Condition cause : null
2023-08-03 08:30:57,064 [WARN] ConditionMgr:1039 - genDependencies : Invalid condition id : LAN8742 Phy interface Condition cause : null
2023-08-03 08:30:57,064 [WARN] ConditionMgr:1039 - genDependencies : Invalid condition id : LAN8742 Phy interface Condition cause : null
2023-08-03 08:30:57,074 [WARN] PackLoader:240 - Cannot read IP mode file for STMicroelectronics.X-CUBE-SFXS2LP1.4.0.0
2023-08-03 08:30:57,084 [WARN] PackLoader:240 - Cannot read IP mode file for STMicroelectronics.X-CUBE-ISPU.1.1.0
2023-08-03 08:30:57,092 [WARN] PackLoader:240 - Cannot read IP mode file for STMicroelectronics.X-CUBE-FREERTOS.1.0.1
2023-08-03 08:30:57,109 [WARN] PackLoader:240 - Cannot read IP mode file for STMicroelectronics.X-CUBE-AZRTOS-L5.1.1.0
2023-08-03 08:30:57,121 [WARN] PackLoader:240 - Cannot read IP mode file for STMicroelectronics.X-CUBE-AI.8.0.1
2023-08-03 08:30:57,161 [WARN] PackLoader:240 - Cannot read IP mode file for STMicroelectronics.X-CUBE-SUBG2.5.0.0
2023-08-03 08:30:57,174 [WARN] PackLoader:240 - Cannot read IP mode file for STMicroelectronics.X-CUBE-TOF1.3.3.1
2023-08-03 08:30:57,192 [INFO] WebApp:753 - Register for checkConnection events
2023-08-03 08:30:57,192 [INFO] WebApp:390 - Apply proxy settings
2023-08-03 08:30:57,192 [INFO] WebApp:475 - Chromium requires no authentication
2023-08-03 08:30:57,194 [WARN] PackLoader:240 - Cannot read IP mode file for STMicroelectronics.X-CUBE-AZRTOS-G4.2.0.0
2023-08-03 08:30:57,203 [INFO] WebApp:418 - Direct internet connection detected
2023-08-03 08:30:57,206 [WARN] PackLoader:240 - Cannot read IP mode file for STMicroelectronics.X-CUBE-TOF1.3.3.0
2023-08-03 08:30:57,222 [WARN] PackLoader:240 - Cannot read IP mode file for STMicroelectronics.X-CUBE-AZRTOS-WL.1.0.0
2023-08-03 08:30:57,232 [WARN] PackLoader:240 - Cannot read IP mode file for portGmbH.I-Cube-SoM-uGOAL.1.1.0
2023-08-03 08:30:57,239 [WARN] PackLoader:240 - Cannot read IP mode file for STMicroelectronics.X-CUBE-ALS.1.0.1
2023-08-03 08:30:57,252 [WARN] PackLoader:240 - Cannot read IP mode file for STMicroelectronics.X-CUBE-AZRTOS-WB.1.1.0
2023-08-03 08:30:57,260 [WARN] PackLoader:240 - Cannot read IP mode file for STMicroelectronics.FP-ATR-ASTRA1.2.0.0
2023-08-03 08:30:57,261 [INFO] ThirdParty:978 - Integrity check success = true
2023-08-03 08:30:57,261 [INFO] IntegrityCheckThread:100 - exiting critical section [integrity check]
2023-08-03 08:30:57,261 [INFO] IntegrityCheckThread:103 - End integrity checks thread
2023-08-03 08:30:57,355 [INFO] WebApp:188 - Starting web application
2023-08-03 08:30:57,355 [INFO] WebApp:520 - Web application path used C:\ST\STM32CubeIDE_1.12.1\STM32CubeIDE\plugins\com.st.stm32cube.common.mx_6.9.1.202307191849\db\plugins\mcufinder\reactClient1\index.html
2023-08-03 08:31:17,751 [ERROR] LogOutputStream:75 - [STDERR_REDIRECT] SLF4J: Failed to load class "org.slf4j.impl.StaticLoggerBinder".
2023-08-03 08:31:17,752 [ERROR] LogOutputStream:75 - [STDERR_REDIRECT] SLF4J: Defaulting to no-operation (NOP) logger implementation
2023-08-03 08:31:17,752 [ERROR] LogOutputStream:75 - [STDERR_REDIRECT] SLF4J: See http://www.slf4j.org/codes.html#StaticLoggerBinder for further details.
2023-08-03 08:48:17,228 [INFO] McuFinderGlobals:63 - Set McuFinder mode to 2 (CubeIDE integrated)
2023-08-03 08:48:17,228 [INFO] UserAuth:179 - activating auth plugin
2023-08-03 08:48:17,231 [INFO] UserAuth:393 - Internet connection configuration mode: 1
2023-08-03 11:26:42,131 [ERROR] LogOutputStream:75 - [STDERR_REDIRECT] 
2023-08-03 11:27:06,396 [INFO] Activator:176 - 


2023-08-03 11:27:06,397 [INFO] Activator:177 - !SESSION log4j initialized
2023-08-03 11:27:09,357 [INFO] LogOutputStream:77 - [STDOUT_REDIRECT] 
2023-08-03 11:27:10,217 [INFO] ApplicationProperties:184 - Using Application install path: C:\ST\STM32CubeIDE_1.12.1\STM32CubeIDE\plugins\com.st.stm32cube.common.mx_6.9.1.202307191849
2023-08-03 11:27:10,230 [INFO] DbMcusXml:78 - Set database path to: C:\ST\STM32CubeIDE_1.12.1\STM32CubeIDE\plugins\com.st.stm32cube.common.mx_6.9.1.202307191849\\db\/mcu/
2023-08-03 11:27:10,230 [INFO] ApiDb:274 - Set plugin database path to: C:\ST\STM32CubeIDE_1.12.1\STM32CubeIDE\plugins\com.st.stm32cube.common.mx_6.9.1.202307191849\\db\/plugins/boardmanager/
2023-08-03 11:27:10,230 [WARN] ApiDb:259 - Overriding images path with different value:  => C:\ST\STM32CubeIDE_1.12.1\STM32CubeIDE\plugins\com.st.stm32cube.common.mx_6.9.1.202307191849\\db\/plugins/mcufinder/images/
2023-08-03 11:27:10,237 [INFO] ApiDb:250 - Set database path to: C:\Users\angel\.stmcufinder\plugins\mcufinder//mcu/
2023-08-03 11:27:10,238 [INFO] DbMcusAds:125 - Set database path to: C:\Users\angel\.stmcufinder\plugins\mcufinder//mcu/
2023-08-03 11:27:10,239 [INFO] CrossReferenceDbSqlite:203 - Set database path to: C:\Users\angel\.stmcufinder\plugins\mcufinder//mcu/cs/
2023-08-03 11:27:10,305 [INFO] RulesReader:64 - Compatibility file has been processed (293 Rules)
2023-08-03 11:27:10,368 [INFO] DbMcusXml:78 - Set database path to: C:\ST\STM32CubeIDE_1.12.1\STM32CubeIDE\plugins\com.st.stm32cube.common.mx_6.9.1.202307191849\\db\/mcu/
2023-08-03 11:27:10,370 [INFO] ApiDb:274 - Set plugin database path to: C:\ST\STM32CubeIDE_1.12.1\STM32CubeIDE\plugins\com.st.stm32cube.common.mx_6.9.1.202307191849\\db\/plugins/boardmanager/
2023-08-03 11:27:10,370 [INFO] ApiDb:261 - Set plugin images path to: C:\ST\STM32CubeIDE_1.12.1\STM32CubeIDE\plugins\com.st.stm32cube.common.mx_6.9.1.202307191849\\db\/plugins/mcufinder/images/
2023-08-03 11:27:10,370 [WARN] DbFile:41 - Overriding database path with different value: C:\Users\angel\.stmcufinder\plugins\mcufinder/ => C:\Users\angel\.stmcufinder\plugins\mcufinder
2023-08-03 11:27:10,370 [INFO] ApiDb:250 - Set database path to: C:\Users\angel\.stmcufinder\plugins\mcufinder//mcu/
2023-08-03 11:27:10,370 [WARN] DbFile:41 - Overriding database path with different value: C:\Users\angel\.stmcufinder\plugins\mcufinder/ => C:\Users\angel\.stmcufinder\plugins\mcufinder
2023-08-03 11:27:10,370 [INFO] DbMcusAds:125 - Set database path to: C:\Users\angel\.stmcufinder\plugins\mcufinder//mcu/
2023-08-03 11:27:10,370 [WARN] DbFile:41 - Overriding database path with different value: C:\Users\angel\.stmcufinder\plugins\mcufinder/ => C:\Users\angel\.stmcufinder\plugins\mcufinder
2023-08-03 11:27:10,370 [WARN] DbFile:41 - Overriding database path with different value: C:\Users\angel\.stmcufinder\plugins\mcufinder/ => C:\Users\angel\.stmcufinder\plugins\mcufinder
2023-08-03 11:27:10,370 [INFO] CrossReferenceDbSqlite:203 - Set database path to: C:\Users\angel\.stmcufinder\plugins\mcufinder//mcu/cs/
2023-08-03 11:27:10,431 [INFO] MainPanel:262 - HeapMemory: 268435456
2023-08-03 11:27:10,496 [INFO] DbMcusXml:78 - Set database path to: C:\ST\STM32CubeIDE_1.12.1\STM32CubeIDE\plugins\com.st.stm32cube.common.mx_6.9.1.202307191849\\db\/mcu/
2023-08-03 11:27:10,496 [INFO] ApiDb:274 - Set plugin database path to: C:\ST\STM32CubeIDE_1.12.1\STM32CubeIDE\plugins\com.st.stm32cube.common.mx_6.9.1.202307191849\\db\/plugins/boardmanager/
2023-08-03 11:27:10,496 [INFO] ApiDb:261 - Set plugin images path to: C:\ST\STM32CubeIDE_1.12.1\STM32CubeIDE\plugins\com.st.stm32cube.common.mx_6.9.1.202307191849\\db\/plugins/mcufinder/images/
2023-08-03 11:27:10,496 [WARN] DbFile:41 - Overriding database path with different value: C:\Users\angel\.stmcufinder\plugins\mcufinder/ => C:\Users\angel\.stmcufinder\plugins\mcufinder
2023-08-03 11:27:10,496 [INFO] ApiDb:250 - Set database path to: C:\Users\angel\.stmcufinder\plugins\mcufinder//mcu/
2023-08-03 11:27:10,496 [WARN] DbFile:41 - Overriding database path with different value: C:\Users\angel\.stmcufinder\plugins\mcufinder/ => C:\Users\angel\.stmcufinder\plugins\mcufinder
2023-08-03 11:27:10,496 [INFO] DbMcusAds:125 - Set database path to: C:\Users\angel\.stmcufinder\plugins\mcufinder//mcu/
2023-08-03 11:27:10,496 [WARN] DbFile:41 - Overriding database path with different value: C:\Users\angel\.stmcufinder\plugins\mcufinder/ => C:\Users\angel\.stmcufinder\plugins\mcufinder
2023-08-03 11:27:10,497 [WARN] DbFile:41 - Overriding database path with different value: C:\Users\angel\.stmcufinder\plugins\mcufinder/ => C:\Users\angel\.stmcufinder\plugins\mcufinder
2023-08-03 11:27:10,497 [INFO] CrossReferenceDbSqlite:203 - Set database path to: C:\Users\angel\.stmcufinder\plugins\mcufinder//mcu/cs/
2023-08-03 11:27:10,510 [INFO] ApplicationProperties:184 - Using Application install path: C:\ST\STM32CubeIDE_1.12.1\STM32CubeIDE\plugins\com.st.stm32cube.common.mx_6.9.1.202307191849
2023-08-03 11:27:10,511 [INFO] PluginManage:196 - Search for loadable plugins [exclusion list=, ]
2023-08-03 11:27:10,512 [INFO] PluginManage:310 - Check plugin analytics
2023-08-03 11:27:10,606 [INFO] AnalyticsPlugin:253 - Accepted Software Licenses: STM32CubeMX.6.9.0
2023-08-03 11:27:10,606 [INFO] AnalyticsPlugin:255 - Accepted CMSIS Pack Licenses: STMicroelectronics.X-CUBE-MEMS1.9.6.0,STMicroelectronics.X-CUBE-MEMS1.9.5.0,STMicroelectronics.X-CUBE-BLE2.3.3.0,STMicroelectronics.X-CUBE-AI.8.0.1
2023-08-03 11:27:10,606 [INFO] AnalyticsPlugin:257 - Accepted Firmware Licenses: FW.G4.1.5.0,FW.L5.1.5.0,FW.F4.1.27.0
2023-08-03 11:27:10,608 [INFO] PluginManage:359 - Loaded plugin analytics (category:tool,tabindex:-1)
2023-08-03 11:27:10,608 [INFO] PluginManage:310 - Check plugin cadmodel
2023-08-03 11:27:10,611 [INFO] CADModel:105 - Init CAD model plugin
2023-08-03 11:27:10,611 [INFO] PluginManage:359 - Loaded plugin cadmodel (category:power,tabindex:5)
2023-08-03 11:27:10,611 [INFO] PluginManage:310 - Check plugin clock
2023-08-03 11:27:10,626 [INFO] PluginManage:359 - Loaded plugin clock (category:base,tabindex:2)
2023-08-03 11:27:10,627 [INFO] PluginManage:310 - Check plugin ddr
2023-08-03 11:27:10,627 [INFO] PluginManage:359 - Loaded plugin ddr (category:tool,tabindex:6)
2023-08-03 11:27:10,628 [INFO] PluginManage:310 - Check plugin filemanager
2023-08-03 11:27:10,721 [INFO] PluginManage:359 - Loaded plugin filemanager (category:base,tabindex:10)
2023-08-03 11:27:10,721 [INFO] PluginManage:310 - Check plugin ipmanager
2023-08-03 11:27:10,726 [INFO] PluginManage:359 - Loaded plugin ipmanager (category:base,tabindex:5)
2023-08-03 11:27:10,726 [INFO] PluginManage:310 - Check plugin lpbam
2023-08-03 11:27:10,731 [INFO] PluginManage:359 - Loaded plugin lpbam (category:base,tabindex:0)
2023-08-03 11:27:10,732 [INFO] PluginManage:310 - Check plugin memorymap
2023-08-03 11:27:10,741 [INFO] PluginManage:359 - Loaded plugin memorymap (category:base,tabindex:4)
2023-08-03 11:27:10,741 [INFO] PluginManage:310 - Check plugin pinoutandconfiguration
2023-08-03 11:27:10,745 [INFO] PluginManage:359 - Loaded plugin pinoutandconfiguration (category:base,tabindex:1)
2023-08-03 11:27:10,745 [INFO] PluginManage:310 - Check plugin pinoutconfig
2023-08-03 11:27:10,804 [WARN] SupportedApi:132 - Cannot load RTOS API schema: s4s-elt-must-match.1: The content of 'definitions' must match (annotation?, (simpleType | complexType)?, (unique | key | keyref)*)). A problem was found starting at: attribute.
2023-08-03 11:27:10,891 [INFO] PluginManage:359 - Loaded plugin pinoutconfig (category:base,tabindex:0)
2023-08-03 11:27:10,892 [INFO] PluginManage:310 - Check plugin power
2023-08-03 11:27:10,898 [INFO] PluginManage:359 - Loaded plugin power (category:power,tabindex:4)
2023-08-03 11:27:10,898 [INFO] PluginManage:310 - Check plugin projectmanager
2023-08-03 11:27:10,906 [INFO] PluginManage:359 - Loaded plugin projectmanager (category:projectmanager,tabindex:3)
2023-08-03 11:27:10,906 [INFO] PluginManage:310 - Check plugin thirdparty
2023-08-03 11:27:10,982 [WARN] IntegrityCheckThread:84 - waiting for thirdparty lock release [integrity check]
2023-08-03 11:27:10,982 [INFO] PluginManage:359 - Loaded plugin thirdparty (category:base,tabindex:-1)
2023-08-03 11:27:10,982 [INFO] IntegrityCheckThread:86 - entering critical section [integrity check]
2023-08-03 11:27:10,982 [INFO] PluginManage:310 - Check plugin tools
2023-08-03 11:27:10,982 [INFO] ThirdPartyUpdaterWithRetryManager:70 - Updater plugin not ready yet. [1/15]
2023-08-03 11:27:10,983 [INFO] PluginManage:359 - Loaded plugin tools (category:base,tabindex:7)
2023-08-03 11:27:10,983 [INFO] PluginManage:310 - Check plugin tutovideos
2023-08-03 11:27:11,132 [INFO] PluginManage:359 - Loaded plugin tutovideos (category:base,tabindex:-1)
2023-08-03 11:27:11,134 [INFO] PluginManage:310 - Check plugin updater
2023-08-03 11:27:11,142 [INFO] PluginManage:359 - Loaded plugin updater (category:base,tabindex:12)
2023-08-03 11:27:11,142 [INFO] PluginManage:310 - Check plugin userauth
2023-08-03 11:27:11,146 [INFO] UserAuth:113 - Init User Auth plugin
2023-08-03 11:27:11,147 [INFO] PluginManage:359 - Loaded plugin userauth (category:base,tabindex:14)
2023-08-03 11:27:11,147 [INFO] PluginManage:283 - PluginManage : Loaded plugins [17]
2023-08-03 11:27:11,336 [INFO] PinOutPanel:1499 - setPackage(No Configuration,No Configuration)
2023-08-03 11:27:11,435 [INFO] CADModel:165 - CPN selected for project level
2023-08-03 11:27:11,435 [INFO] CADModel:114 - Register for checkConnection events
2023-08-03 11:27:11,450 [INFO] IPUIPlugin:80 - create IPUIPlugin
2023-08-03 11:27:11,450 [INFO] PluginManager:220 - loadIPPluginJar : add adc
2023-08-03 11:27:11,451 [INFO] IPUIPlugin:80 - create IPUIPlugin
2023-08-03 11:27:11,452 [INFO] PluginManager:220 - loadIPPluginJar : add aes
2023-08-03 11:27:11,454 [INFO] IPUIPlugin:80 - create IPUIPlugin
2023-08-03 11:27:11,454 [INFO] PluginManager:220 - loadIPPluginJar : add can
2023-08-03 11:27:11,455 [INFO] IPUIPlugin:80 - create IPUIPlugin
2023-08-03 11:27:11,455 [INFO] PluginManager:220 - loadIPPluginJar : add comp
2023-08-03 11:27:11,457 [INFO] IPUIPlugin:80 - create IPUIPlugin
2023-08-03 11:27:11,457 [INFO] PluginManager:220 - loadIPPluginJar : add cryp
2023-08-03 11:27:11,459 [INFO] IPUIPlugin:80 - create IPUIPlugin
2023-08-03 11:27:11,459 [INFO] PluginManager:220 - loadIPPluginJar : add dfsdm
2023-08-03 11:27:11,463 [INFO] IPUIPlugin:80 - create IPUIPlugin
2023-08-03 11:27:11,463 [INFO] PluginManager:220 - loadIPPluginJar : add dma
2023-08-03 11:27:11,465 [INFO] IPUIPlugin:80 - create IPUIPlugin
2023-08-03 11:27:11,465 [INFO] PluginManager:220 - loadIPPluginJar : add dma3
2023-08-03 11:27:11,466 [INFO] IPUIPlugin:80 - create IPUIPlugin
2023-08-03 11:27:11,466 [INFO] PluginManager:220 - loadIPPluginJar : add fatfs
2023-08-03 11:27:11,469 [INFO] IPUIPlugin:80 - create IPUIPlugin
2023-08-03 11:27:11,469 [INFO] PluginManager:220 - loadIPPluginJar : add fmc
2023-08-03 11:27:11,473 [INFO] IPUIPlugin:80 - create IPUIPlugin
2023-08-03 11:27:11,473 [INFO] PluginManager:220 - loadIPPluginJar : add freertos
2023-08-03 11:27:11,474 [INFO] IPUIPlugin:80 - create IPUIPlugin
2023-08-03 11:27:11,474 [INFO] PluginManager:220 - loadIPPluginJar : add genericplugin
2023-08-03 11:27:11,475 [INFO] IPUIPlugin:80 - create IPUIPlugin
2023-08-03 11:27:11,475 [INFO] PluginManager:220 - loadIPPluginJar : add gfxmmu
2023-08-03 11:27:11,478 [INFO] IPUIPlugin:80 - create IPUIPlugin
2023-08-03 11:27:11,479 [INFO] PluginManager:220 - loadIPPluginJar : add gic
2023-08-03 11:27:11,482 [INFO] IPUIPlugin:80 - create IPUIPlugin
2023-08-03 11:27:11,482 [INFO] PluginManager:220 - loadIPPluginJar : add gpio
2023-08-03 11:27:11,483 [INFO] IPUIPlugin:80 - create IPUIPlugin
2023-08-03 11:27:11,483 [INFO] PluginManager:220 - loadIPPluginJar : add gtzc
2023-08-03 11:27:11,485 [INFO] IPUIPlugin:80 - create IPUIPlugin
2023-08-03 11:27:11,485 [INFO] PluginManager:220 - loadIPPluginJar : add hash
2023-08-03 11:27:11,487 [INFO] IPUIPlugin:80 - create IPUIPlugin
2023-08-03 11:27:11,487 [INFO] PluginManager:220 - loadIPPluginJar : add i2c
2023-08-03 11:27:11,488 [INFO] IPUIPlugin:80 - create IPUIPlugin
2023-08-03 11:27:11,488 [INFO] PluginManager:220 - loadIPPluginJar : add i2s
2023-08-03 11:27:11,490 [INFO] IPUIPlugin:80 - create IPUIPlugin
2023-08-03 11:27:11,490 [INFO] PluginManager:220 - loadIPPluginJar : add i3c
2023-08-03 11:27:11,492 [INFO] IPUIPlugin:80 - create IPUIPlugin
2023-08-03 11:27:11,492 [INFO] PluginManager:220 - loadIPPluginJar : add ipddr
2023-08-03 11:27:11,499 [INFO] IPUIPlugin:80 - create IPUIPlugin
2023-08-03 11:27:11,499 [INFO] PluginManager:220 - loadIPPluginJar : add linkedlist
2023-08-03 11:27:11,500 [INFO] IPUIPlugin:80 - create IPUIPlugin
2023-08-03 11:27:11,500 [INFO] PluginManager:220 - loadIPPluginJar : add lorawan
2023-08-03 11:27:11,501 [INFO] IPUIPlugin:80 - create IPUIPlugin
2023-08-03 11:27:11,501 [INFO] PluginManager:220 - loadIPPluginJar : add ltdc
2023-08-03 11:27:11,505 [INFO] IPUIPlugin:80 - create IPUIPlugin
2023-08-03 11:27:11,505 [INFO] PluginManager:220 - loadIPPluginJar : add mdma
2023-08-03 11:27:11,508 [INFO] IPUIPlugin:80 - create IPUIPlugin
2023-08-03 11:27:11,508 [INFO] PluginManager:220 - loadIPPluginJar : add nvic
2023-08-03 11:27:11,510 [INFO] IPUIPlugin:80 - create IPUIPlugin
2023-08-03 11:27:11,510 [INFO] PluginManager:220 - loadIPPluginJar : add opamp
2023-08-03 11:27:11,512 [INFO] IPUIPlugin:80 - create IPUIPlugin
2023-08-03 11:27:11,512 [INFO] PluginManager:220 - loadIPPluginJar : add openamp
2023-08-03 11:27:11,514 [INFO] IPUIPlugin:80 - create IPUIPlugin
2023-08-03 11:27:11,514 [INFO] PluginManager:220 - loadIPPluginJar : add pdm2pcm
2023-08-03 11:27:11,519 [INFO] IPUIPlugin:80 - create IPUIPlugin
2023-08-03 11:27:11,520 [INFO] PluginManager:220 - loadIPPluginJar : add plateformsettings
2023-08-03 11:27:11,521 [INFO] IPUIPlugin:80 - create IPUIPlugin
2023-08-03 11:27:11,521 [INFO] PluginManager:220 - loadIPPluginJar : add quadspi
2023-08-03 11:27:11,523 [INFO] IPUIPlugin:80 - create IPUIPlugin
2023-08-03 11:27:11,523 [INFO] PluginManager:220 - loadIPPluginJar : add resmgrutility
2023-08-03 11:27:11,526 [INFO] IPUIPlugin:80 - create IPUIPlugin
2023-08-03 11:27:11,526 [INFO] PluginManager:220 - loadIPPluginJar : add sai
2023-08-03 11:27:11,527 [INFO] IPUIPlugin:80 - create IPUIPlugin
2023-08-03 11:27:11,527 [INFO] PluginManager:220 - loadIPPluginJar : add spi
2023-08-03 11:27:11,531 [INFO] IPUIPlugin:80 - create IPUIPlugin
2023-08-03 11:27:11,531 [INFO] PluginManager:220 - loadIPPluginJar : add stm32_wpan
2023-08-03 11:27:11,532 [INFO] IPUIPlugin:80 - create IPUIPlugin
2023-08-03 11:27:11,532 [INFO] PluginManager:220 - loadIPPluginJar : add tim
2023-08-03 11:27:11,534 [INFO] IPUIPlugin:80 - create IPUIPlugin
2023-08-03 11:27:11,534 [INFO] PluginManager:220 - loadIPPluginJar : add touchsensing
2023-08-03 11:27:11,535 [INFO] IPUIPlugin:80 - create IPUIPlugin
2023-08-03 11:27:11,535 [INFO] PluginManager:220 - loadIPPluginJar : add tracer_emb
2023-08-03 11:27:11,536 [INFO] IPUIPlugin:80 - create IPUIPlugin
2023-08-03 11:27:11,536 [INFO] PluginManager:220 - loadIPPluginJar : add ts
2023-08-03 11:27:11,537 [INFO] IPUIPlugin:80 - create IPUIPlugin
2023-08-03 11:27:11,537 [INFO] PluginManager:220 - loadIPPluginJar : add tsc
2023-08-03 11:27:11,538 [INFO] IPUIPlugin:80 - create IPUIPlugin
2023-08-03 11:27:11,539 [INFO] PluginManager:220 - loadIPPluginJar : add ucpd
2023-08-03 11:27:11,541 [INFO] IPUIPlugin:80 - create IPUIPlugin
2023-08-03 11:27:11,541 [INFO] PluginManager:220 - loadIPPluginJar : add usart
2023-08-03 11:27:11,543 [INFO] IPUIPlugin:80 - create IPUIPlugin
2023-08-03 11:27:11,543 [INFO] PluginManager:220 - loadIPPluginJar : add usbx
2023-08-03 11:27:11,659 [INFO] CADModel:165 - CPN selected for project level
2023-08-03 11:27:11,659 [INFO] CADModel:114 - Register for checkConnection events
2023-08-03 11:27:11,659 [FATAL] Updater:308 - Updater called before beeing initialized
2023-08-03 11:27:11,659 [ERROR] CADModel:125 - Updater not yet initialized, retry later 
2023-08-03 11:27:11,757 [INFO] CADModel:165 - CPN selected for project level
2023-08-03 11:27:11,757 [INFO] CADModel:114 - Register for checkConnection events
2023-08-03 11:27:11,757 [FATAL] Updater:308 - Updater called before beeing initialized
2023-08-03 11:27:11,757 [ERROR] CADModel:125 - Updater not yet initialized, retry later 
2023-08-03 11:27:11,759 [FATAL] Updater:308 - Updater called before beeing initialized
2023-08-03 11:27:11,819 [FATAL] Updater:308 - Updater called before beeing initialized
2023-08-03 11:27:11,821 [INFO] DbMcusAds:53 - JSON generation date=Tue Mar 07 02:50:55 CST 2023 (1678179055114)
2023-08-03 11:27:11,821 [FATAL] Updater:308 - Updater called before beeing initialized
2023-08-03 11:27:11,844 [WARN] DetailPanel:346 - Failed to get advertising image, set to default
2023-08-03 11:27:11,916 [FATAL] Updater:308 - Updater called before beeing initialized
2023-08-03 11:27:11,918 [FATAL] Updater:308 - Updater called before beeing initialized
2023-08-03 11:27:11,918 [FATAL] Updater:308 - Updater called before beeing initialized
2023-08-03 11:27:11,918 [WARN] DetailPanel:346 - Failed to get advertising image, set to default
2023-08-03 11:27:11,918 [FATAL] Updater:308 - Updater called before beeing initialized
2023-08-03 11:27:11,964 [ERROR] Updater:1120 - MainUpdater not yet initialized. External WinMGr cannot be set.
2023-08-03 11:27:11,965 [INFO] Updater:1056 - Updater Version found : 6.9.1
2023-08-03 11:27:11,976 [INFO] ApplicationProperties:184 - Using Application install path: C:\ST\STM32CubeIDE_1.12.1\STM32CubeIDE\plugins\com.st.stm32cube.common.mx_6.9.1.202307191849
2023-08-03 11:27:12,140 [INFO] MainUpdater:2868 - connection check result : 10
2023-08-03 11:27:12,141 [INFO] MainUpdater:285 - Updater Check For Update Now.
2023-08-03 11:27:12,141 [INFO] MicroXplorer:498 - Change Database Version : DB.6.0.91
2023-08-03 11:27:12,144 [INFO] McuFinderGlobals:63 - Set McuFinder mode to 2 (CubeIDE integrated)
2023-08-03 11:27:12,144 [INFO] UserAuth:179 - activating auth plugin
2023-08-03 11:27:12,146 [INFO] UserAuth:393 - Internet connection configuration mode: 1
2023-08-03 11:27:12,165 [INFO] JxBrowserEngine:151 - Initiate JxBrowser Engine with user profile folder
2023-08-03 11:27:12,290 [INFO] CheckServerUpdateThread:120 - End of CheckServer Thread
2023-08-03 11:27:12,803 [INFO] WebApp:157 - Instantiating new browser for Auth
2023-08-03 11:27:13,167 [INFO] WebApp:753 - Register for checkConnection events
2023-08-03 11:27:13,167 [INFO] WebApp:390 - Apply proxy settings
2023-08-03 11:27:13,167 [INFO] WebApp:475 - Chromium requires no authentication
2023-08-03 11:27:13,172 [INFO] WebApp:418 - Direct internet connection detected
2023-08-03 11:27:13,270 [INFO] WebApp:188 - Starting web application
2023-08-03 11:27:13,270 [INFO] WebApp:520 - Web application path used C:\ST\STM32CubeIDE_1.12.1\STM32CubeIDE\plugins\com.st.stm32cube.common.mx_6.9.1.202307191849\db\plugins\mcufinder\reactClient1\index.html
2023-08-03 11:27:14,072 [WARN] PackLoader:240 - Cannot read IP mode file for STMicroelectronics.X-CUBE-SMBUS.2.1.0
2023-08-03 11:27:14,087 [WARN] PackLoader:240 - Cannot read IP mode file for STMicroelectronics.X-CUBE-AZRTOS-F7.1.1.0
2023-08-03 11:27:14,094 [WARN] PackLoader:240 - Cannot read IP mode file for STMicroelectronics.FP-SNS-MOTENV1.4.3.2
2023-08-03 11:27:14,098 [ERROR] RealEvaluatedCondition:428 - Found unsupported composite condition: GROUP='STM32_MetaDataManager' CLASS='Data Exchange'
2023-08-03 11:27:14,098 [ERROR] RealEvaluatedCondition:428 - Found unsupported composite condition: GROUP='STM32_MetaDataManager' CLASS='Data Exchange'
2023-08-03 11:27:14,099 [WARN] PackLoader:240 - Cannot read IP mode file for STMicroelectronics.FP-SNS-MOTENV1.4.3.1
2023-08-03 11:27:14,102 [WARN] PackLoader:240 - Cannot read IP mode file for STMicroelectronics.FP-SNS-FLIGHT1.5.0.1
2023-08-03 11:27:14,108 [WARN] PackLoader:240 - Cannot read IP mode file for STMicroelectronics.X-CUBE-BLE1.6.2.4
2023-08-03 11:27:14,114 [WARN] PackLoader:240 - Cannot read IP mode file for STMicroelectronics.X-CUBE-DISPLAY.3.0.0
2023-08-03 11:27:14,118 [WARN] PackLoader:240 - Cannot read IP mode file for emotas.I-CUBE-CANOPEN.1.3.0
2023-08-03 11:27:14,123 [WARN] PackLoader:240 - Cannot read IP mode file for STMicroelectronics.X-CUBE-TOUCHGFX.4.22.0
2023-08-03 11:27:14,130 [INFO] LogOutputStream:77 - [STDOUT_REDIRECT] 1 : Invalid condition id : UX_CORESTACK_Condition cause : null
2023-08-03 11:27:14,131 [INFO] LogOutputStream:77 - [STDOUT_REDIRECT] 1 : Invalid condition id : UX_CORESTACK_Condition cause : null
2023-08-03 11:27:14,131 [INFO] LogOutputStream:77 - [STDOUT_REDIRECT] 1 : Invalid condition id : UX_CORESTACK_Condition cause : null
2023-08-03 11:27:14,133 [INFO] LogOutputStream:77 - [STDOUT_REDIRECT] 1 : Invalid condition id : UX_CORESTACK_Condition cause : null
2023-08-03 11:27:14,133 [INFO] LogOutputStream:77 - [STDOUT_REDIRECT] 1 : Invalid condition id : UX_CORESTACK_Condition cause : null
2023-08-03 11:27:14,135 [WARN] PackLoader:240 - Cannot read IP mode file for STMicroelectronics.X-CUBE-AZRTOS-WL.2.0.0
2023-08-03 11:27:14,141 [WARN] PackLoader:240 - Cannot read IP mode file for WES.I-CUBE-Cesium.1.3.0
2023-08-03 11:27:14,145 [WARN] PackLoader:240 - Cannot read IP mode file for STMicroelectronics.X-CUBE-BLE2.3.3.0
2023-08-03 11:27:14,195 [WARN] PackLoader:240 - Cannot read IP mode file for STMicroelectronics.X-CUBE-TOUCHGFX.4.21.4
2023-08-03 11:27:14,199 [WARN] PackLoader:240 - Cannot read IP mode file for STMicroelectronics.X-CUBE-ALGOBUILD.1.3.0
2023-08-03 11:27:14,206 [WARN] PackLoader:240 - Cannot read IP mode file for STMicroelectronics.X-CUBE-AZRTOS-G0.1.1.0
2023-08-03 11:27:14,211 [WARN] PackLoader:240 - Cannot read IP mode file for STMicroelectronics.X-CUBE-NFC4.3.0.0
2023-08-03 11:27:14,214 [WARN] PackLoader:240 - Cannot read IP mode file for STMicroelectronics.FP-ATR-SIGFOX1.3.2.0
2023-08-03 11:27:14,242 [WARN] PackLoader:240 - Cannot read IP mode file for STMicroelectronics.X-CUBE-MEMS1.9.5.0
2023-08-03 11:27:14,361 [WARN] PackLoader:240 - Cannot read IP mode file for SEGGER.I-CUBE-embOS.1.3.1
2023-08-03 11:27:14,382 [WARN] PackLoader:240 - Cannot read IP mode file for STMicroelectronics.X-CUBE-GNSS1.6.0.0
2023-08-03 11:27:14,390 [WARN] PackLoader:240 - Cannot read IP mode file for STMicroelectronics.X-CUBE-AZRTOS-F4.1.1.0
2023-08-03 11:27:14,395 [WARN] PackLoader:240 - Cannot read IP mode file for wolfSSL.I-CUBE-wolfSSL.5.6.3
2023-08-03 11:27:14,397 [WARN] PackLoader:240 - Cannot read IP mode file for wolfSSL.I-CUBE-wolfSSL.5.6.0
2023-08-03 11:27:14,411 [WARN] PackLoader:240 - Cannot read IP mode file for STMicroelectronics.X-CUBE-MEMS1.9.6.0
2023-08-03 11:27:14,568 [WARN] PackLoader:240 - Cannot read IP mode file for emotas.I-CUBE-CANOPEN.1.1.3
2023-08-03 11:27:14,577 [WARN] PackLoader:240 - Cannot read IP mode file for STMicroelectronics.X-CUBE-BLEMGR.2.0.0
2023-08-03 11:27:14,592 [WARN] ConditionMgr:438 - getConditionDescription Invalid condition id : UX DEVICE CLASS RTOS Condition cause : null
2023-08-03 11:27:14,592 [WARN] ConditionMgr:438 - getConditionDescription Invalid condition id : UX DEVICE CLASS RTOS Condition cause : null
2023-08-03 11:27:14,593 [WARN] PackLoader:240 - Cannot read IP mode file for STMicroelectronics.X-CUBE-AZRTOS-H7.3.1.0
2023-08-03 11:27:14,593 [WARN] ConditionMgr:1039 - genDependencies : Invalid condition id : UX DEVICE CLASS RTOS Condition cause : null
2023-08-03 11:27:14,593 [WARN] ConditionMgr:1039 - genDependencies : Invalid condition id : UX DEVICE CLASS RTOS Condition cause : null
2023-08-03 11:27:14,594 [WARN] ConditionMgr:1039 - genDependencies : Invalid condition id : UX DEVICE CLASS RTOS Condition cause : null
2023-08-03 11:27:14,594 [WARN] ConditionMgr:1039 - genDependencies : Invalid condition id : UX DEVICE CLASS RTOS Condition cause : null
2023-08-03 11:27:14,594 [WARN] ConditionMgr:1039 - genDependencies : Invalid condition id : UX DEVICE CLASS RTOS Condition cause : null
2023-08-03 11:27:14,597 [WARN] PackLoader:240 - Cannot read IP mode file for STMicroelectronics.X-CUBE-NFC7.1.0.1
2023-08-03 11:27:14,599 [WARN] PackLoader:240 - Cannot read IP mode file for STMicroelectronics.X-CUBE-NFC7.1.0.0
2023-08-03 11:27:14,603 [WARN] PackLoader:240 - Cannot read IP mode file for STMicroelectronics.X-CUBE-EEPRMA1.4.1.0
2023-08-03 11:27:14,613 [WARN] ConditionMgr:438 - getConditionDescription Invalid condition id : LAN8742 Phy interface Condition cause : null
2023-08-03 11:27:14,613 [WARN] PackLoader:240 - Cannot read IP mode file for STMicroelectronics.X-CUBE-AZRTOS-L4.2.0.0
2023-08-03 11:27:14,614 [WARN] ConditionMgr:1039 - genDependencies : Invalid condition id : LAN8742 Phy interface Condition cause : null
2023-08-03 11:27:14,614 [WARN] ConditionMgr:1039 - genDependencies : Invalid condition id : LAN8742 Phy interface Condition cause : null
2023-08-03 11:27:14,614 [WARN] ConditionMgr:1039 - genDependencies : Invalid condition id : LAN8742 Phy interface Condition cause : null
2023-08-03 11:27:14,618 [WARN] PackLoader:240 - Cannot read IP mode file for STMicroelectronics.X-CUBE-SFXS2LP1.4.0.0
2023-08-03 11:27:14,621 [WARN] PackLoader:240 - Cannot read IP mode file for STMicroelectronics.X-CUBE-ISPU.1.1.0
2023-08-03 11:27:14,623 [WARN] PackLoader:240 - Cannot read IP mode file for STMicroelectronics.X-CUBE-FREERTOS.1.0.1
2023-08-03 11:27:14,633 [WARN] PackLoader:240 - Cannot read IP mode file for STMicroelectronics.X-CUBE-AZRTOS-L5.1.1.0
2023-08-03 11:27:14,639 [WARN] PackLoader:240 - Cannot read IP mode file for STMicroelectronics.X-CUBE-AI.8.0.1
2023-08-03 11:27:14,664 [WARN] PackLoader:240 - Cannot read IP mode file for STMicroelectronics.X-CUBE-SUBG2.5.0.0
2023-08-03 11:27:14,679 [WARN] PackLoader:240 - Cannot read IP mode file for STMicroelectronics.X-CUBE-TOF1.3.3.1
2023-08-03 11:27:14,703 [WARN] PackLoader:240 - Cannot read IP mode file for STMicroelectronics.X-CUBE-AZRTOS-G4.2.0.0
2023-08-03 11:27:14,713 [WARN] PackLoader:240 - Cannot read IP mode file for STMicroelectronics.X-CUBE-TOF1.3.3.0
2023-08-03 11:27:14,735 [WARN] PackLoader:240 - Cannot read IP mode file for STMicroelectronics.X-CUBE-AZRTOS-WL.1.0.0
2023-08-03 11:27:14,741 [WARN] PackLoader:240 - Cannot read IP mode file for portGmbH.I-Cube-SoM-uGOAL.1.1.0
2023-08-03 11:27:14,744 [WARN] PackLoader:240 - Cannot read IP mode file for STMicroelectronics.X-CUBE-ALS.1.0.1
2023-08-03 11:27:14,752 [WARN] PackLoader:240 - Cannot read IP mode file for STMicroelectronics.X-CUBE-AZRTOS-WB.1.1.0
2023-08-03 11:27:14,756 [WARN] PackLoader:240 - Cannot read IP mode file for STMicroelectronics.FP-ATR-ASTRA1.2.0.0
2023-08-03 11:27:14,758 [INFO] ThirdParty:978 - Integrity check success = true
2023-08-03 11:27:14,758 [INFO] IntegrityCheckThread:100 - exiting critical section [integrity check]
2023-08-03 11:27:14,758 [INFO] IntegrityCheckThread:103 - End integrity checks thread
2023-08-03 11:27:33,688 [ERROR] LogOutputStream:75 - [STDERR_REDIRECT] SLF4J: Failed to load class "org.slf4j.impl.StaticLoggerBinder".
2023-08-03 11:27:33,689 [ERROR] LogOutputStream:75 - [STDERR_REDIRECT] SLF4J: Defaulting to no-operation (NOP) logger implementation
2023-08-03 11:27:33,689 [ERROR] LogOutputStream:75 - [STDERR_REDIRECT] SLF4J: See http://www.slf4j.org/codes.html#StaticLoggerBinder for further details.
2023-08-03 12:06:07,249 [ERROR] LogOutputStream:75 - [STDERR_REDIRECT] 
