12:36:10 **** Incremental Build of configuration Debug for project OnBoardMics ****
make -j16 all 
arm-none-eabi-gcc "C:/Users/angel/STM32CubeIDE/STWINK2/x-cube-memsmic1-main (1)/x-cube-memsmic1-main/Drivers/BSP/STWIN/STWIN.c" -mcpu=cortex-m4 -std=gnu11 -g3 -DUSE_HAL_DRIVER -DSTM32L4R9xx -DUSE_USB_FS -DARM_MATH_CM4 -c -I../../../Inc -I../../../../../../../Drivers/CMSIS/Device/ST/STM32L4xx/Include -I../../../../../../../Drivers/STM32L4xx_HAL_Driver/Inc -I../../../../../../../Middlewares/ST/STM32_USB_Device_Library/Class/AUDIO/Inc -I../../../../../../../Middlewares/ST/STM32_USB_Device_Library/Core/Inc -I../../../../../../../Drivers/CMSIS/Include -I../../../../../../../Drivers/CMSIS/DSP/Include -I../../../../../../../Drivers/BSP/STWIN -I../../../../../../../Drivers/BSP/Components/Common -I"C:/Users/angel/STM32CubeIDE/STWINKOG/x-cube-memsmic1-main (1)/x-cube-memsmic1-main/Drivers/STM32L4xx_HAL_Driver/Inc" -O0 -ffunction-sections -Wall -fstack-usage -fcyclomatic-complexity -MMD -MP -MF"Drivers/BSP/STWIN/STWIN.d" -MT"Drivers/BSP/STWIN/STWIN.o" --specs=nano.specs -mfpu=fpv4-sp-d16 -mfloat-abi=softfp -mthumb -o "Drivers/BSP/STWIN/STWIN.o"
arm-none-eabi-gcc "C:/Users/angel/STM32CubeIDE/STWINK2/x-cube-memsmic1-main (1)/x-cube-memsmic1-main/Drivers/BSP/STWIN/STWIN_audio.c" -mcpu=cortex-m4 -std=gnu11 -g3 -DUSE_HAL_DRIVER -DSTM32L4R9xx -DUSE_USB_FS -DARM_MATH_CM4 -c -I../../../Inc -I../../../../../../../Drivers/CMSIS/Device/ST/STM32L4xx/Include -I../../../../../../../Drivers/STM32L4xx_HAL_Driver/Inc -I../../../../../../../Middlewares/ST/STM32_USB_Device_Library/Class/AUDIO/Inc -I../../../../../../../Middlewares/ST/STM32_USB_Device_Library/Core/Inc -I../../../../../../../Drivers/CMSIS/Include -I../../../../../../../Drivers/CMSIS/DSP/Include -I../../../../../../../Drivers/BSP/STWIN -I../../../../../../../Drivers/BSP/Components/Common -I"C:/Users/angel/STM32CubeIDE/STWINKOG/x-cube-memsmic1-main (1)/x-cube-memsmic1-main/Drivers/STM32L4xx_HAL_Driver/Inc" -O0 -ffunction-sections -Wall -fstack-usage -fcyclomatic-complexity -MMD -MP -MF"Drivers/BSP/STWIN/STWIN_audio.d" -MT"Drivers/BSP/STWIN/STWIN_audio.o" --specs=nano.specs -mfpu=fpv4-sp-d16 -mfloat-abi=softfp -mthumb -o "Drivers/BSP/STWIN/STWIN_audio.o"
arm-none-eabi-gcc "C:/Users/angel/STM32CubeIDE/STWINK2/x-cube-memsmic1-main (1)/x-cube-memsmic1-main/Drivers/BSP/STWIN/STWIN_bus.c" -mcpu=cortex-m4 -std=gnu11 -g3 -DUSE_HAL_DRIVER -DSTM32L4R9xx -DUSE_USB_FS -DARM_MATH_CM4 -c -I../../../Inc -I../../../../../../../Drivers/CMSIS/Device/ST/STM32L4xx/Include -I../../../../../../../Drivers/STM32L4xx_HAL_Driver/Inc -I../../../../../../../Middlewares/ST/STM32_USB_Device_Library/Class/AUDIO/Inc -I../../../../../../../Middlewares/ST/STM32_USB_Device_Library/Core/Inc -I../../../../../../../Drivers/CMSIS/Include -I../../../../../../../Drivers/CMSIS/DSP/Include -I../../../../../../../Drivers/BSP/STWIN -I../../../../../../../Drivers/BSP/Components/Common -I"C:/Users/angel/STM32CubeIDE/STWINKOG/x-cube-memsmic1-main (1)/x-cube-memsmic1-main/Drivers/STM32L4xx_HAL_Driver/Inc" -O0 -ffunction-sections -Wall -fstack-usage -fcyclomatic-complexity -MMD -MP -MF"Drivers/BSP/STWIN/STWIN_bus.d" -MT"Drivers/BSP/STWIN/STWIN_bus.o" --specs=nano.specs -mfpu=fpv4-sp-d16 -mfloat-abi=softfp -mthumb -o "Drivers/BSP/STWIN/STWIN_bus.o"
arm-none-eabi-gcc "C:/Users/angel/STM32CubeIDE/STWINK2/x-cube-memsmic1-main (1)/x-cube-memsmic1-main/Projects/STM32L4R9ZI-STWIN/Demonstration/Microphones_Streaming/Src/audio_application.c" -mcpu=cortex-m4 -std=gnu11 -g3 -DUSE_HAL_DRIVER -DSTM32L4R9xx -DUSE_USB_FS -DARM_MATH_CM4 -c -I../../../Inc -I../../../../../../../Drivers/CMSIS/Device/ST/STM32L4xx/Include -I../../../../../../../Drivers/STM32L4xx_HAL_Driver/Inc -I../../../../../../../Middlewares/ST/STM32_USB_Device_Library/Class/AUDIO/Inc -I../../../../../../../Middlewares/ST/STM32_USB_Device_Library/Core/Inc -I../../../../../../../Drivers/CMSIS/Include -I../../../../../../../Drivers/CMSIS/DSP/Include -I../../../../../../../Drivers/BSP/STWIN -I../../../../../../../Drivers/BSP/Components/Common -I"C:/Users/angel/STM32CubeIDE/STWINKOG/x-cube-memsmic1-main (1)/x-cube-memsmic1-main/Drivers/STM32L4xx_HAL_Driver/Inc" -O0 -ffunction-sections -Wall -fstack-usage -fcyclomatic-complexity -MMD -MP -MF"Application/User/audio_application.d" -MT"Application/User/audio_application.o" --specs=nano.specs -mfpu=fpv4-sp-d16 -mfloat-abi=softfp -mthumb -o "Application/User/audio_application.o"
arm-none-eabi-gcc "C:/Users/angel/STM32CubeIDE/STWINK2/x-cube-memsmic1-main (1)/x-cube-memsmic1-main/Projects/STM32L4R9ZI-STWIN/Demonstration/Microphones_Streaming/Src/cube_hal_l4.c" -mcpu=cortex-m4 -std=gnu11 -g3 -DUSE_HAL_DRIVER -DSTM32L4R9xx -DUSE_USB_FS -DARM_MATH_CM4 -c -I../../../Inc -I../../../../../../../Drivers/CMSIS/Device/ST/STM32L4xx/Include -I../../../../../../../Drivers/STM32L4xx_HAL_Driver/Inc -I../../../../../../../Middlewares/ST/STM32_USB_Device_Library/Class/AUDIO/Inc -I../../../../../../../Middlewares/ST/STM32_USB_Device_Library/Core/Inc -I../../../../../../../Drivers/CMSIS/Include -I../../../../../../../Drivers/CMSIS/DSP/Include -I../../../../../../../Drivers/BSP/STWIN -I../../../../../../../Drivers/BSP/Components/Common -I"C:/Users/angel/STM32CubeIDE/STWINKOG/x-cube-memsmic1-main (1)/x-cube-memsmic1-main/Drivers/STM32L4xx_HAL_Driver/Inc" -O0 -ffunction-sections -Wall -fstack-usage -fcyclomatic-complexity -MMD -MP -MF"Application/User/cube_hal_l4.d" -MT"Application/User/cube_hal_l4.o" --specs=nano.specs -mfpu=fpv4-sp-d16 -mfloat-abi=softfp -mthumb -o "Application/User/cube_hal_l4.o"
arm-none-eabi-gcc "C:/Users/angel/STM32CubeIDE/STWINK2/x-cube-memsmic1-main (1)/x-cube-memsmic1-main/Projects/STM32L4R9ZI-STWIN/Demonstration/Microphones_Streaming/Src/main.c" -mcpu=cortex-m4 -std=gnu11 -g3 -DUSE_HAL_DRIVER -DSTM32L4R9xx -DUSE_USB_FS -DARM_MATH_CM4 -c -I../../../Inc -I../../../../../../../Drivers/CMSIS/Device/ST/STM32L4xx/Include -I../../../../../../../Drivers/STM32L4xx_HAL_Driver/Inc -I../../../../../../../Middlewares/ST/STM32_USB_Device_Library/Class/AUDIO/Inc -I../../../../../../../Middlewares/ST/STM32_USB_Device_Library/Core/Inc -I../../../../../../../Drivers/CMSIS/Include -I../../../../../../../Drivers/CMSIS/DSP/Include -I../../../../../../../Drivers/BSP/STWIN -I../../../../../../../Drivers/BSP/Components/Common -I"C:/Users/angel/STM32CubeIDE/STWINKOG/x-cube-memsmic1-main (1)/x-cube-memsmic1-main/Drivers/STM32L4xx_HAL_Driver/Inc" -O0 -ffunction-sections -Wall -fstack-usage -fcyclomatic-complexity -MMD -MP -MF"Application/User/main.d" -MT"Application/User/main.o" --specs=nano.specs -mfpu=fpv4-sp-d16 -mfloat-abi=softfp -mthumb -o "Application/User/main.o"
arm-none-eabi-gcc "C:/Users/angel/STM32CubeIDE/STWINK2/x-cube-memsmic1-main (1)/x-cube-memsmic1-main/Projects/STM32L4R9ZI-STWIN/Demonstration/Microphones_Streaming/Src/stm32xx_it.c" -mcpu=cortex-m4 -std=gnu11 -g3 -DUSE_HAL_DRIVER -DSTM32L4R9xx -DUSE_USB_FS -DARM_MATH_CM4 -c -I../../../Inc -I../../../../../../../Drivers/CMSIS/Device/ST/STM32L4xx/Include -I../../../../../../../Drivers/STM32L4xx_HAL_Driver/Inc -I../../../../../../../Middlewares/ST/STM32_USB_Device_Library/Class/AUDIO/Inc -I../../../../../../../Middlewares/ST/STM32_USB_Device_Library/Core/Inc -I../../../../../../../Drivers/CMSIS/Include -I../../../../../../../Drivers/CMSIS/DSP/Include -I../../../../../../../Drivers/BSP/STWIN -I../../../../../../../Drivers/BSP/Components/Common -I"C:/Users/angel/STM32CubeIDE/STWINKOG/x-cube-memsmic1-main (1)/x-cube-memsmic1-main/Drivers/STM32L4xx_HAL_Driver/Inc" -O0 -ffunction-sections -Wall -fstack-usage -fcyclomatic-complexity -MMD -MP -MF"Application/User/stm32xx_it.d" -MT"Application/User/stm32xx_it.o" --specs=nano.specs -mfpu=fpv4-sp-d16 -mfloat-abi=softfp -mthumb -o "Application/User/stm32xx_it.o"
arm-none-eabi-gcc "C:/Users/angel/STM32CubeIDE/STWINK2/x-cube-memsmic1-main (1)/x-cube-memsmic1-main/Projects/STM32L4R9ZI-STWIN/Demonstration/Microphones_Streaming/Src/usbd_audio_if.c" -mcpu=cortex-m4 -std=gnu11 -g3 -DUSE_HAL_DRIVER -DSTM32L4R9xx -DUSE_USB_FS -DARM_MATH_CM4 -c -I../../../Inc -I../../../../../../../Drivers/CMSIS/Device/ST/STM32L4xx/Include -I../../../../../../../Drivers/STM32L4xx_HAL_Driver/Inc -I../../../../../../../Middlewares/ST/STM32_USB_Device_Library/Class/AUDIO/Inc -I../../../../../../../Middlewares/ST/STM32_USB_Device_Library/Core/Inc -I../../../../../../../Drivers/CMSIS/Include -I../../../../../../../Drivers/CMSIS/DSP/Include -I../../../../../../../Drivers/BSP/STWIN -I../../../../../../../Drivers/BSP/Components/Common -I"C:/Users/angel/STM32CubeIDE/STWINKOG/x-cube-memsmic1-main (1)/x-cube-memsmic1-main/Drivers/STM32L4xx_HAL_Driver/Inc" -O0 -ffunction-sections -Wall -fstack-usage -fcyclomatic-complexity -MMD -MP -MF"Application/User/usbd_audio_if.d" -MT"Application/User/usbd_audio_if.o" --specs=nano.specs -mfpu=fpv4-sp-d16 -mfloat-abi=softfp -mthumb -o "Application/User/usbd_audio_if.o"
arm-none-eabi-gcc -o "OnBoardMics.elf" @"objects.list"  -l:libarm_cortexM4l_math.a -larm_cortexM4l_math -mcpu=cortex-m4 -T"../STM32L4R9ZITx_FLASH.ld" --specs=nosys.specs -Wl,-Map="OnBoardMics.map" -Wl,--gc-sections -static -L../../../../../../../Drivers/CMSIS/DSP/Lib/GCC --specs=nano.specs -mfpu=fpv4-sp-d16 -mfloat-abi=softfp -mthumb -Wl,--start-group -lc -lm -Wl,--end-group
Finished building target: OnBoardMics.elf
 
arm-none-eabi-size   OnBoardMics.elf 
arm-none-eabi-objdump -h -S  OnBoardMics.elf  > "OnBoardMics.list"
arm-none-eabi-objcopy  -O binary  OnBoardMics.elf  "OnBoardMics.bin"
   text	   data	    bss	    dec	    hex	filename
 131856	    280	  89800	 221936	  362f0	OnBoardMics.elf
Finished building: default.size.stdout
 
Finished building: OnBoardMics.bin
 
Finished building: OnBoardMics.list
 
12:36:29 **** Incremental Build of configuration Debug for project OnBoardMics ****
make -j16 all 
arm-none-eabi-size   OnBoardMics.elf 
   text	   data	    bss	    dec	    hex	filename
 131856	    280	  89800	 221936	  362f0	OnBoardMics.elf
Finished building: default.size.stdout
 
12:36:37 **** Incremental Build of configuration Debug for project OnBoardMics ****
make -j16 all 
arm-none-eabi-size   OnBoardMics.elf 
   text	   data	    bss	    dec	    hex	filename
 131856	    280	  89800	 221936	  362f0	OnBoardMics.elf
Finished building: default.size.stdout
 
12:38:27 **** Incremental Build of configuration Debug for project OnBoardMics ****
make -j16 all 
arm-none-eabi-gcc "C:/Users/angel/STM32CubeIDE/STWINK2/x-cube-memsmic1-main (1)/x-cube-memsmic1-main/Projects/STM32L4R9ZI-STWIN/Demonstration/Microphones_Streaming/Src/audio_application.c" -mcpu=cortex-m4 -std=gnu11 -g3 -DUSE_HAL_DRIVER -DSTM32L4R9xx -DUSE_USB_FS -DARM_MATH_CM4 -c -I../../../Inc -I../../../../../../../Drivers/CMSIS/Device/ST/STM32L4xx/Include -I../../../../../../../Drivers/STM32L4xx_HAL_Driver/Inc -I../../../../../../../Middlewares/ST/STM32_USB_Device_Library/Class/AUDIO/Inc -I../../../../../../../Middlewares/ST/STM32_USB_Device_Library/Core/Inc -I../../../../../../../Drivers/CMSIS/Include -I../../../../../../../Drivers/CMSIS/DSP/Include -I../../../../../../../Drivers/BSP/STWIN -I../../../../../../../Drivers/BSP/Components/Common -I"C:/Users/angel/STM32CubeIDE/STWINKOG/x-cube-memsmic1-main (1)/x-cube-memsmic1-main/Drivers/STM32L4xx_HAL_Driver/Inc" -O0 -ffunction-sections -Wall -fstack-usage -fcyclomatic-complexity -MMD -MP -MF"Application/User/audio_application.d" -MT"Application/User/audio_application.o" --specs=nano.specs -mfpu=fpv4-sp-d16 -mfloat-abi=softfp -mthumb -o "Application/User/audio_application.o"
arm-none-eabi-gcc -o "OnBoardMics.elf" @"objects.list"  -l:libarm_cortexM4l_math.a -larm_cortexM4l_math -mcpu=cortex-m4 -T"../STM32L4R9ZITx_FLASH.ld" --specs=nosys.specs -Wl,-Map="OnBoardMics.map" -Wl,--gc-sections -static -L../../../../../../../Drivers/CMSIS/DSP/Lib/GCC --specs=nano.specs -mfpu=fpv4-sp-d16 -mfloat-abi=softfp -mthumb -Wl,--start-group -lc -lm -Wl,--end-group
Finished building target: OnBoardMics.elf
 
arm-none-eabi-size   OnBoardMics.elf 
arm-none-eabi-objdump -h -S  OnBoardMics.elf  > "OnBoardMics.list"
arm-none-eabi-objcopy  -O binary  OnBoardMics.elf  "OnBoardMics.bin"
   text	   data	    bss	    dec	    hex	filename
 131856	    280	  89800	 221936	  362f0	OnBoardMics.elf
Finished building: default.size.stdout
 
Finished building: OnBoardMics.bin
 
Finished building: OnBoardMics.list
 
12:39:54 **** Incremental Build of configuration Debug for project OnBoardMics ****
make -j16 all 
arm-none-eabi-size   OnBoardMics.elf 
   text	   data	    bss	    dec	    hex	filename
 131856	    280	  89800	 221936	  362f0	OnBoardMics.elf
Finished building: default.size.stdout
 
12:40:54 **** Incremental Build of configuration Debug for project OnBoardMics ****
make -j16 all 
arm-none-eabi-size   OnBoardMics.elf 
   text	   data	    bss	    dec	    hex	filename
 131856	    280	  89800	 221936	  362f0	OnBoardMics.elf
Finished building: default.size.stdout
 
12:41:03 **** Incremental Build of configuration Debug for project OnBoardMics ****
make -j16 all 
arm-none-eabi-size   OnBoardMics.elf 
   text	   data	    bss	    dec	    hex	filename
 131856	    280	  89800	 221936	  362f0	OnBoardMics.elf
Finished building: default.size.stdout
 
12:43:57 **** Incremental Build of configuration Debug for project OnBoardMics ****
make -j16 all 
arm-none-eabi-gcc "C:/Users/angel/STM32CubeIDE/STWINK2/x-cube-memsmic1-main (1)/x-cube-memsmic1-main/Drivers/BSP/STWIN/STWIN.c" -mcpu=cortex-m4 -std=gnu11 -g3 -DUSE_HAL_DRIVER -DSTM32L4R9xx -DUSE_USB_FS -DARM_MATH_CM4 -c -I../../../Inc -I../../../../../../../Drivers/CMSIS/Device/ST/STM32L4xx/Include -I../../../../../../../Drivers/STM32L4xx_HAL_Driver/Inc -I../../../../../../../Middlewares/ST/STM32_USB_Device_Library/Class/AUDIO/Inc -I../../../../../../../Middlewares/ST/STM32_USB_Device_Library/Core/Inc -I../../../../../../../Drivers/CMSIS/Include -I../../../../../../../Drivers/CMSIS/DSP/Include -I../../../../../../../Drivers/BSP/STWIN -I../../../../../../../Drivers/BSP/Components/Common -I"C:/Users/angel/STM32CubeIDE/STWINKOG/x-cube-memsmic1-main (1)/x-cube-memsmic1-main/Drivers/STM32L4xx_HAL_Driver/Inc" -O0 -ffunction-sections -Wall -fstack-usage -fcyclomatic-complexity -MMD -MP -MF"Drivers/BSP/STWIN/STWIN.d" -MT"Drivers/BSP/STWIN/STWIN.o" --specs=nano.specs -mfpu=fpv4-sp-d16 -mfloat-abi=softfp -mthumb -o "Drivers/BSP/STWIN/STWIN.o"
arm-none-eabi-gcc "C:/Users/angel/STM32CubeIDE/STWINK2/x-cube-memsmic1-main (1)/x-cube-memsmic1-main/Drivers/BSP/STWIN/STWIN_audio.c" -mcpu=cortex-m4 -std=gnu11 -g3 -DUSE_HAL_DRIVER -DSTM32L4R9xx -DUSE_USB_FS -DARM_MATH_CM4 -c -I../../../Inc -I../../../../../../../Drivers/CMSIS/Device/ST/STM32L4xx/Include -I../../../../../../../Drivers/STM32L4xx_HAL_Driver/Inc -I../../../../../../../Middlewares/ST/STM32_USB_Device_Library/Class/AUDIO/Inc -I../../../../../../../Middlewares/ST/STM32_USB_Device_Library/Core/Inc -I../../../../../../../Drivers/CMSIS/Include -I../../../../../../../Drivers/CMSIS/DSP/Include -I../../../../../../../Drivers/BSP/STWIN -I../../../../../../../Drivers/BSP/Components/Common -I"C:/Users/angel/STM32CubeIDE/STWINKOG/x-cube-memsmic1-main (1)/x-cube-memsmic1-main/Drivers/STM32L4xx_HAL_Driver/Inc" -O0 -ffunction-sections -Wall -fstack-usage -fcyclomatic-complexity -MMD -MP -MF"Drivers/BSP/STWIN/STWIN_audio.d" -MT"Drivers/BSP/STWIN/STWIN_audio.o" --specs=nano.specs -mfpu=fpv4-sp-d16 -mfloat-abi=softfp -mthumb -o "Drivers/BSP/STWIN/STWIN_audio.o"
arm-none-eabi-gcc "C:/Users/angel/STM32CubeIDE/STWINK2/x-cube-memsmic1-main (1)/x-cube-memsmic1-main/Drivers/BSP/STWIN/STWIN_bus.c" -mcpu=cortex-m4 -std=gnu11 -g3 -DUSE_HAL_DRIVER -DSTM32L4R9xx -DUSE_USB_FS -DARM_MATH_CM4 -c -I../../../Inc -I../../../../../../../Drivers/CMSIS/Device/ST/STM32L4xx/Include -I../../../../../../../Drivers/STM32L4xx_HAL_Driver/Inc -I../../../../../../../Middlewares/ST/STM32_USB_Device_Library/Class/AUDIO/Inc -I../../../../../../../Middlewares/ST/STM32_USB_Device_Library/Core/Inc -I../../../../../../../Drivers/CMSIS/Include -I../../../../../../../Drivers/CMSIS/DSP/Include -I../../../../../../../Drivers/BSP/STWIN -I../../../../../../../Drivers/BSP/Components/Common -I"C:/Users/angel/STM32CubeIDE/STWINKOG/x-cube-memsmic1-main (1)/x-cube-memsmic1-main/Drivers/STM32L4xx_HAL_Driver/Inc" -O0 -ffunction-sections -Wall -fstack-usage -fcyclomatic-complexity -MMD -MP -MF"Drivers/BSP/STWIN/STWIN_bus.d" -MT"Drivers/BSP/STWIN/STWIN_bus.o" --specs=nano.specs -mfpu=fpv4-sp-d16 -mfloat-abi=softfp -mthumb -o "Drivers/BSP/STWIN/STWIN_bus.o"
arm-none-eabi-gcc "C:/Users/angel/STM32CubeIDE/STWINK2/x-cube-memsmic1-main (1)/x-cube-memsmic1-main/Projects/STM32L4R9ZI-STWIN/Demonstration/Microphones_Streaming/Src/audio_application.c" -mcpu=cortex-m4 -std=gnu11 -g3 -DUSE_HAL_DRIVER -DSTM32L4R9xx -DUSE_USB_FS -DARM_MATH_CM4 -c -I../../../Inc -I../../../../../../../Drivers/CMSIS/Device/ST/STM32L4xx/Include -I../../../../../../../Drivers/STM32L4xx_HAL_Driver/Inc -I../../../../../../../Middlewares/ST/STM32_USB_Device_Library/Class/AUDIO/Inc -I../../../../../../../Middlewares/ST/STM32_USB_Device_Library/Core/Inc -I../../../../../../../Drivers/CMSIS/Include -I../../../../../../../Drivers/CMSIS/DSP/Include -I../../../../../../../Drivers/BSP/STWIN -I../../../../../../../Drivers/BSP/Components/Common -I"C:/Users/angel/STM32CubeIDE/STWINKOG/x-cube-memsmic1-main (1)/x-cube-memsmic1-main/Drivers/STM32L4xx_HAL_Driver/Inc" -O0 -ffunction-sections -Wall -fstack-usage -fcyclomatic-complexity -MMD -MP -MF"Application/User/audio_application.d" -MT"Application/User/audio_application.o" --specs=nano.specs -mfpu=fpv4-sp-d16 -mfloat-abi=softfp -mthumb -o "Application/User/audio_application.o"
arm-none-eabi-gcc "C:/Users/angel/STM32CubeIDE/STWINK2/x-cube-memsmic1-main (1)/x-cube-memsmic1-main/Projects/STM32L4R9ZI-STWIN/Demonstration/Microphones_Streaming/Src/cube_hal_l4.c" -mcpu=cortex-m4 -std=gnu11 -g3 -DUSE_HAL_DRIVER -DSTM32L4R9xx -DUSE_USB_FS -DARM_MATH_CM4 -c -I../../../Inc -I../../../../../../../Drivers/CMSIS/Device/ST/STM32L4xx/Include -I../../../../../../../Drivers/STM32L4xx_HAL_Driver/Inc -I../../../../../../../Middlewares/ST/STM32_USB_Device_Library/Class/AUDIO/Inc -I../../../../../../../Middlewares/ST/STM32_USB_Device_Library/Core/Inc -I../../../../../../../Drivers/CMSIS/Include -I../../../../../../../Drivers/CMSIS/DSP/Include -I../../../../../../../Drivers/BSP/STWIN -I../../../../../../../Drivers/BSP/Components/Common -I"C:/Users/angel/STM32CubeIDE/STWINKOG/x-cube-memsmic1-main (1)/x-cube-memsmic1-main/Drivers/STM32L4xx_HAL_Driver/Inc" -O0 -ffunction-sections -Wall -fstack-usage -fcyclomatic-complexity -MMD -MP -MF"Application/User/cube_hal_l4.d" -MT"Application/User/cube_hal_l4.o" --specs=nano.specs -mfpu=fpv4-sp-d16 -mfloat-abi=softfp -mthumb -o "Application/User/cube_hal_l4.o"
arm-none-eabi-gcc "C:/Users/angel/STM32CubeIDE/STWINK2/x-cube-memsmic1-main (1)/x-cube-memsmic1-main/Projects/STM32L4R9ZI-STWIN/Demonstration/Microphones_Streaming/Src/main.c" -mcpu=cortex-m4 -std=gnu11 -g3 -DUSE_HAL_DRIVER -DSTM32L4R9xx -DUSE_USB_FS -DARM_MATH_CM4 -c -I../../../Inc -I../../../../../../../Drivers/CMSIS/Device/ST/STM32L4xx/Include -I../../../../../../../Drivers/STM32L4xx_HAL_Driver/Inc -I../../../../../../../Middlewares/ST/STM32_USB_Device_Library/Class/AUDIO/Inc -I../../../../../../../Middlewares/ST/STM32_USB_Device_Library/Core/Inc -I../../../../../../../Drivers/CMSIS/Include -I../../../../../../../Drivers/CMSIS/DSP/Include -I../../../../../../../Drivers/BSP/STWIN -I../../../../../../../Drivers/BSP/Components/Common -I"C:/Users/angel/STM32CubeIDE/STWINKOG/x-cube-memsmic1-main (1)/x-cube-memsmic1-main/Drivers/STM32L4xx_HAL_Driver/Inc" -O0 -ffunction-sections -Wall -fstack-usage -fcyclomatic-complexity -MMD -MP -MF"Application/User/main.d" -MT"Application/User/main.o" --specs=nano.specs -mfpu=fpv4-sp-d16 -mfloat-abi=softfp -mthumb -o "Application/User/main.o"
arm-none-eabi-gcc "C:/Users/angel/STM32CubeIDE/STWINK2/x-cube-memsmic1-main (1)/x-cube-memsmic1-main/Projects/STM32L4R9ZI-STWIN/Demonstration/Microphones_Streaming/Src/stm32xx_it.c" -mcpu=cortex-m4 -std=gnu11 -g3 -DUSE_HAL_DRIVER -DSTM32L4R9xx -DUSE_USB_FS -DARM_MATH_CM4 -c -I../../../Inc -I../../../../../../../Drivers/CMSIS/Device/ST/STM32L4xx/Include -I../../../../../../../Drivers/STM32L4xx_HAL_Driver/Inc -I../../../../../../../Middlewares/ST/STM32_USB_Device_Library/Class/AUDIO/Inc -I../../../../../../../Middlewares/ST/STM32_USB_Device_Library/Core/Inc -I../../../../../../../Drivers/CMSIS/Include -I../../../../../../../Drivers/CMSIS/DSP/Include -I../../../../../../../Drivers/BSP/STWIN -I../../../../../../../Drivers/BSP/Components/Common -I"C:/Users/angel/STM32CubeIDE/STWINKOG/x-cube-memsmic1-main (1)/x-cube-memsmic1-main/Drivers/STM32L4xx_HAL_Driver/Inc" -O0 -ffunction-sections -Wall -fstack-usage -fcyclomatic-complexity -MMD -MP -MF"Application/User/stm32xx_it.d" -MT"Application/User/stm32xx_it.o" --specs=nano.specs -mfpu=fpv4-sp-d16 -mfloat-abi=softfp -mthumb -o "Application/User/stm32xx_it.o"
arm-none-eabi-gcc "C:/Users/angel/STM32CubeIDE/STWINK2/x-cube-memsmic1-main (1)/x-cube-memsmic1-main/Projects/STM32L4R9ZI-STWIN/Demonstration/Microphones_Streaming/Src/usbd_audio_if.c" -mcpu=cortex-m4 -std=gnu11 -g3 -DUSE_HAL_DRIVER -DSTM32L4R9xx -DUSE_USB_FS -DARM_MATH_CM4 -c -I../../../Inc -I../../../../../../../Drivers/CMSIS/Device/ST/STM32L4xx/Include -I../../../../../../../Drivers/STM32L4xx_HAL_Driver/Inc -I../../../../../../../Middlewares/ST/STM32_USB_Device_Library/Class/AUDIO/Inc -I../../../../../../../Middlewares/ST/STM32_USB_Device_Library/Core/Inc -I../../../../../../../Drivers/CMSIS/Include -I../../../../../../../Drivers/CMSIS/DSP/Include -I../../../../../../../Drivers/BSP/STWIN -I../../../../../../../Drivers/BSP/Components/Common -I"C:/Users/angel/STM32CubeIDE/STWINKOG/x-cube-memsmic1-main (1)/x-cube-memsmic1-main/Drivers/STM32L4xx_HAL_Driver/Inc" -O0 -ffunction-sections -Wall -fstack-usage -fcyclomatic-complexity -MMD -MP -MF"Application/User/usbd_audio_if.d" -MT"Application/User/usbd_audio_if.o" --specs=nano.specs -mfpu=fpv4-sp-d16 -mfloat-abi=softfp -mthumb -o "Application/User/usbd_audio_if.o"
arm-none-eabi-gcc -o "OnBoardMics.elf" @"objects.list"  -l:libarm_cortexM4l_math.a -larm_cortexM4l_math -mcpu=cortex-m4 -T"../STM32L4R9ZITx_FLASH.ld" --specs=nosys.specs -Wl,-Map="OnBoardMics.map" -Wl,--gc-sections -static -L../../../../../../../Drivers/CMSIS/DSP/Lib/GCC --specs=nano.specs -mfpu=fpv4-sp-d16 -mfloat-abi=softfp -mthumb -Wl,--start-group -lc -lm -Wl,--end-group
Finished building target: OnBoardMics.elf
 
arm-none-eabi-size   OnBoardMics.elf 
arm-none-eabi-objdump -h -S  OnBoardMics.elf  > "OnBoardMics.list"
arm-none-eabi-objcopy  -O binary  OnBoardMics.elf  "OnBoardMics.bin"
   text	   data	    bss	    dec	    hex	filename
 131848	    280	  87304	 219432	  35928	OnBoardMics.elf
Finished building: default.size.stdout
 
Finished building: OnBoardMics.bin
 
Finished building: OnBoardMics.list
 
12:44:10 **** Incremental Build of configuration Debug for project OnBoardMics ****
make -j16 all 
arm-none-eabi-gcc "C:/Users/angel/STM32CubeIDE/STWINK2/x-cube-memsmic1-main (1)/x-cube-memsmic1-main/Projects/STM32L4R9ZI-STWIN/Demonstration/Microphones_Streaming/Src/audio_application.c" -mcpu=cortex-m4 -std=gnu11 -g3 -DUSE_HAL_DRIVER -DSTM32L4R9xx -DUSE_USB_FS -DARM_MATH_CM4 -c -I../../../Inc -I../../../../../../../Drivers/CMSIS/Device/ST/STM32L4xx/Include -I../../../../../../../Drivers/STM32L4xx_HAL_Driver/Inc -I../../../../../../../Middlewares/ST/STM32_USB_Device_Library/Class/AUDIO/Inc -I../../../../../../../Middlewares/ST/STM32_USB_Device_Library/Core/Inc -I../../../../../../../Drivers/CMSIS/Include -I../../../../../../../Drivers/CMSIS/DSP/Include -I../../../../../../../Drivers/BSP/STWIN -I../../../../../../../Drivers/BSP/Components/Common -I"C:/Users/angel/STM32CubeIDE/STWINKOG/x-cube-memsmic1-main (1)/x-cube-memsmic1-main/Drivers/STM32L4xx_HAL_Driver/Inc" -O0 -ffunction-sections -Wall -fstack-usage -fcyclomatic-complexity -MMD -MP -MF"Application/User/audio_application.d" -MT"Application/User/audio_application.o" --specs=nano.specs -mfpu=fpv4-sp-d16 -mfloat-abi=softfp -mthumb -o "Application/User/audio_application.o"
arm-none-eabi-gcc -o "OnBoardMics.elf" @"objects.list"  -l:libarm_cortexM4l_math.a -larm_cortexM4l_math -mcpu=cortex-m4 -T"../STM32L4R9ZITx_FLASH.ld" --specs=nosys.specs -Wl,-Map="OnBoardMics.map" -Wl,--gc-sections -static -L../../../../../../../Drivers/CMSIS/DSP/Lib/GCC --specs=nano.specs -mfpu=fpv4-sp-d16 -mfloat-abi=softfp -mthumb -Wl,--start-group -lc -lm -Wl,--end-group
Finished building target: OnBoardMics.elf
 
arm-none-eabi-size   OnBoardMics.elf 
arm-none-eabi-objdump -h -S  OnBoardMics.elf  > "OnBoardMics.list"
arm-none-eabi-objcopy  -O binary  OnBoardMics.elf  "OnBoardMics.bin"
   text	   data	    bss	    dec	    hex	filename
 131848	    280	  87304	 219432	  35928	OnBoardMics.elf
Finished building: default.size.stdout
 
Finished building: OnBoardMics.bin
 
Finished building: OnBoardMics.list
 
12:45:03 **** Incremental Build of configuration Debug for project OnBoardMics ****
make -j16 all 
arm-none-eabi-gcc "C:/Users/angel/STM32CubeIDE/STWINK2/x-cube-memsmic1-main (1)/x-cube-memsmic1-main/Projects/STM32L4R9ZI-STWIN/Demonstration/Microphones_Streaming/Src/audio_application.c" -mcpu=cortex-m4 -std=gnu11 -g3 -DUSE_HAL_DRIVER -DSTM32L4R9xx -DUSE_USB_FS -DARM_MATH_CM4 -c -I../../../Inc -I../../../../../../../Drivers/CMSIS/Device/ST/STM32L4xx/Include -I../../../../../../../Drivers/STM32L4xx_HAL_Driver/Inc -I../../../../../../../Middlewares/ST/STM32_USB_Device_Library/Class/AUDIO/Inc -I../../../../../../../Middlewares/ST/STM32_USB_Device_Library/Core/Inc -I../../../../../../../Drivers/CMSIS/Include -I../../../../../../../Drivers/CMSIS/DSP/Include -I../../../../../../../Drivers/BSP/STWIN -I../../../../../../../Drivers/BSP/Components/Common -I"C:/Users/angel/STM32CubeIDE/STWINKOG/x-cube-memsmic1-main (1)/x-cube-memsmic1-main/Drivers/STM32L4xx_HAL_Driver/Inc" -O0 -ffunction-sections -Wall -fstack-usage -fcyclomatic-complexity -MMD -MP -MF"Application/User/audio_application.d" -MT"Application/User/audio_application.o" --specs=nano.specs -mfpu=fpv4-sp-d16 -mfloat-abi=softfp -mthumb -o "Application/User/audio_application.o"
arm-none-eabi-gcc -o "OnBoardMics.elf" @"objects.list"  -l:libarm_cortexM4l_math.a -larm_cortexM4l_math -mcpu=cortex-m4 -T"../STM32L4R9ZITx_FLASH.ld" --specs=nosys.specs -Wl,-Map="OnBoardMics.map" -Wl,--gc-sections -static -L../../../../../../../Drivers/CMSIS/DSP/Lib/GCC --specs=nano.specs -mfpu=fpv4-sp-d16 -mfloat-abi=softfp -mthumb -Wl,--start-group -lc -lm -Wl,--end-group
Finished building target: OnBoardMics.elf
 
arm-none-eabi-size   OnBoardMics.elf 
arm-none-eabi-objdump -h -S  OnBoardMics.elf  > "OnBoardMics.list"
arm-none-eabi-objcopy  -O binary  OnBoardMics.elf  "OnBoardMics.bin"
   text	   data	    bss	    dec	    hex	filename
 131848	    280	 152840	 284968	  45928	OnBoardMics.elf
Finished building: default.size.stdout
 
Finished building: OnBoardMics.bin
 
Finished building: OnBoardMics.list
 
12:49:28 **** Incremental Build of configuration Debug for project OnBoardMics ****
make -j16 all 
arm-none-eabi-gcc "C:/Users/angel/STM32CubeIDE/STWINK2/x-cube-memsmic1-main (1)/x-cube-memsmic1-main/Projects/STM32L4R9ZI-STWIN/Demonstration/Microphones_Streaming/Src/audio_application.c" -mcpu=cortex-m4 -std=gnu11 -g3 -DUSE_HAL_DRIVER -DSTM32L4R9xx -DUSE_USB_FS -DARM_MATH_CM4 -c -I../../../Inc -I../../../../../../../Drivers/CMSIS/Device/ST/STM32L4xx/Include -I../../../../../../../Drivers/STM32L4xx_HAL_Driver/Inc -I../../../../../../../Middlewares/ST/STM32_USB_Device_Library/Class/AUDIO/Inc -I../../../../../../../Middlewares/ST/STM32_USB_Device_Library/Core/Inc -I../../../../../../../Drivers/CMSIS/Include -I../../../../../../../Drivers/CMSIS/DSP/Include -I../../../../../../../Drivers/BSP/STWIN -I../../../../../../../Drivers/BSP/Components/Common -I"C:/Users/angel/STM32CubeIDE/STWINKOG/x-cube-memsmic1-main (1)/x-cube-memsmic1-main/Drivers/STM32L4xx_HAL_Driver/Inc" -O0 -ffunction-sections -Wall -fstack-usage -fcyclomatic-complexity -MMD -MP -MF"Application/User/audio_application.d" -MT"Application/User/audio_application.o" --specs=nano.specs -mfpu=fpv4-sp-d16 -mfloat-abi=softfp -mthumb -o "Application/User/audio_application.o"
arm-none-eabi-gcc -o "OnBoardMics.elf" @"objects.list"  -l:libarm_cortexM4l_math.a -larm_cortexM4l_math -mcpu=cortex-m4 -T"../STM32L4R9ZITx_FLASH.ld" --specs=nosys.specs -Wl,-Map="OnBoardMics.map" -Wl,--gc-sections -static -L../../../../../../../Drivers/CMSIS/DSP/Lib/GCC --specs=nano.specs -mfpu=fpv4-sp-d16 -mfloat-abi=softfp -mthumb -Wl,--start-group -lc -lm -Wl,--end-group
Finished building target: OnBoardMics.elf
 
arm-none-eabi-size   OnBoardMics.elf 
arm-none-eabi-objdump -h -S  OnBoardMics.elf  > "OnBoardMics.list"
arm-none-eabi-objcopy  -O binary  OnBoardMics.elf  "OnBoardMics.bin"
   text	   data	    bss	    dec	    hex	filename
 131848	    280	 120072	 252200	  3d928	OnBoardMics.elf
Finished building: default.size.stdout
 
Finished building: OnBoardMics.bin
 
Finished building: OnBoardMics.list
 
12:50:12 **** Incremental Build of configuration Debug for project OnBoardMics ****
make -j16 all 
arm-none-eabi-size   OnBoardMics.elf 
   text	   data	    bss	    dec	    hex	filename
 131848	    280	 120072	 252200	  3d928	OnBoardMics.elf
Finished building: default.size.stdout
 
12:51:12 **** Incremental Build of configuration Debug for project OnBoardMics ****
make -j16 all 
arm-none-eabi-size   OnBoardMics.elf 
   text	   data	    bss	    dec	    hex	filename
 131848	    280	 120072	 252200	  3d928	OnBoardMics.elf
Finished building: default.size.stdout
 
12:51:51 **** Incremental Build of configuration Debug for project OnBoardMics ****
make -j16 all 
arm-none-eabi-gcc "C:/Users/angel/STM32CubeIDE/STWINK2/x-cube-memsmic1-main (1)/x-cube-memsmic1-main/Projects/STM32L4R9ZI-STWIN/Demonstration/Microphones_Streaming/Src/audio_application.c" -mcpu=cortex-m4 -std=gnu11 -g3 -DUSE_HAL_DRIVER -DSTM32L4R9xx -DUSE_USB_FS -DARM_MATH_CM4 -c -I../../../Inc -I../../../../../../../Drivers/CMSIS/Device/ST/STM32L4xx/Include -I../../../../../../../Drivers/STM32L4xx_HAL_Driver/Inc -I../../../../../../../Middlewares/ST/STM32_USB_Device_Library/Class/AUDIO/Inc -I../../../../../../../Middlewares/ST/STM32_USB_Device_Library/Core/Inc -I../../../../../../../Drivers/CMSIS/Include -I../../../../../../../Drivers/CMSIS/DSP/Include -I../../../../../../../Drivers/BSP/STWIN -I../../../../../../../Drivers/BSP/Components/Common -I"C:/Users/angel/STM32CubeIDE/STWINKOG/x-cube-memsmic1-main (1)/x-cube-memsmic1-main/Drivers/STM32L4xx_HAL_Driver/Inc" -O0 -ffunction-sections -Wall -fstack-usage -fcyclomatic-complexity -MMD -MP -MF"Application/User/audio_application.d" -MT"Application/User/audio_application.o" --specs=nano.specs -mfpu=fpv4-sp-d16 -mfloat-abi=softfp -mthumb -o "Application/User/audio_application.o"
arm-none-eabi-gcc -o "OnBoardMics.elf" @"objects.list"  -l:libarm_cortexM4l_math.a -larm_cortexM4l_math -mcpu=cortex-m4 -T"../STM32L4R9ZITx_FLASH.ld" --specs=nosys.specs -Wl,-Map="OnBoardMics.map" -Wl,--gc-sections -static -L../../../../../../../Drivers/CMSIS/DSP/Lib/GCC --specs=nano.specs -mfpu=fpv4-sp-d16 -mfloat-abi=softfp -mthumb -Wl,--start-group -lc -lm -Wl,--end-group
Finished building target: OnBoardMics.elf
 
arm-none-eabi-size   OnBoardMics.elf 
arm-none-eabi-objdump -h -S  OnBoardMics.elf  > "OnBoardMics.list"
arm-none-eabi-objcopy  -O binary  OnBoardMics.elf  "OnBoardMics.bin"
   text	   data	    bss	    dec	    hex	filename
 131848	    280	  87304	 219432	  35928	OnBoardMics.elf
Finished building: default.size.stdout
 
Finished building: OnBoardMics.bin
 
Finished building: OnBoardMics.list
 
12:52:27 **** Incremental Build of configuration Debug for project OnBoardMics ****
make -j16 all 
arm-none-eabi-gcc "C:/Users/angel/STM32CubeIDE/STWINK2/x-cube-memsmic1-main (1)/x-cube-memsmic1-main/Projects/STM32L4R9ZI-STWIN/Demonstration/Microphones_Streaming/Src/audio_application.c" -mcpu=cortex-m4 -std=gnu11 -g3 -DUSE_HAL_DRIVER -DSTM32L4R9xx -DUSE_USB_FS -DARM_MATH_CM4 -c -I../../../Inc -I../../../../../../../Drivers/CMSIS/Device/ST/STM32L4xx/Include -I../../../../../../../Drivers/STM32L4xx_HAL_Driver/Inc -I../../../../../../../Middlewares/ST/STM32_USB_Device_Library/Class/AUDIO/Inc -I../../../../../../../Middlewares/ST/STM32_USB_Device_Library/Core/Inc -I../../../../../../../Drivers/CMSIS/Include -I../../../../../../../Drivers/CMSIS/DSP/Include -I../../../../../../../Drivers/BSP/STWIN -I../../../../../../../Drivers/BSP/Components/Common -I"C:/Users/angel/STM32CubeIDE/STWINKOG/x-cube-memsmic1-main (1)/x-cube-memsmic1-main/Drivers/STM32L4xx_HAL_Driver/Inc" -O0 -ffunction-sections -Wall -fstack-usage -fcyclomatic-complexity -MMD -MP -MF"Application/User/audio_application.d" -MT"Application/User/audio_application.o" --specs=nano.specs -mfpu=fpv4-sp-d16 -mfloat-abi=softfp -mthumb -o "Application/User/audio_application.o"
arm-none-eabi-gcc -o "OnBoardMics.elf" @"objects.list"  -l:libarm_cortexM4l_math.a -larm_cortexM4l_math -mcpu=cortex-m4 -T"../STM32L4R9ZITx_FLASH.ld" --specs=nosys.specs -Wl,-Map="OnBoardMics.map" -Wl,--gc-sections -static -L../../../../../../../Drivers/CMSIS/DSP/Lib/GCC --specs=nano.specs -mfpu=fpv4-sp-d16 -mfloat-abi=softfp -mthumb -Wl,--start-group -lc -lm -Wl,--end-group
Finished building target: OnBoardMics.elf
 
arm-none-eabi-size   OnBoardMics.elf 
arm-none-eabi-objdump -h -S  OnBoardMics.elf  > "OnBoardMics.list"
arm-none-eabi-objcopy  -O binary  OnBoardMics.elf  "OnBoardMics.bin"
   text	   data	    bss	    dec	    hex	filename
 131848	    280	  53768	 185896	  2d628	OnBoardMics.elf
Finished building: default.size.stdout
 
Finished building: OnBoardMics.bin
 
Finished building: OnBoardMics.list
 
12:52:53 **** Incremental Build of configuration Debug for project OnBoardMics ****
make -j16 all 
arm-none-eabi-gcc "C:/Users/angel/STM32CubeIDE/STWINK2/x-cube-memsmic1-main (1)/x-cube-memsmic1-main/Projects/STM32L4R9ZI-STWIN/Demonstration/Microphones_Streaming/Src/audio_application.c" -mcpu=cortex-m4 -std=gnu11 -g3 -DUSE_HAL_DRIVER -DSTM32L4R9xx -DUSE_USB_FS -DARM_MATH_CM4 -c -I../../../Inc -I../../../../../../../Drivers/CMSIS/Device/ST/STM32L4xx/Include -I../../../../../../../Drivers/STM32L4xx_HAL_Driver/Inc -I../../../../../../../Middlewares/ST/STM32_USB_Device_Library/Class/AUDIO/Inc -I../../../../../../../Middlewares/ST/STM32_USB_Device_Library/Core/Inc -I../../../../../../../Drivers/CMSIS/Include -I../../../../../../../Drivers/CMSIS/DSP/Include -I../../../../../../../Drivers/BSP/STWIN -I../../../../../../../Drivers/BSP/Components/Common -I"C:/Users/angel/STM32CubeIDE/STWINKOG/x-cube-memsmic1-main (1)/x-cube-memsmic1-main/Drivers/STM32L4xx_HAL_Driver/Inc" -O0 -ffunction-sections -Wall -fstack-usage -fcyclomatic-complexity -MMD -MP -MF"Application/User/audio_application.d" -MT"Application/User/audio_application.o" --specs=nano.specs -mfpu=fpv4-sp-d16 -mfloat-abi=softfp -mthumb -o "Application/User/audio_application.o"
arm-none-eabi-gcc -o "OnBoardMics.elf" @"objects.list"  -l:libarm_cortexM4l_math.a -larm_cortexM4l_math -mcpu=cortex-m4 -T"../STM32L4R9ZITx_FLASH.ld" --specs=nosys.specs -Wl,-Map="OnBoardMics.map" -Wl,--gc-sections -static -L../../../../../../../Drivers/CMSIS/DSP/Lib/GCC --specs=nano.specs -mfpu=fpv4-sp-d16 -mfloat-abi=softfp -mthumb -Wl,--start-group -lc -lm -Wl,--end-group
Finished building target: OnBoardMics.elf
 
arm-none-eabi-size   OnBoardMics.elf 
arm-none-eabi-objdump -h -S  OnBoardMics.elf  > "OnBoardMics.list"
arm-none-eabi-objcopy  -O binary  OnBoardMics.elf  "OnBoardMics.bin"
   text	   data	    bss	    dec	    hex	filename
 131848	    280	  87304	 219432	  35928	OnBoardMics.elf
Finished building: default.size.stdout
 
Finished building: OnBoardMics.bin
 
Finished building: OnBoardMics.list
 
12:54:57 **** Incremental Build of configuration Debug for project OnBoardMics ****
make -j16 all 
arm-none-eabi-gcc "C:/Users/angel/STM32CubeIDE/STWINK2/x-cube-memsmic1-main (1)/x-cube-memsmic1-main/Projects/STM32L4R9ZI-STWIN/Demonstration/Microphones_Streaming/Src/audio_application.c" -mcpu=cortex-m4 -std=gnu11 -g3 -DUSE_HAL_DRIVER -DSTM32L4R9xx -DUSE_USB_FS -DARM_MATH_CM4 -c -I../../../Inc -I../../../../../../../Drivers/CMSIS/Device/ST/STM32L4xx/Include -I../../../../../../../Drivers/STM32L4xx_HAL_Driver/Inc -I../../../../../../../Middlewares/ST/STM32_USB_Device_Library/Class/AUDIO/Inc -I../../../../../../../Middlewares/ST/STM32_USB_Device_Library/Core/Inc -I../../../../../../../Drivers/CMSIS/Include -I../../../../../../../Drivers/CMSIS/DSP/Include -I../../../../../../../Drivers/BSP/STWIN -I../../../../../../../Drivers/BSP/Components/Common -I"C:/Users/angel/STM32CubeIDE/STWINKOG/x-cube-memsmic1-main (1)/x-cube-memsmic1-main/Drivers/STM32L4xx_HAL_Driver/Inc" -O0 -ffunction-sections -Wall -fstack-usage -fcyclomatic-complexity -MMD -MP -MF"Application/User/audio_application.d" -MT"Application/User/audio_application.o" --specs=nano.specs -mfpu=fpv4-sp-d16 -mfloat-abi=softfp -mthumb -o "Application/User/audio_application.o"
arm-none-eabi-gcc -o "OnBoardMics.elf" @"objects.list"  -l:libarm_cortexM4l_math.a -larm_cortexM4l_math -mcpu=cortex-m4 -T"../STM32L4R9ZITx_FLASH.ld" --specs=nosys.specs -Wl,-Map="OnBoardMics.map" -Wl,--gc-sections -static -L../../../../../../../Drivers/CMSIS/DSP/Lib/GCC --specs=nano.specs -mfpu=fpv4-sp-d16 -mfloat-abi=softfp -mthumb -Wl,--start-group -lc -lm -Wl,--end-group
Finished building target: OnBoardMics.elf
 
arm-none-eabi-size   OnBoardMics.elf 
arm-none-eabi-objdump -h -S  OnBoardMics.elf  > "OnBoardMics.list"
arm-none-eabi-objcopy  -O binary  OnBoardMics.elf  "OnBoardMics.bin"
   text	   data	    bss	    dec	    hex	filename
 134976	    280	  87304	 222560	  36560	OnBoardMics.elf
Finished building: default.size.stdout
 
Finished building: OnBoardMics.bin
 
Finished building: OnBoardMics.list
 
13:03:45 **** Incremental Build of configuration Debug for project OnBoardMics ****
make -j16 all 
arm-none-eabi-gcc "C:/Users/angel/STM32CubeIDE/STWINK2/x-cube-memsmic1-main (1)/x-cube-memsmic1-main/Projects/STM32L4R9ZI-STWIN/Demonstration/Microphones_Streaming/Src/audio_application.c" -mcpu=cortex-m4 -std=gnu11 -g3 -DUSE_HAL_DRIVER -DSTM32L4R9xx -DUSE_USB_FS -DARM_MATH_CM4 -c -I../../../Inc -I../../../../../../../Drivers/CMSIS/Device/ST/STM32L4xx/Include -I../../../../../../../Drivers/STM32L4xx_HAL_Driver/Inc -I../../../../../../../Middlewares/ST/STM32_USB_Device_Library/Class/AUDIO/Inc -I../../../../../../../Middlewares/ST/STM32_USB_Device_Library/Core/Inc -I../../../../../../../Drivers/CMSIS/Include -I../../../../../../../Drivers/CMSIS/DSP/Include -I../../../../../../../Drivers/BSP/STWIN -I../../../../../../../Drivers/BSP/Components/Common -I"C:/Users/angel/STM32CubeIDE/STWINKOG/x-cube-memsmic1-main (1)/x-cube-memsmic1-main/Drivers/STM32L4xx_HAL_Driver/Inc" -O0 -ffunction-sections -Wall -fstack-usage -fcyclomatic-complexity -MMD -MP -MF"Application/User/audio_application.d" -MT"Application/User/audio_application.o" --specs=nano.specs -mfpu=fpv4-sp-d16 -mfloat-abi=softfp -mthumb -o "Application/User/audio_application.o"
arm-none-eabi-gcc -o "OnBoardMics.elf" @"objects.list"  -l:libarm_cortexM4l_math.a -larm_cortexM4l_math -mcpu=cortex-m4 -T"../STM32L4R9ZITx_FLASH.ld" --specs=nosys.specs -Wl,-Map="OnBoardMics.map" -Wl,--gc-sections -static -L../../../../../../../Drivers/CMSIS/DSP/Lib/GCC --specs=nano.specs -mfpu=fpv4-sp-d16 -mfloat-abi=softfp -mthumb -Wl,--start-group -lc -lm -Wl,--end-group
Finished building target: OnBoardMics.elf
 
arm-none-eabi-size   OnBoardMics.elf 
arm-none-eabi-objdump -h -S  OnBoardMics.elf  > "OnBoardMics.list"
arm-none-eabi-objcopy  -O binary  OnBoardMics.elf  "OnBoardMics.bin"
   text	   data	    bss	    dec	    hex	filename
 135064	    280	  87304	 222648	  365b8	OnBoardMics.elf
Finished building: default.size.stdout
 
Finished building: OnBoardMics.bin
 
Finished building: OnBoardMics.list
 
13:06:59 **** Incremental Build of configuration Debug for project OnBoardMics ****
make -j16 all 
arm-none-eabi-gcc "C:/Users/angel/STM32CubeIDE/STWINK2/x-cube-memsmic1-main (1)/x-cube-memsmic1-main/Projects/STM32L4R9ZI-STWIN/Demonstration/Microphones_Streaming/Src/audio_application.c" -mcpu=cortex-m4 -std=gnu11 -g3 -DUSE_HAL_DRIVER -DSTM32L4R9xx -DUSE_USB_FS -DARM_MATH_CM4 -c -I../../../Inc -I../../../../../../../Drivers/CMSIS/Device/ST/STM32L4xx/Include -I../../../../../../../Drivers/STM32L4xx_HAL_Driver/Inc -I../../../../../../../Middlewares/ST/STM32_USB_Device_Library/Class/AUDIO/Inc -I../../../../../../../Middlewares/ST/STM32_USB_Device_Library/Core/Inc -I../../../../../../../Drivers/CMSIS/Include -I../../../../../../../Drivers/CMSIS/DSP/Include -I../../../../../../../Drivers/BSP/STWIN -I../../../../../../../Drivers/BSP/Components/Common -I"C:/Users/angel/STM32CubeIDE/STWINKOG/x-cube-memsmic1-main (1)/x-cube-memsmic1-main/Drivers/STM32L4xx_HAL_Driver/Inc" -O0 -ffunction-sections -Wall -fstack-usage -fcyclomatic-complexity -MMD -MP -MF"Application/User/audio_application.d" -MT"Application/User/audio_application.o" --specs=nano.specs -mfpu=fpv4-sp-d16 -mfloat-abi=softfp -mthumb -o "Application/User/audio_application.o"
arm-none-eabi-gcc -o "OnBoardMics.elf" @"objects.list"  -l:libarm_cortexM4l_math.a -larm_cortexM4l_math -mcpu=cortex-m4 -T"../STM32L4R9ZITx_FLASH.ld" --specs=nosys.specs -Wl,-Map="OnBoardMics.map" -Wl,--gc-sections -static -L../../../../../../../Drivers/CMSIS/DSP/Lib/GCC --specs=nano.specs -mfpu=fpv4-sp-d16 -mfloat-abi=softfp -mthumb -Wl,--start-group -lc -lm -Wl,--end-group
Finished building target: OnBoardMics.elf
 
arm-none-eabi-size   OnBoardMics.elf 
arm-none-eabi-objdump -h -S  OnBoardMics.elf  > "OnBoardMics.list"
arm-none-eabi-objcopy  -O binary  OnBoardMics.elf  "OnBoardMics.bin"
   text	   data	    bss	    dec	    hex	filename
 134976	    280	  87304	 222560	  36560	OnBoardMics.elf
Finished building: default.size.stdout
 
Finished building: OnBoardMics.bin
 
Finished building: OnBoardMics.list
 
13:11:30 **** Incremental Build of configuration Debug for project OnBoardMics ****
make -j16 all 
arm-none-eabi-gcc "C:/Users/angel/STM32CubeIDE/STWINK2/x-cube-memsmic1-main (1)/x-cube-memsmic1-main/Projects/STM32L4R9ZI-STWIN/Demonstration/Microphones_Streaming/Src/audio_application.c" -mcpu=cortex-m4 -std=gnu11 -g3 -DUSE_HAL_DRIVER -DSTM32L4R9xx -DUSE_USB_FS -DARM_MATH_CM4 -c -I../../../Inc -I../../../../../../../Drivers/CMSIS/Device/ST/STM32L4xx/Include -I../../../../../../../Drivers/STM32L4xx_HAL_Driver/Inc -I../../../../../../../Middlewares/ST/STM32_USB_Device_Library/Class/AUDIO/Inc -I../../../../../../../Middlewares/ST/STM32_USB_Device_Library/Core/Inc -I../../../../../../../Drivers/CMSIS/Include -I../../../../../../../Drivers/CMSIS/DSP/Include -I../../../../../../../Drivers/BSP/STWIN -I../../../../../../../Drivers/BSP/Components/Common -I"C:/Users/angel/STM32CubeIDE/STWINKOG/x-cube-memsmic1-main (1)/x-cube-memsmic1-main/Drivers/STM32L4xx_HAL_Driver/Inc" -O0 -ffunction-sections -Wall -fstack-usage -fcyclomatic-complexity -MMD -MP -MF"Application/User/audio_application.d" -MT"Application/User/audio_application.o" --specs=nano.specs -mfpu=fpv4-sp-d16 -mfloat-abi=softfp -mthumb -o "Application/User/audio_application.o"
arm-none-eabi-gcc -o "OnBoardMics.elf" @"objects.list"  -l:libarm_cortexM4l_math.a -larm_cortexM4l_math -mcpu=cortex-m4 -T"../STM32L4R9ZITx_FLASH.ld" --specs=nosys.specs -Wl,-Map="OnBoardMics.map" -Wl,--gc-sections -static -L../../../../../../../Drivers/CMSIS/DSP/Lib/GCC --specs=nano.specs -mfpu=fpv4-sp-d16 -mfloat-abi=softfp -mthumb -Wl,--start-group -lc -lm -Wl,--end-group
Finished building target: OnBoardMics.elf
 
arm-none-eabi-size   OnBoardMics.elf 
arm-none-eabi-objdump -h -S  OnBoardMics.elf  > "OnBoardMics.list"
arm-none-eabi-objcopy  -O binary  OnBoardMics.elf  "OnBoardMics.bin"
   text	   data	    bss	    dec	    hex	filename
 137496	    280	  87304	 225080	  36f38	OnBoardMics.elf
Finished building: default.size.stdout
 
Finished building: OnBoardMics.bin
 
Finished building: OnBoardMics.list
 
13:13:39 **** Incremental Build of configuration Debug for project OnBoardMics ****
make -j16 all 
arm-none-eabi-gcc "C:/Users/angel/STM32CubeIDE/STWINK2/x-cube-memsmic1-main (1)/x-cube-memsmic1-main/Projects/STM32L4R9ZI-STWIN/Demonstration/Microphones_Streaming/Src/audio_application.c" -mcpu=cortex-m4 -std=gnu11 -g3 -DUSE_HAL_DRIVER -DSTM32L4R9xx -DUSE_USB_FS -DARM_MATH_CM4 -c -I../../../Inc -I../../../../../../../Drivers/CMSIS/Device/ST/STM32L4xx/Include -I../../../../../../../Drivers/STM32L4xx_HAL_Driver/Inc -I../../../../../../../Middlewares/ST/STM32_USB_Device_Library/Class/AUDIO/Inc -I../../../../../../../Middlewares/ST/STM32_USB_Device_Library/Core/Inc -I../../../../../../../Drivers/CMSIS/Include -I../../../../../../../Drivers/CMSIS/DSP/Include -I../../../../../../../Drivers/BSP/STWIN -I../../../../../../../Drivers/BSP/Components/Common -I"C:/Users/angel/STM32CubeIDE/STWINKOG/x-cube-memsmic1-main (1)/x-cube-memsmic1-main/Drivers/STM32L4xx_HAL_Driver/Inc" -O0 -ffunction-sections -Wall -fstack-usage -fcyclomatic-complexity -MMD -MP -MF"Application/User/audio_application.d" -MT"Application/User/audio_application.o" --specs=nano.specs -mfpu=fpv4-sp-d16 -mfloat-abi=softfp -mthumb -o "Application/User/audio_application.o"
arm-none-eabi-gcc "C:/Users/angel/STM32CubeIDE/STWINK2/x-cube-memsmic1-main (1)/x-cube-memsmic1-main/Projects/STM32L4R9ZI-STWIN/Demonstration/Microphones_Streaming/Src/main.c" -mcpu=cortex-m4 -std=gnu11 -g3 -DUSE_HAL_DRIVER -DSTM32L4R9xx -DUSE_USB_FS -DARM_MATH_CM4 -c -I../../../Inc -I../../../../../../../Drivers/CMSIS/Device/ST/STM32L4xx/Include -I../../../../../../../Drivers/STM32L4xx_HAL_Driver/Inc -I../../../../../../../Middlewares/ST/STM32_USB_Device_Library/Class/AUDIO/Inc -I../../../../../../../Middlewares/ST/STM32_USB_Device_Library/Core/Inc -I../../../../../../../Drivers/CMSIS/Include -I../../../../../../../Drivers/CMSIS/DSP/Include -I../../../../../../../Drivers/BSP/STWIN -I../../../../../../../Drivers/BSP/Components/Common -I"C:/Users/angel/STM32CubeIDE/STWINKOG/x-cube-memsmic1-main (1)/x-cube-memsmic1-main/Drivers/STM32L4xx_HAL_Driver/Inc" -O0 -ffunction-sections -Wall -fstack-usage -fcyclomatic-complexity -MMD -MP -MF"Application/User/main.d" -MT"Application/User/main.o" --specs=nano.specs -mfpu=fpv4-sp-d16 -mfloat-abi=softfp -mthumb -o "Application/User/main.o"
arm-none-eabi-gcc -o "OnBoardMics.elf" @"objects.list"  -l:libarm_cortexM4l_math.a -larm_cortexM4l_math -mcpu=cortex-m4 -T"../STM32L4R9ZITx_FLASH.ld" --specs=nosys.specs -Wl,-Map="OnBoardMics.map" -Wl,--gc-sections -static -L../../../../../../../Drivers/CMSIS/DSP/Lib/GCC --specs=nano.specs -mfpu=fpv4-sp-d16 -mfloat-abi=softfp -mthumb -Wl,--start-group -lc -lm -Wl,--end-group
Finished building target: OnBoardMics.elf
 
arm-none-eabi-size   OnBoardMics.elf 
arm-none-eabi-objdump -h -S  OnBoardMics.elf  > "OnBoardMics.list"
arm-none-eabi-objcopy  -O binary  OnBoardMics.elf  "OnBoardMics.bin"
   text	   data	    bss	    dec	    hex	filename
 131848	    280	  87304	 219432	  35928	OnBoardMics.elf
Finished building: default.size.stdout
 
Finished building: OnBoardMics.bin
 
Finished building: OnBoardMics.list
 
13:13:46 **** Incremental Build of configuration Debug for project OnBoardMics ****
make -j16 all 
arm-none-eabi-size   OnBoardMics.elf 
   text	   data	    bss	    dec	    hex	filename
 131848	    280	  87304	 219432	  35928	OnBoardMics.elf
Finished building: default.size.stdout
 
